[2022-05-11 21:01:17.598] [info] Storage: read data file = Run_3_cycle1_states.sto (nr=1757 nc=259)
[2022-05-11 21:01:18.111] [info] Storage: read data file = Run_3_cycle1_states.sto (nr=1757 nc=259)
[2022-05-11 21:01:18.616] [info] AbstractTool Run_3_cycle1 loading model Run_3_cycle1_model.osim
[2022-05-11 21:01:18.697] [info] Updating Model file from 20302 to latest format...
[2022-05-11 21:01:18.791] [info] Loaded model modelModified from file Run_3_cycle1_model.osim
[2022-05-11 21:01:19.396] [info] ControllerSet 'Controllers' was renamed and is being reset to 'controllerset'.
[2022-05-11 21:01:19.459] [info] ExternalLoads 'ExternalLoads' was renamed and is being reset to 'externalloads'.
[2022-05-11 21:01:19.518] [info] Old version storage/motion file encountered
[2022-05-11 21:01:19.518] [info] Storage: read data file = Run_3_cycle1_grf.mot (nr=5081 nc=19)
[2022-05-11 21:01:19.518] [info] .. assuming rotations in Degrees..
[2022-05-11 21:01:19.603] [info] ExternalForce::RightFoot_ExternalForce Data source being set to Run_300 01_newCOP3_v24.mot
[2022-05-11 21:01:19.603] [info] ExternalForce::LeftFoot_ExternalForce Data source being set to Run_300 01_newCOP3_v24.mot
[2022-05-11 21:01:19.614] [info] Loading states from file 'Run_3_cycle1_states.sto'.
[2022-05-11 21:01:19.614] [info] Storage: read data file = Run_3_cycle1_states.sto (nr=1757 nc=259)
[2022-05-11 21:01:20.099] [info] Found 1757 state vectors with time stamps ranging from 0.19458 to 0.82858.
[2022-05-11 21:01:20.099] [info] Executing the analyses from 0.19458 to 0.82858...
[2022-05-11 21:01:25.238] [info] Printing results of investigation Run_3_cycle1 to ./
[2022-06-03 13:03:36.418] [info] Storage: read data file = Run_3_cycle1_states.sto (nr=1757 nc=259)
[2022-06-03 13:03:36.901] [info] Storage: read data file = Run_3_cycle1_states.sto (nr=1757 nc=259)
[2022-06-03 13:03:37.398] [info] AbstractTool Run_3_cycle1 loading model Run_3_cycle1_model.osim
[2022-06-03 13:03:37.484] [info] Updating Model file from 20302 to latest format...
[2022-06-03 13:03:37.590] [info] Loaded model modelModified from file Run_3_cycle1_model.osim
[2022-06-03 13:03:38.300] [info] ControllerSet 'Controllers' was renamed and is being reset to 'controllerset'.
[2022-06-03 13:03:38.374] [info] ExternalLoads 'ExternalLoads' was renamed and is being reset to 'externalloads'.
[2022-06-03 13:03:38.440] [info] Old version storage/motion file encountered
[2022-06-03 13:03:38.440] [info] Storage: read data file = Run_3_cycle1_grf.mot (nr=5081 nc=19)
[2022-06-03 13:03:38.440] [info] .. assuming rotations in Degrees..
[2022-06-03 13:03:38.524] [info] ExternalForce::RightFoot_ExternalForce Data source being set to Run_300 01_newCOP3_v24.mot
[2022-06-03 13:03:38.524] [info] ExternalForce::LeftFoot_ExternalForce Data source being set to Run_300 01_newCOP3_v24.mot
[2022-06-03 13:03:38.535] [info] Loading states from file 'Run_3_cycle1_states.sto'.
[2022-06-03 13:03:38.535] [info] Storage: read data file = Run_3_cycle1_states.sto (nr=1757 nc=259)
[2022-06-03 13:03:38.986] [info] Found 1757 state vectors with time stamps ranging from 0.19458 to 0.82858.
[2022-06-03 13:03:38.986] [info] Executing the analyses from 0.19458 to 0.82858...
[2022-06-03 13:03:44.694] [info] Printing results of investigation Run_3_cycle1 to ./
