[2022-05-11 20:50:33.168] [info] Storage: read data file = Run_3_cycle3_states.sto (nr=1545 nc=259)
[2022-05-11 20:50:33.456] [info] Storage: read data file = Run_3_cycle3_states.sto (nr=1545 nc=259)
[2022-05-11 20:50:33.746] [info] AbstractTool Run_3_cycle3 loading model Run_3_cycle3_model.osim
[2022-05-11 20:50:33.799] [info] Updating Model file from 20302 to latest format...
[2022-05-11 20:50:33.870] [info] Loaded model modelModified from file Run_3_cycle3_model.osim
[2022-05-11 20:50:33.883] [info] ControllerSet 'Controllers' was renamed and is being reset to 'controllerset'.
[2022-05-11 20:50:33.933] [info] ExternalLoads 'ExternalLoads' was renamed and is being reset to 'externalloads'.
[2022-05-11 20:50:33.975] [info] Old version storage/motion file encountered
[2022-05-11 20:50:33.975] [info] Storage: read data file = Run_3_cycle3_grf.mot (nr=4741 nc=19)
[2022-05-11 20:50:33.975] [info] .. assuming rotations in Degrees..
[2022-05-11 20:50:34.033] [info] ExternalForce::RightFoot_ExternalForce Data source being set to Run_300 02_newCOP3_v24.mot
[2022-05-11 20:50:34.033] [info] ExternalForce::LeftFoot_ExternalForce Data source being set to Run_300 02_newCOP3_v24.mot
[2022-05-11 20:50:34.041] [info] Loading states from file 'Run_3_cycle3_states.sto'.
[2022-05-11 20:50:34.042] [info] Storage: read data file = Run_3_cycle3_states.sto (nr=1545 nc=259)
[2022-05-11 20:50:34.344] [info] Found 1545 state vectors with time stamps ranging from 1.984 to 2.663.
[2022-05-11 20:50:34.345] [info] Executing the analyses from 1.984 to 2.663...
[2022-05-11 20:50:38.262] [info] Printing results of investigation Run_3_cycle3 to ./
[2022-06-03 12:39:29.981] [info] Storage: read data file = Run_3_cycle3_states.sto (nr=1545 nc=259)
[2022-06-03 12:39:30.329] [info] Storage: read data file = Run_3_cycle3_states.sto (nr=1545 nc=259)
[2022-06-03 12:39:30.697] [info] AbstractTool Run_3_cycle3 loading model Run_3_cycle3_model.osim
[2022-06-03 12:39:30.767] [info] Updating Model file from 20302 to latest format...
[2022-06-03 12:39:30.845] [info] Loaded model modelModified from file Run_3_cycle3_model.osim
[2022-06-03 12:39:30.866] [info] ControllerSet 'Controllers' was renamed and is being reset to 'controllerset'.
[2022-06-03 12:39:30.936] [info] ExternalLoads 'ExternalLoads' was renamed and is being reset to 'externalloads'.
[2022-06-03 12:39:30.994] [info] Old version storage/motion file encountered
[2022-06-03 12:39:30.995] [info] Storage: read data file = Run_3_cycle3_grf.mot (nr=4741 nc=19)
[2022-06-03 12:39:30.995] [info] .. assuming rotations in Degrees..
[2022-06-03 12:39:31.059] [info] ExternalForce::RightFoot_ExternalForce Data source being set to Run_300 02_newCOP3_v24.mot
[2022-06-03 12:39:31.059] [info] ExternalForce::LeftFoot_ExternalForce Data source being set to Run_300 02_newCOP3_v24.mot
[2022-06-03 12:39:31.068] [info] Loading states from file 'Run_3_cycle3_states.sto'.
[2022-06-03 12:39:31.068] [info] Storage: read data file = Run_3_cycle3_states.sto (nr=1545 nc=259)
[2022-06-03 12:39:31.389] [info] Found 1545 state vectors with time stamps ranging from 1.984 to 2.663.
[2022-06-03 12:39:31.389] [info] Executing the analyses from 1.984 to 2.663...
[2022-06-03 12:39:35.211] [info] Printing results of investigation Run_3_cycle3 to ./
