[2022-05-11 20:55:40.295] [info] Storage: read data file = Run_4_cycle2_states.sto (nr=1697 nc=259)
[2022-05-11 20:55:40.710] [info] Storage: read data file = Run_4_cycle2_states.sto (nr=1697 nc=259)
[2022-05-11 20:55:41.123] [info] AbstractTool Run_4_cycle2 loading model Run_4_cycle2_model.osim
[2022-05-11 20:55:41.167] [info] Updating Model file from 20302 to latest format...
[2022-05-11 20:55:41.253] [info] Loaded model modelModified from file Run_4_cycle2_model.osim
[2022-05-11 20:55:41.273] [info] ControllerSet 'Controllers' was renamed and is being reset to 'controllerset'.
[2022-05-11 20:55:41.333] [info] ExternalLoads 'ExternalLoads' was renamed and is being reset to 'externalloads'.
[2022-05-11 20:55:41.381] [info] Old version storage/motion file encountered
[2022-05-11 20:55:41.381] [info] Storage: read data file = Run_4_cycle2_grf.mot (nr=5401 nc=19)
[2022-05-11 20:55:41.381] [info] .. assuming rotations in Degrees..
[2022-05-11 20:55:41.466] [info] ExternalForce::RightFoot_ExternalForce Data source being set to Run_400 02_newCOP3_v24.mot
[2022-05-11 20:55:41.467] [info] ExternalForce::LeftFoot_ExternalForce Data source being set to Run_400 02_newCOP3_v24.mot
[2022-05-11 20:55:41.477] [info] Loading states from file 'Run_4_cycle2_states.sto'.
[2022-05-11 20:55:41.477] [info] Storage: read data file = Run_4_cycle2_states.sto (nr=1697 nc=259)
[2022-05-11 20:55:41.877] [info] Found 1697 state vectors with time stamps ranging from 0.865 to 1.479.
[2022-05-11 20:55:41.877] [info] Executing the analyses from 0.865 to 1.479...
[2022-05-11 20:55:47.037] [info] Printing results of investigation Run_4_cycle2 to ./
[2022-06-03 12:50:53.743] [info] Storage: read data file = Run_4_cycle2_states.sto (nr=1697 nc=259)
[2022-06-03 12:50:54.260] [info] Storage: read data file = Run_4_cycle2_states.sto (nr=1697 nc=259)
[2022-06-03 12:50:54.816] [info] AbstractTool Run_4_cycle2 loading model Run_4_cycle2_model.osim
[2022-06-03 12:50:54.919] [info] Updating Model file from 20302 to latest format...
[2022-06-03 12:50:55.024] [info] Loaded model modelModified from file Run_4_cycle2_model.osim
[2022-06-03 12:50:55.351] [info] ControllerSet 'Controllers' was renamed and is being reset to 'controllerset'.
[2022-06-03 12:50:55.443] [info] ExternalLoads 'ExternalLoads' was renamed and is being reset to 'externalloads'.
[2022-06-03 12:50:55.526] [info] Old version storage/motion file encountered
[2022-06-03 12:50:55.526] [info] Storage: read data file = Run_4_cycle2_grf.mot (nr=5401 nc=19)
[2022-06-03 12:50:55.526] [info] .. assuming rotations in Degrees..
[2022-06-03 12:50:55.645] [info] ExternalForce::RightFoot_ExternalForce Data source being set to Run_400 02_newCOP3_v24.mot
[2022-06-03 12:50:55.645] [info] ExternalForce::LeftFoot_ExternalForce Data source being set to Run_400 02_newCOP3_v24.mot
[2022-06-03 12:50:55.658] [info] Loading states from file 'Run_4_cycle2_states.sto'.
[2022-06-03 12:50:55.659] [info] Storage: read data file = Run_4_cycle2_states.sto (nr=1697 nc=259)
[2022-06-03 12:50:56.210] [info] Found 1697 state vectors with time stamps ranging from 0.865 to 1.479.
[2022-06-03 12:50:56.210] [info] Executing the analyses from 0.865 to 1.479...
[2022-06-03 12:51:04.004] [info] Printing results of investigation Run_4_cycle2 to ./
