[2022-05-11 20:58:53.575] [info] Storage: read data file = Run_4_cycle1_states.sto (nr=2728 nc=259)
[2022-05-11 20:58:54.145] [info] Storage: read data file = Run_4_cycle1_states.sto (nr=2728 nc=259)
[2022-05-11 20:58:54.741] [info] AbstractTool Run_4_cycle1 loading model Run_4_cycle1_model.osim
[2022-05-11 20:58:54.811] [info] Updating Model file from 20302 to latest format...
[2022-05-11 20:58:54.900] [info] Loaded model modelModified from file Run_4_cycle1_model.osim
[2022-05-11 20:58:55.475] [info] ControllerSet 'Controllers' was renamed and is being reset to 'controllerset'.
[2022-05-11 20:58:55.534] [info] ExternalLoads 'ExternalLoads' was renamed and is being reset to 'externalloads'.
[2022-05-11 20:58:55.580] [info] Old version storage/motion file encountered
[2022-05-11 20:58:55.580] [info] Storage: read data file = Run_4_cycle1_grf.mot (nr=5185 nc=19)
[2022-05-11 20:58:55.580] [info] .. assuming rotations in Degrees..
[2022-05-11 20:58:55.648] [info] ExternalForce::RightFoot_ExternalForce Data source being set to Run_400 01_newCOP3_v24.mot
[2022-05-11 20:58:55.648] [info] ExternalForce::LeftFoot_ExternalForce Data source being set to Run_400 01_newCOP3_v24.mot
[2022-05-11 20:58:55.657] [info] Loading states from file 'Run_4_cycle1_states.sto'.
[2022-05-11 20:58:55.657] [info] Storage: read data file = Run_4_cycle1_states.sto (nr=2728 nc=259)
[2022-05-11 20:58:56.251] [info] Found 2728 state vectors with time stamps ranging from 0.3675 to 1.0255.
[2022-05-11 20:58:56.251] [info] Executing the analyses from 0.3675 to 1.0255...
[2022-05-11 20:59:02.982] [info] Printing results of investigation Run_4_cycle1 to ./
[2022-06-03 12:58:58.056] [info] Storage: read data file = Run_4_cycle1_states.sto (nr=2728 nc=259)
[2022-06-03 12:58:58.828] [info] Storage: read data file = Run_4_cycle1_states.sto (nr=2728 nc=259)
[2022-06-03 12:58:59.584] [info] AbstractTool Run_4_cycle1 loading model Run_4_cycle1_model.osim
[2022-06-03 12:58:59.668] [info] Updating Model file from 20302 to latest format...
[2022-06-03 12:58:59.770] [info] Loaded model modelModified from file Run_4_cycle1_model.osim
[2022-06-03 12:59:00.485] [info] ControllerSet 'Controllers' was renamed and is being reset to 'controllerset'.
[2022-06-03 12:59:00.561] [info] ExternalLoads 'ExternalLoads' was renamed and is being reset to 'externalloads'.
[2022-06-03 12:59:00.754] [info] Old version storage/motion file encountered
[2022-06-03 12:59:00.754] [info] Storage: read data file = Run_4_cycle1_grf.mot (nr=5185 nc=19)
[2022-06-03 12:59:00.755] [info] .. assuming rotations in Degrees..
[2022-06-03 12:59:00.841] [info] ExternalForce::RightFoot_ExternalForce Data source being set to Run_400 01_newCOP3_v24.mot
[2022-06-03 12:59:00.841] [info] ExternalForce::LeftFoot_ExternalForce Data source being set to Run_400 01_newCOP3_v24.mot
[2022-06-03 12:59:00.852] [info] Loading states from file 'Run_4_cycle1_states.sto'.
[2022-06-03 12:59:00.853] [info] Storage: read data file = Run_4_cycle1_states.sto (nr=2728 nc=259)
[2022-06-03 12:59:01.554] [info] Found 2728 state vectors with time stamps ranging from 0.3675 to 1.0255.
[2022-06-03 12:59:01.554] [info] Executing the analyses from 0.3675 to 1.0255...
[2022-06-03 12:59:11.067] [info] Printing results of investigation Run_4_cycle1 to ./
