[2022-05-11 21:00:04.857] [info] Storage: read data file = Run_3_cycle2_states.sto (nr=1713 nc=259)
[2022-05-11 21:00:05.303] [info] Storage: read data file = Run_3_cycle2_states.sto (nr=1713 nc=259)
[2022-05-11 21:00:05.758] [info] AbstractTool Run_3_cycle2 loading model Run_3_cycle2_model.osim
[2022-05-11 21:00:05.839] [info] Updating Model file from 20302 to latest format...
[2022-05-11 21:00:05.936] [info] Loaded model modelModified from file Run_3_cycle2_model.osim
[2022-05-11 21:00:06.482] [info] ControllerSet 'Controllers' was renamed and is being reset to 'controllerset'.
[2022-05-11 21:00:06.553] [info] ExternalLoads 'ExternalLoads' was renamed and is being reset to 'externalloads'.
[2022-05-11 21:00:06.624] [info] Old version storage/motion file encountered
[2022-05-11 21:00:06.624] [info] Storage: read data file = Run_3_cycle2_grf.mot (nr=4961 nc=19)
[2022-05-11 21:00:06.624] [info] .. assuming rotations in Degrees..
[2022-05-11 21:00:06.721] [info] ExternalForce::RightFoot_ExternalForce Data source being set to Run_300 01_newCOP3_v24.mot
[2022-05-11 21:00:06.721] [info] ExternalForce::LeftFoot_ExternalForce Data source being set to Run_300 01_newCOP3_v24.mot
[2022-05-11 21:00:06.736] [info] Loading states from file 'Run_3_cycle2_states.sto'.
[2022-05-11 21:00:06.736] [info] Storage: read data file = Run_3_cycle2_states.sto (nr=1713 nc=259)
[2022-05-11 21:00:07.261] [info] Found 1713 state vectors with time stamps ranging from 0.903960 to 1.59396.
[2022-05-11 21:00:07.261] [info] Executing the analyses from 0.903960 to 1.59396...
[2022-05-11 21:00:12.784] [info] Printing results of investigation Run_3_cycle2 to ./
[2022-06-03 13:01:20.634] [info] Storage: read data file = Run_3_cycle2_states.sto (nr=1713 nc=259)
[2022-06-03 13:01:21.123] [info] Storage: read data file = Run_3_cycle2_states.sto (nr=1713 nc=259)
[2022-06-03 13:01:21.620] [info] AbstractTool Run_3_cycle2 loading model Run_3_cycle2_model.osim
[2022-06-03 13:01:21.705] [info] Updating Model file from 20302 to latest format...
[2022-06-03 13:01:21.801] [info] Loaded model modelModified from file Run_3_cycle2_model.osim
[2022-06-03 13:01:22.031] [info] ControllerSet 'Controllers' was renamed and is being reset to 'controllerset'.
[2022-06-03 13:01:22.135] [info] ExternalLoads 'ExternalLoads' was renamed and is being reset to 'externalloads'.
[2022-06-03 13:01:22.219] [info] Old version storage/motion file encountered
[2022-06-03 13:01:22.219] [info] Storage: read data file = Run_3_cycle2_grf.mot (nr=4961 nc=19)
[2022-06-03 13:01:22.219] [info] .. assuming rotations in Degrees..
[2022-06-03 13:01:22.304] [info] ExternalForce::RightFoot_ExternalForce Data source being set to Run_300 01_newCOP3_v24.mot
[2022-06-03 13:01:22.304] [info] ExternalForce::LeftFoot_ExternalForce Data source being set to Run_300 01_newCOP3_v24.mot
[2022-06-03 13:01:22.316] [info] Loading states from file 'Run_3_cycle2_states.sto'.
[2022-06-03 13:01:22.316] [info] Storage: read data file = Run_3_cycle2_states.sto (nr=1713 nc=259)
[2022-06-03 13:01:22.785] [info] Found 1713 state vectors with time stamps ranging from 0.903960 to 1.59396.
[2022-06-03 13:01:22.785] [info] Executing the analyses from 0.903960 to 1.59396...
[2022-06-03 13:01:28.453] [info] Printing results of investigation Run_3_cycle2 to ./
