[2022-05-11 20:52:05.147] [info] Storage: read data file = Run_4_cycle2_states.sto (nr=2197 nc=259)
[2022-05-11 20:52:05.660] [info] Storage: read data file = Run_4_cycle2_states.sto (nr=2197 nc=259)
[2022-05-11 20:52:06.172] [info] AbstractTool Run_4_cycle2 loading model Run_4_cycle2_model.osim
[2022-05-11 20:52:06.235] [info] Updating Model file from 20302 to latest format...
[2022-05-11 20:52:06.321] [info] Loaded model modelModified from file Run_4_cycle2_model.osim
[2022-05-11 20:52:06.338] [info] ControllerSet 'Controllers' was renamed and is being reset to 'controllerset'.
[2022-05-11 20:52:06.402] [info] ExternalLoads 'ExternalLoads' was renamed and is being reset to 'externalloads'.
[2022-05-11 20:52:06.452] [info] Old version storage/motion file encountered
[2022-05-11 20:52:06.452] [info] Storage: read data file = Run_4_cycle2_grf.mot (nr=3793 nc=19)
[2022-05-11 20:52:06.452] [info] .. assuming rotations in Degrees..
[2022-05-11 20:52:06.514] [info] ExternalForce::RightFoot_ExternalForce Data source being set to Run_400 05_newCOP3_v24.mot
[2022-05-11 20:52:06.515] [info] ExternalForce::LeftFoot_ExternalForce Data source being set to Run_400 05_newCOP3_v24.mot
[2022-05-11 20:52:06.524] [info] Loading states from file 'Run_4_cycle2_states.sto'.
[2022-05-11 20:52:06.524] [info] Storage: read data file = Run_4_cycle2_states.sto (nr=2197 nc=259)
[2022-05-11 20:52:07.119] [info] Found 2197 state vectors with time stamps ranging from 0.8425 to 1.5115.
[2022-05-11 20:52:07.119] [info] Executing the analyses from 0.8425 to 1.5115...
[2022-05-11 20:52:13.413] [info] Printing results of investigation Run_4_cycle2 to ./
[2022-06-03 12:41:39.052] [info] Storage: read data file = Run_4_cycle2_states.sto (nr=2197 nc=259)
[2022-06-03 12:41:39.552] [info] Storage: read data file = Run_4_cycle2_states.sto (nr=2197 nc=259)
[2022-06-03 12:41:40.057] [info] AbstractTool Run_4_cycle2 loading model Run_4_cycle2_model.osim
[2022-06-03 12:41:40.131] [info] Updating Model file from 20302 to latest format...
[2022-06-03 12:41:40.215] [info] Loaded model modelModified from file Run_4_cycle2_model.osim
[2022-06-03 12:41:40.237] [info] ControllerSet 'Controllers' was renamed and is being reset to 'controllerset'.
[2022-06-03 12:41:40.311] [info] ExternalLoads 'ExternalLoads' was renamed and is being reset to 'externalloads'.
[2022-06-03 12:41:40.375] [info] Old version storage/motion file encountered
[2022-06-03 12:41:40.375] [info] Storage: read data file = Run_4_cycle2_grf.mot (nr=3793 nc=19)
[2022-06-03 12:41:40.375] [info] .. assuming rotations in Degrees..
[2022-06-03 12:41:40.431] [info] ExternalForce::RightFoot_ExternalForce Data source being set to Run_400 05_newCOP3_v24.mot
[2022-06-03 12:41:40.431] [info] ExternalForce::LeftFoot_ExternalForce Data source being set to Run_400 05_newCOP3_v24.mot
[2022-06-03 12:41:40.439] [info] Loading states from file 'Run_4_cycle2_states.sto'.
[2022-06-03 12:41:40.440] [info] Storage: read data file = Run_4_cycle2_states.sto (nr=2197 nc=259)
[2022-06-03 12:41:40.949] [info] Found 2197 state vectors with time stamps ranging from 0.8425 to 1.5115.
[2022-06-03 12:41:40.949] [info] Executing the analyses from 0.8425 to 1.5115...
[2022-06-03 12:41:46.564] [info] Printing results of investigation Run_4_cycle2 to ./
