[2022-05-11 20:54:08.172] [info] Storage: read data file = Run_3_cycle2_states.sto (nr=1725 nc=259)
[2022-05-11 20:54:08.522] [info] Storage: read data file = Run_3_cycle2_states.sto (nr=1725 nc=259)
[2022-05-11 20:54:08.882] [info] AbstractTool Run_3_cycle2 loading model Run_3_cycle2_model.osim
[2022-05-11 20:54:08.938] [info] Updating Model file from 20302 to latest format...
[2022-05-11 20:54:09.011] [info] Loaded model modelModified from file Run_3_cycle2_model.osim
[2022-05-11 20:54:09.026] [info] ControllerSet 'Controllers' was renamed and is being reset to 'controllerset'.
[2022-05-11 20:54:09.080] [info] ExternalLoads 'ExternalLoads' was renamed and is being reset to 'externalloads'.
[2022-05-11 20:54:09.124] [info] Old version storage/motion file encountered
[2022-05-11 20:54:09.124] [info] Storage: read data file = Run_3_cycle2_grf.mot (nr=11621 nc=19)
[2022-05-11 20:54:09.124] [info] .. assuming rotations in Degrees..
[2022-05-11 20:54:09.282] [info] ExternalForce::RightFoot_ExternalForce Data source being set to Run_300 02_newCOP3_v24.mot
[2022-05-11 20:54:09.282] [info] ExternalForce::LeftFoot_ExternalForce Data source being set to Run_300 02_newCOP3_v24.mot
[2022-05-11 20:54:09.295] [info] Loading states from file 'Run_3_cycle2_states.sto'.
[2022-05-11 20:54:09.295] [info] Storage: read data file = Run_3_cycle2_states.sto (nr=1725 nc=259)
[2022-05-11 20:54:09.649] [info] Found 1725 state vectors with time stamps ranging from 1.393 to 2.068.
[2022-05-11 20:54:09.649] [info] Executing the analyses from 1.393 to 2.068...
[2022-05-11 20:54:14.771] [info] Printing results of investigation Run_3_cycle2 to ./
[2022-06-03 12:46:21.823] [info] Storage: read data file = Run_3_cycle2_states.sto (nr=1725 nc=259)
[2022-06-03 12:46:22.472] [info] Storage: read data file = Run_3_cycle2_states.sto (nr=1725 nc=259)
[2022-06-03 12:46:23.130] [info] AbstractTool Run_3_cycle2 loading model Run_3_cycle2_model.osim
[2022-06-03 12:46:23.238] [info] Updating Model file from 20302 to latest format...
[2022-06-03 12:46:23.398] [info] Loaded model modelModified from file Run_3_cycle2_model.osim
[2022-06-03 12:46:23.447] [info] ControllerSet 'Controllers' was renamed and is being reset to 'controllerset'.
[2022-06-03 12:46:23.567] [info] ExternalLoads 'ExternalLoads' was renamed and is being reset to 'externalloads'.
[2022-06-03 12:46:23.672] [info] Old version storage/motion file encountered
[2022-06-03 12:46:23.672] [info] Storage: read data file = Run_3_cycle2_grf.mot (nr=11621 nc=19)
[2022-06-03 12:46:23.672] [info] .. assuming rotations in Degrees..
[2022-06-03 12:46:23.954] [info] ExternalForce::RightFoot_ExternalForce Data source being set to Run_300 02_newCOP3_v24.mot
[2022-06-03 12:46:23.954] [info] ExternalForce::LeftFoot_ExternalForce Data source being set to Run_300 02_newCOP3_v24.mot
[2022-06-03 12:46:23.976] [info] Loading states from file 'Run_3_cycle2_states.sto'.
[2022-06-03 12:46:23.976] [info] Storage: read data file = Run_3_cycle2_states.sto (nr=1725 nc=259)
[2022-06-03 12:46:24.568] [info] Found 1725 state vectors with time stamps ranging from 1.393 to 2.068.
[2022-06-03 12:46:24.568] [info] Executing the analyses from 1.393 to 2.068...
[2022-06-03 12:46:35.293] [info] Printing results of investigation Run_3_cycle2 to ./
