[2022-05-11 20:59:03.257] [info] Storage: read data file = Run_4_cycle2_states.sto (nr=2560 nc=259)
[2022-05-11 20:59:03.798] [info] Storage: read data file = Run_4_cycle2_states.sto (nr=2560 nc=259)
[2022-05-11 20:59:04.335] [info] AbstractTool Run_4_cycle2 loading model Run_4_cycle2_model.osim
[2022-05-11 20:59:04.397] [info] Updating Model file from 20302 to latest format...
[2022-05-11 20:59:04.474] [info] Loaded model modelModified from file Run_4_cycle2_model.osim
[2022-05-11 20:59:05.005] [info] ControllerSet 'Controllers' was renamed and is being reset to 'controllerset'.
[2022-05-11 20:59:05.060] [info] ExternalLoads 'ExternalLoads' was renamed and is being reset to 'externalloads'.
[2022-05-11 20:59:05.105] [info] Old version storage/motion file encountered
[2022-05-11 20:59:05.105] [info] Storage: read data file = Run_4_cycle2_grf.mot (nr=5185 nc=19)
[2022-05-11 20:59:05.105] [info] .. assuming rotations in Degrees..
[2022-05-11 20:59:05.178] [info] ExternalForce::RightFoot_ExternalForce Data source being set to Run_400 01_newCOP3_v24.mot
[2022-05-11 20:59:05.178] [info] ExternalForce::LeftFoot_ExternalForce Data source being set to Run_400 01_newCOP3_v24.mot
[2022-05-11 20:59:05.190] [info] Loading states from file 'Run_4_cycle2_states.sto'.
[2022-05-11 20:59:05.191] [info] Storage: read data file = Run_4_cycle2_states.sto (nr=2560 nc=259)
[2022-05-11 20:59:05.682] [info] Found 2560 state vectors with time stamps ranging from 1.0665 to 1.7355.
[2022-05-11 20:59:05.682] [info] Executing the analyses from 1.0665 to 1.7355...
[2022-05-11 20:59:12.334] [info] Printing results of investigation Run_4_cycle2 to ./
[2022-06-03 12:59:19.537] [info] Storage: read data file = Run_4_cycle2_states.sto (nr=2560 nc=259)
[2022-06-03 12:59:20.262] [info] Storage: read data file = Run_4_cycle2_states.sto (nr=2560 nc=259)
[2022-06-03 12:59:20.984] [info] AbstractTool Run_4_cycle2 loading model Run_4_cycle2_model.osim
[2022-06-03 12:59:21.066] [info] Updating Model file from 20302 to latest format...
[2022-06-03 12:59:21.189] [info] Loaded model modelModified from file Run_4_cycle2_model.osim
[2022-06-03 12:59:21.215] [info] ControllerSet 'Controllers' was renamed and is being reset to 'controllerset'.
[2022-06-03 12:59:21.311] [info] ExternalLoads 'ExternalLoads' was renamed and is being reset to 'externalloads'.
[2022-06-03 12:59:21.388] [info] Old version storage/motion file encountered
[2022-06-03 12:59:21.388] [info] Storage: read data file = Run_4_cycle2_grf.mot (nr=5185 nc=19)
[2022-06-03 12:59:21.388] [info] .. assuming rotations in Degrees..
[2022-06-03 12:59:21.486] [info] ExternalForce::RightFoot_ExternalForce Data source being set to Run_400 01_newCOP3_v24.mot
[2022-06-03 12:59:21.486] [info] ExternalForce::LeftFoot_ExternalForce Data source being set to Run_400 01_newCOP3_v24.mot
[2022-06-03 12:59:21.497] [info] Loading states from file 'Run_4_cycle2_states.sto'.
[2022-06-03 12:59:21.498] [info] Storage: read data file = Run_4_cycle2_states.sto (nr=2560 nc=259)
[2022-06-03 12:59:22.206] [info] Found 2560 state vectors with time stamps ranging from 1.0665 to 1.7355.
[2022-06-03 12:59:22.206] [info] Executing the analyses from 1.0665 to 1.7355...
[2022-06-03 12:59:30.376] [info] Printing results of investigation Run_4_cycle2 to ./
