[2022-05-11 20:53:31.098] [info] Storage: read data file = Run_4_cycle3_states.sto (nr=1816 nc=259)
[2022-05-11 20:53:31.485] [info] Storage: read data file = Run_4_cycle3_states.sto (nr=1816 nc=259)
[2022-05-11 20:53:31.869] [info] AbstractTool Run_4_cycle3 loading model Run_4_cycle3_model.osim
[2022-05-11 20:53:31.933] [info] Updating Model file from 20302 to latest format...
[2022-05-11 20:53:32.009] [info] Loaded model modelModified from file Run_4_cycle3_model.osim
[2022-05-11 20:53:32.025] [info] ControllerSet 'Controllers' was renamed and is being reset to 'controllerset'.
[2022-05-11 20:53:32.081] [info] ExternalLoads 'ExternalLoads' was renamed and is being reset to 'externalloads'.
[2022-05-11 20:53:32.129] [info] Old version storage/motion file encountered
[2022-05-11 20:53:32.129] [info] Storage: read data file = Run_4_cycle3_grf.mot (nr=10781 nc=19)
[2022-05-11 20:53:32.129] [info] .. assuming rotations in Degrees..
[2022-05-11 20:53:32.276] [info] ExternalForce::RightFoot_ExternalForce Data source being set to Run_400 02_newCOP3_v24.mot
[2022-05-11 20:53:32.276] [info] ExternalForce::LeftFoot_ExternalForce Data source being set to Run_400 02_newCOP3_v24.mot
[2022-05-11 20:53:32.289] [info] Loading states from file 'Run_4_cycle3_states.sto'.
[2022-05-11 20:53:32.290] [info] Storage: read data file = Run_4_cycle3_states.sto (nr=1816 nc=259)
[2022-05-11 20:53:32.675] [info] Found 1816 state vectors with time stamps ranging from 1.4335 to 2.0495.
[2022-05-11 20:53:32.675] [info] Executing the analyses from 1.4335 to 2.0495...
[2022-05-11 20:53:39.362] [info] Printing results of investigation Run_4_cycle3 to ./
[2022-06-03 12:44:31.621] [info] Storage: read data file = Run_4_cycle3_states.sto (nr=1816 nc=259)
[2022-06-03 12:44:32.202] [info] Storage: read data file = Run_4_cycle3_states.sto (nr=1816 nc=259)
[2022-06-03 12:44:32.843] [info] AbstractTool Run_4_cycle3 loading model Run_4_cycle3_model.osim
[2022-06-03 12:44:32.947] [info] Updating Model file from 20302 to latest format...
[2022-06-03 12:44:33.105] [info] Loaded model modelModified from file Run_4_cycle3_model.osim
[2022-06-03 12:44:33.139] [info] ControllerSet 'Controllers' was renamed and is being reset to 'controllerset'.
[2022-06-03 12:44:33.246] [info] ExternalLoads 'ExternalLoads' was renamed and is being reset to 'externalloads'.
[2022-06-03 12:44:33.339] [info] Old version storage/motion file encountered
[2022-06-03 12:44:33.340] [info] Storage: read data file = Run_4_cycle3_grf.mot (nr=10781 nc=19)
[2022-06-03 12:44:33.340] [info] .. assuming rotations in Degrees..
[2022-06-03 12:44:33.633] [info] ExternalForce::RightFoot_ExternalForce Data source being set to Run_400 02_newCOP3_v24.mot
[2022-06-03 12:44:33.633] [info] ExternalForce::LeftFoot_ExternalForce Data source being set to Run_400 02_newCOP3_v24.mot
[2022-06-03 12:44:33.653] [info] Loading states from file 'Run_4_cycle3_states.sto'.
[2022-06-03 12:44:33.654] [info] Storage: read data file = Run_4_cycle3_states.sto (nr=1816 nc=259)
[2022-06-03 12:44:34.374] [info] Found 1816 state vectors with time stamps ranging from 1.4335 to 2.0495.
[2022-06-03 12:44:34.375] [info] Executing the analyses from 1.4335 to 2.0495...
[2022-06-03 12:44:44.092] [info] Printing results of investigation Run_4_cycle3 to ./
