[2022-05-11 20:51:38.154] [info] Storage: read data file = Run_3_cycle2_states.sto (nr=1877 nc=259)
[2022-05-11 20:51:39.007] [info] Storage: read data file = Run_3_cycle2_states.sto (nr=1877 nc=259)
[2022-05-11 20:51:39.714] [info] AbstractTool Run_3_cycle2 loading model Run_3_cycle2_model.osim
[2022-05-11 20:51:39.830] [info] Updating Model file from 20302 to latest format...
[2022-05-11 20:51:39.984] [info] Loaded model modelModified from file Run_3_cycle2_model.osim
[2022-05-11 20:51:40.015] [info] ControllerSet 'Controllers' was renamed and is being reset to 'controllerset'.
[2022-05-11 20:51:40.100] [info] ExternalLoads 'ExternalLoads' was renamed and is being reset to 'externalloads'.
[2022-05-11 20:51:40.166] [info] Old version storage/motion file encountered
[2022-05-11 20:51:40.166] [info] Storage: read data file = Run_3_cycle2_grf.mot (nr=4801 nc=19)
[2022-05-11 20:51:40.166] [info] .. assuming rotations in Degrees..
[2022-05-11 20:51:40.268] [info] ExternalForce::RightFoot_ExternalForce Data source being set to Run_300 02_newCOP3_v24.mot
[2022-05-11 20:51:40.268] [info] ExternalForce::LeftFoot_ExternalForce Data source being set to Run_300 02_newCOP3_v24.mot
[2022-05-11 20:51:40.281] [info] Loading states from file 'Run_3_cycle2_states.sto'.
[2022-05-11 20:51:40.281] [info] Storage: read data file = Run_3_cycle2_states.sto (nr=1877 nc=259)
[2022-05-11 20:51:40.888] [info] Found 1877 state vectors with time stamps ranging from 1.90190 to 2.60890.
[2022-05-11 20:51:40.888] [info] Executing the analyses from 1.90190 to 2.60890...
[2022-05-11 20:51:48.289] [info] Printing results of investigation Run_3_cycle2 to ./
[2022-06-03 12:41:00.461] [info] Storage: read data file = Run_3_cycle2_states.sto (nr=1877 nc=259)
[2022-06-03 12:41:00.917] [info] Storage: read data file = Run_3_cycle2_states.sto (nr=1877 nc=259)
[2022-06-03 12:41:01.363] [info] AbstractTool Run_3_cycle2 loading model Run_3_cycle2_model.osim
[2022-06-03 12:41:01.435] [info] Updating Model file from 20302 to latest format...
[2022-06-03 12:41:01.517] [info] Loaded model modelModified from file Run_3_cycle2_model.osim
[2022-06-03 12:41:01.539] [info] ControllerSet 'Controllers' was renamed and is being reset to 'controllerset'.
[2022-06-03 12:41:01.607] [info] ExternalLoads 'ExternalLoads' was renamed and is being reset to 'externalloads'.
[2022-06-03 12:41:01.672] [info] Old version storage/motion file encountered
[2022-06-03 12:41:01.672] [info] Storage: read data file = Run_3_cycle2_grf.mot (nr=4801 nc=19)
[2022-06-03 12:41:01.672] [info] .. assuming rotations in Degrees..
[2022-06-03 12:41:01.745] [info] ExternalForce::RightFoot_ExternalForce Data source being set to Run_300 02_newCOP3_v24.mot
[2022-06-03 12:41:01.745] [info] ExternalForce::LeftFoot_ExternalForce Data source being set to Run_300 02_newCOP3_v24.mot
[2022-06-03 12:41:01.754] [info] Loading states from file 'Run_3_cycle2_states.sto'.
[2022-06-03 12:41:01.754] [info] Storage: read data file = Run_3_cycle2_states.sto (nr=1877 nc=259)
[2022-06-03 12:41:02.184] [info] Found 1877 state vectors with time stamps ranging from 1.90190 to 2.60890.
[2022-06-03 12:41:02.185] [info] Executing the analyses from 1.90190 to 2.60890...
[2022-06-03 12:41:07.194] [info] Printing results of investigation Run_3_cycle2 to ./
