[2022-05-11 20:50:49.786] [info] Storage: read data file = Run_4_cycle3_states.sto (nr=1689 nc=259)
[2022-05-11 20:50:50.119] [info] Storage: read data file = Run_4_cycle3_states.sto (nr=1689 nc=259)
[2022-05-11 20:50:50.441] [info] AbstractTool Run_4_cycle3 loading model Run_4_cycle3_model.osim
[2022-05-11 20:50:50.494] [info] Updating Model file from 20302 to latest format...
[2022-05-11 20:50:50.565] [info] Loaded model modelModified from file Run_4_cycle3_model.osim
[2022-05-11 20:50:50.580] [info] ControllerSet 'Controllers' was renamed and is being reset to 'controllerset'.
[2022-05-11 20:50:50.630] [info] ExternalLoads 'ExternalLoads' was renamed and is being reset to 'externalloads'.
[2022-05-11 20:50:50.676] [info] Old version storage/motion file encountered
[2022-05-11 20:50:50.676] [info] Storage: read data file = Run_4_cycle3_grf.mot (nr=5091 nc=19)
[2022-05-11 20:50:50.676] [info] .. assuming rotations in Degrees..
[2022-05-11 20:50:50.743] [info] ExternalForce::RightFoot_ExternalForce Data source being set to Run_400 02_newCOP3_v24.mot
[2022-05-11 20:50:50.743] [info] ExternalForce::LeftFoot_ExternalForce Data source being set to Run_400 02_newCOP3_v24.mot
[2022-05-11 20:50:50.751] [info] Loading states from file 'Run_4_cycle3_states.sto'.
[2022-05-11 20:50:50.752] [info] Storage: read data file = Run_4_cycle3_states.sto (nr=1689 nc=259)
[2022-05-11 20:50:51.103] [info] Found 1689 state vectors with time stamps ranging from 2.254 to 2.899.
[2022-05-11 20:50:51.103] [info] Executing the analyses from 2.254 to 2.899...
[2022-05-11 20:50:56.547] [info] Printing results of investigation Run_4_cycle3 to ./
[2022-06-03 12:40:00.445] [info] Storage: read data file = Run_4_cycle3_states.sto (nr=1689 nc=259)
[2022-06-03 12:40:00.839] [info] Storage: read data file = Run_4_cycle3_states.sto (nr=1689 nc=259)
[2022-06-03 12:40:01.278] [info] AbstractTool Run_4_cycle3 loading model Run_4_cycle3_model.osim
[2022-06-03 12:40:01.353] [info] Updating Model file from 20302 to latest format...
[2022-06-03 12:40:01.441] [info] Loaded model modelModified from file Run_4_cycle3_model.osim
[2022-06-03 12:40:01.465] [info] ControllerSet 'Controllers' was renamed and is being reset to 'controllerset'.
[2022-06-03 12:40:01.539] [info] ExternalLoads 'ExternalLoads' was renamed and is being reset to 'externalloads'.
[2022-06-03 12:40:01.603] [info] Old version storage/motion file encountered
[2022-06-03 12:40:01.604] [info] Storage: read data file = Run_4_cycle3_grf.mot (nr=5091 nc=19)
[2022-06-03 12:40:01.604] [info] .. assuming rotations in Degrees..
[2022-06-03 12:40:01.682] [info] ExternalForce::RightFoot_ExternalForce Data source being set to Run_400 02_newCOP3_v24.mot
[2022-06-03 12:40:01.682] [info] ExternalForce::LeftFoot_ExternalForce Data source being set to Run_400 02_newCOP3_v24.mot
[2022-06-03 12:40:01.692] [info] Loading states from file 'Run_4_cycle3_states.sto'.
[2022-06-03 12:40:01.692] [info] Storage: read data file = Run_4_cycle3_states.sto (nr=1689 nc=259)
[2022-06-03 12:40:02.095] [info] Found 1689 state vectors with time stamps ranging from 2.254 to 2.899.
[2022-06-03 12:40:02.095] [info] Executing the analyses from 2.254 to 2.899...
[2022-06-03 12:40:06.822] [info] Printing results of investigation Run_4_cycle3 to ./
