[2022-05-11 20:52:52.380] [info] Storage: read data file = Run_3_cycle1_states.sto (nr=1621 nc=259)
[2022-05-11 20:52:52.798] [info] Storage: read data file = Run_3_cycle1_states.sto (nr=1621 nc=259)
[2022-05-11 20:52:53.216] [info] AbstractTool Run_3_cycle1 loading model Run_3_cycle1_model.osim
[2022-05-11 20:52:53.286] [info] Updating Model file from 20302 to latest format...
[2022-05-11 20:52:53.379] [info] Loaded model modelModified from file Run_3_cycle1_model.osim
[2022-05-11 20:52:53.398] [info] ControllerSet 'Controllers' was renamed and is being reset to 'controllerset'.
[2022-05-11 20:52:53.461] [info] ExternalLoads 'ExternalLoads' was renamed and is being reset to 'externalloads'.
[2022-05-11 20:52:53.517] [info] Old version storage/motion file encountered
[2022-05-11 20:52:53.517] [info] Storage: read data file = Run_3_cycle1_grf.mot (nr=11201 nc=19)
[2022-05-11 20:52:53.517] [info] .. assuming rotations in Degrees..
[2022-05-11 20:52:53.702] [info] ExternalForce::RightFoot_ExternalForce Data source being set to Run_300 02_newCOP3_v24.mot
[2022-05-11 20:52:53.702] [info] ExternalForce::LeftFoot_ExternalForce Data source being set to Run_300 02_newCOP3_v24.mot
[2022-05-11 20:52:53.718] [info] Loading states from file 'Run_3_cycle1_states.sto'.
[2022-05-11 20:52:53.718] [info] Storage: read data file = Run_3_cycle1_states.sto (nr=1621 nc=259)
[2022-05-11 20:52:54.138] [info] Found 1621 state vectors with time stamps ranging from 0.4855 to 1.1595.
[2022-05-11 20:52:54.138] [info] Executing the analyses from 0.4855 to 1.1595...
[2022-05-11 20:53:00.385] [info] Printing results of investigation Run_3_cycle1 to ./
[2022-06-03 12:42:54.998] [info] Storage: read data file = Run_3_cycle1_states.sto (nr=1621 nc=259)
[2022-06-03 12:42:55.366] [info] Storage: read data file = Run_3_cycle1_states.sto (nr=1621 nc=259)
[2022-06-03 12:42:55.747] [info] AbstractTool Run_3_cycle1 loading model Run_3_cycle1_model.osim
[2022-06-03 12:42:55.814] [info] Updating Model file from 20302 to latest format...
[2022-06-03 12:42:55.893] [info] Loaded model modelModified from file Run_3_cycle1_model.osim
[2022-06-03 12:42:55.914] [info] ControllerSet 'Controllers' was renamed and is being reset to 'controllerset'.
[2022-06-03 12:42:55.980] [info] ExternalLoads 'ExternalLoads' was renamed and is being reset to 'externalloads'.
[2022-06-03 12:42:56.041] [info] Old version storage/motion file encountered
[2022-06-03 12:42:56.041] [info] Storage: read data file = Run_3_cycle1_grf.mot (nr=11201 nc=19)
[2022-06-03 12:42:56.041] [info] .. assuming rotations in Degrees..
[2022-06-03 12:42:56.206] [info] ExternalForce::RightFoot_ExternalForce Data source being set to Run_300 02_newCOP3_v24.mot
[2022-06-03 12:42:56.206] [info] ExternalForce::LeftFoot_ExternalForce Data source being set to Run_300 02_newCOP3_v24.mot
[2022-06-03 12:42:56.220] [info] Loading states from file 'Run_3_cycle1_states.sto'.
[2022-06-03 12:42:56.220] [info] Storage: read data file = Run_3_cycle1_states.sto (nr=1621 nc=259)
[2022-06-03 12:42:56.597] [info] Found 1621 state vectors with time stamps ranging from 0.4855 to 1.1595.
[2022-06-03 12:42:56.598] [info] Executing the analyses from 0.4855 to 1.1595...
[2022-06-03 12:43:01.802] [info] Printing results of investigation Run_3_cycle1 to ./
