[2022-05-11 20:52:23.275] [info] Storage: read data file = Run_5_cycle1_states.sto (nr=2239 nc=259)
[2022-05-11 20:52:23.869] [info] Storage: read data file = Run_5_cycle1_states.sto (nr=2239 nc=259)
[2022-05-11 20:52:24.452] [info] AbstractTool Run_5_cycle1 loading model Run_5_cycle1_model.osim
[2022-05-11 20:52:24.501] [info] Updating Model file from 20302 to latest format...
[2022-05-11 20:52:24.594] [info] Loaded model modelModified from file Run_5_cycle1_model.osim
[2022-05-11 20:52:24.613] [info] ControllerSet 'Controllers' was renamed and is being reset to 'controllerset'.
[2022-05-11 20:52:24.678] [info] ExternalLoads 'ExternalLoads' was renamed and is being reset to 'externalloads'.
[2022-05-11 20:52:24.731] [info] Old version storage/motion file encountered
[2022-05-11 20:52:24.731] [info] Storage: read data file = Run_5_cycle1_grf.mot (nr=3593 nc=19)
[2022-05-11 20:52:24.731] [info] .. assuming rotations in Degrees..
[2022-05-11 20:52:24.793] [info] ExternalForce::RightFoot_ExternalForce Data source being set to Run_500 02_newCOP3_v24.mot
[2022-05-11 20:52:24.793] [info] ExternalForce::LeftFoot_ExternalForce Data source being set to Run_500 02_newCOP3_v24.mot
[2022-05-11 20:52:24.802] [info] Loading states from file 'Run_5_cycle1_states.sto'.
[2022-05-11 20:52:24.803] [info] Storage: read data file = Run_5_cycle1_states.sto (nr=2239 nc=259)
[2022-05-11 20:52:25.420] [info] Found 2239 state vectors with time stamps ranging from 0.1925 to 0.805500.
[2022-05-11 20:52:25.421] [info] Executing the analyses from 0.1925 to 0.805500...
[2022-05-11 20:52:32.466] [info] Printing results of investigation Run_5_cycle1 to ./
[2022-06-03 12:42:13.185] [info] Storage: read data file = Run_5_cycle1_states.sto (nr=2239 nc=259)
[2022-06-03 12:42:13.712] [info] Storage: read data file = Run_5_cycle1_states.sto (nr=2239 nc=259)
[2022-06-03 12:42:14.235] [info] AbstractTool Run_5_cycle1 loading model Run_5_cycle1_model.osim
[2022-06-03 12:42:14.304] [info] Updating Model file from 20302 to latest format...
[2022-06-03 12:42:14.387] [info] Loaded model modelModified from file Run_5_cycle1_model.osim
[2022-06-03 12:42:14.409] [info] ControllerSet 'Controllers' was renamed and is being reset to 'controllerset'.
[2022-06-03 12:42:14.476] [info] ExternalLoads 'ExternalLoads' was renamed and is being reset to 'externalloads'.
[2022-06-03 12:42:14.537] [info] Old version storage/motion file encountered
[2022-06-03 12:42:14.537] [info] Storage: read data file = Run_5_cycle1_grf.mot (nr=3593 nc=19)
[2022-06-03 12:42:14.537] [info] .. assuming rotations in Degrees..
[2022-06-03 12:42:14.590] [info] ExternalForce::RightFoot_ExternalForce Data source being set to Run_500 02_newCOP3_v24.mot
[2022-06-03 12:42:14.590] [info] ExternalForce::LeftFoot_ExternalForce Data source being set to Run_500 02_newCOP3_v24.mot
[2022-06-03 12:42:14.598] [info] Loading states from file 'Run_5_cycle1_states.sto'.
[2022-06-03 12:42:14.598] [info] Storage: read data file = Run_5_cycle1_states.sto (nr=2239 nc=259)
[2022-06-03 12:42:15.109] [info] Found 2239 state vectors with time stamps ranging from 0.1925 to 0.805500.
[2022-06-03 12:42:15.110] [info] Executing the analyses from 0.1925 to 0.805500...
[2022-06-03 12:42:20.832] [info] Printing results of investigation Run_5_cycle1 to ./
