[2022-05-11 20:53:53.705] [info] Storage: read data file = Run_5_cycle3_states.sto (nr=1874 nc=259)
[2022-05-11 20:53:54.089] [info] Storage: read data file = Run_5_cycle3_states.sto (nr=1874 nc=259)
[2022-05-11 20:53:54.508] [info] AbstractTool Run_5_cycle3 loading model Run_5_cycle3_model.osim
[2022-05-11 20:53:54.550] [info] Updating Model file from 20302 to latest format...
[2022-05-11 20:53:54.639] [info] Loaded model modelModified from file Run_5_cycle3_model.osim
[2022-05-11 20:53:54.657] [info] ControllerSet 'Controllers' was renamed and is being reset to 'controllerset'.
[2022-05-11 20:53:54.720] [info] ExternalLoads 'ExternalLoads' was renamed and is being reset to 'externalloads'.
[2022-05-11 20:53:54.772] [info] Old version storage/motion file encountered
[2022-05-11 20:53:54.772] [info] Storage: read data file = Run_5_cycle3_grf.mot (nr=7261 nc=19)
[2022-05-11 20:53:54.772] [info] .. assuming rotations in Degrees..
[2022-05-11 20:53:54.877] [info] ExternalForce::RightFoot_ExternalForce Data source being set to Run_500 03_newCOP3_v24.mot
[2022-05-11 20:53:54.877] [info] ExternalForce::LeftFoot_ExternalForce Data source being set to Run_500 03_newCOP3_v24.mot
[2022-05-11 20:53:54.887] [info] Loading states from file 'Run_5_cycle3_states.sto'.
[2022-05-11 20:53:54.887] [info] Storage: read data file = Run_5_cycle3_states.sto (nr=1874 nc=259)
[2022-05-11 20:53:55.344] [info] Found 1874 state vectors with time stamps ranging from 1.574 to 2.147.
[2022-05-11 20:53:55.345] [info] Executing the analyses from 1.574 to 2.147...
[2022-05-11 20:54:00.661] [info] Printing results of investigation Run_5_cycle3 to ./
[2022-06-03 12:45:37.227] [info] Storage: read data file = Run_5_cycle3_states.sto (nr=1874 nc=259)
[2022-06-03 12:45:37.807] [info] Storage: read data file = Run_5_cycle3_states.sto (nr=1874 nc=259)
[2022-06-03 12:45:38.461] [info] AbstractTool Run_5_cycle3 loading model Run_5_cycle3_model.osim
[2022-06-03 12:45:38.567] [info] Updating Model file from 20302 to latest format...
[2022-06-03 12:45:38.708] [info] Loaded model modelModified from file Run_5_cycle3_model.osim
[2022-06-03 12:45:38.745] [info] ControllerSet 'Controllers' was renamed and is being reset to 'controllerset'.
[2022-06-03 12:45:38.862] [info] ExternalLoads 'ExternalLoads' was renamed and is being reset to 'externalloads'.
[2022-06-03 12:45:38.965] [info] Old version storage/motion file encountered
[2022-06-03 12:45:38.965] [info] Storage: read data file = Run_5_cycle3_grf.mot (nr=7261 nc=19)
[2022-06-03 12:45:38.965] [info] .. assuming rotations in Degrees..
[2022-06-03 12:45:39.172] [info] ExternalForce::RightFoot_ExternalForce Data source being set to Run_500 03_newCOP3_v24.mot
[2022-06-03 12:45:39.172] [info] ExternalForce::LeftFoot_ExternalForce Data source being set to Run_500 03_newCOP3_v24.mot
[2022-06-03 12:45:39.189] [info] Loading states from file 'Run_5_cycle3_states.sto'.
[2022-06-03 12:45:39.189] [info] Storage: read data file = Run_5_cycle3_states.sto (nr=1874 nc=259)
[2022-06-03 12:45:39.925] [info] Found 1874 state vectors with time stamps ranging from 1.574 to 2.147.
[2022-06-03 12:45:39.925] [info] Executing the analyses from 1.574 to 2.147...
[2022-06-03 12:45:49.542] [info] Printing results of investigation Run_5_cycle3 to ./
