[2022-05-11 20:50:56.753] [info] Storage: read data file = Run_5_cycle1_states.sto (nr=1786 nc=259)
[2022-05-11 20:50:57.188] [info] Storage: read data file = Run_5_cycle1_states.sto (nr=1786 nc=259)
[2022-05-11 20:50:57.603] [info] AbstractTool Run_5_cycle1 loading model Run_5_cycle1_model.osim
[2022-05-11 20:50:57.665] [info] Updating Model file from 20302 to latest format...
[2022-05-11 20:50:57.746] [info] Loaded model modelModified from file Run_5_cycle1_model.osim
[2022-05-11 20:50:57.762] [info] ControllerSet 'Controllers' was renamed and is being reset to 'controllerset'.
[2022-05-11 20:50:57.818] [info] ExternalLoads 'ExternalLoads' was renamed and is being reset to 'externalloads'.
[2022-05-11 20:50:57.868] [info] Old version storage/motion file encountered
[2022-05-11 20:50:57.868] [info] Storage: read data file = Run_5_cycle1_grf.mot (nr=3921 nc=19)
[2022-05-11 20:50:57.868] [info] .. assuming rotations in Degrees..
[2022-05-11 20:50:57.923] [info] ExternalForce::RightFoot_ExternalForce Data source being set to Run_500 02_newCOP3_v24.mot
[2022-05-11 20:50:57.923] [info] ExternalForce::LeftFoot_ExternalForce Data source being set to Run_500 02_newCOP3_v24.mot
[2022-05-11 20:50:57.931] [info] Loading states from file 'Run_5_cycle1_states.sto'.
[2022-05-11 20:50:57.931] [info] Storage: read data file = Run_5_cycle1_states.sto (nr=1786 nc=259)
[2022-05-11 20:50:58.330] [info] Found 1786 state vectors with time stamps ranging from 0.579 to 1.132.
[2022-05-11 20:50:58.330] [info] Executing the analyses from 0.579 to 1.132...
[2022-05-11 20:51:04.294] [info] Printing results of investigation Run_5_cycle1 to ./
[2022-06-03 12:40:11.802] [info] Storage: read data file = Run_5_cycle1_states.sto (nr=1786 nc=259)
[2022-06-03 12:40:12.219] [info] Storage: read data file = Run_5_cycle1_states.sto (nr=1786 nc=259)
[2022-06-03 12:40:12.641] [info] AbstractTool Run_5_cycle1 loading model Run_5_cycle1_model.osim
[2022-06-03 12:40:12.713] [info] Updating Model file from 20302 to latest format...
[2022-06-03 12:40:12.797] [info] Loaded model modelModified from file Run_5_cycle1_model.osim
[2022-06-03 12:40:12.819] [info] ControllerSet 'Controllers' was renamed and is being reset to 'controllerset'.
[2022-06-03 12:40:12.893] [info] ExternalLoads 'ExternalLoads' was renamed and is being reset to 'externalloads'.
[2022-06-03 12:40:12.957] [info] Old version storage/motion file encountered
[2022-06-03 12:40:12.957] [info] Storage: read data file = Run_5_cycle1_grf.mot (nr=3921 nc=19)
[2022-06-03 12:40:12.957] [info] .. assuming rotations in Degrees..
[2022-06-03 12:40:13.016] [info] ExternalForce::RightFoot_ExternalForce Data source being set to Run_500 02_newCOP3_v24.mot
[2022-06-03 12:40:13.016] [info] ExternalForce::LeftFoot_ExternalForce Data source being set to Run_500 02_newCOP3_v24.mot
[2022-06-03 12:40:13.024] [info] Loading states from file 'Run_5_cycle1_states.sto'.
[2022-06-03 12:40:13.025] [info] Storage: read data file = Run_5_cycle1_states.sto (nr=1786 nc=259)
[2022-06-03 12:40:13.434] [info] Found 1786 state vectors with time stamps ranging from 0.579 to 1.132.
[2022-06-03 12:40:13.434] [info] Executing the analyses from 0.579 to 1.132...
[2022-06-03 12:40:18.103] [info] Printing results of investigation Run_5_cycle1 to ./
