[2022-05-11 20:53:00.615] [info] Storage: read data file = Run_3_cycle2_states.sto (nr=1689 nc=259)
[2022-05-11 20:53:01.049] [info] Storage: read data file = Run_3_cycle2_states.sto (nr=1689 nc=259)
[2022-05-11 20:53:01.481] [info] AbstractTool Run_3_cycle2 loading model Run_3_cycle2_model.osim
[2022-05-11 20:53:01.546] [info] Updating Model file from 20302 to latest format...
[2022-05-11 20:53:01.637] [info] Loaded model modelModified from file Run_3_cycle2_model.osim
[2022-05-11 20:53:01.656] [info] ControllerSet 'Controllers' was renamed and is being reset to 'controllerset'.
[2022-05-11 20:53:01.721] [info] ExternalLoads 'ExternalLoads' was renamed and is being reset to 'externalloads'.
[2022-05-11 20:53:01.772] [info] Old version storage/motion file encountered
[2022-05-11 20:53:01.772] [info] Storage: read data file = Run_3_cycle2_grf.mot (nr=11201 nc=19)
[2022-05-11 20:53:01.772] [info] .. assuming rotations in Degrees..
[2022-05-11 20:53:01.953] [info] ExternalForce::RightFoot_ExternalForce Data source being set to Run_300 02_newCOP3_v24.mot
[2022-05-11 20:53:01.953] [info] ExternalForce::LeftFoot_ExternalForce Data source being set to Run_300 02_newCOP3_v24.mot
[2022-05-11 20:53:01.969] [info] Loading states from file 'Run_3_cycle2_states.sto'.
[2022-05-11 20:53:01.969] [info] Storage: read data file = Run_3_cycle2_states.sto (nr=1689 nc=259)
[2022-05-11 20:53:02.400] [info] Found 1689 state vectors with time stamps ranging from 1.20050 to 1.8675.
[2022-05-11 20:53:02.400] [info] Executing the analyses from 1.20050 to 1.8675...
[2022-05-11 20:53:08.647] [info] Printing results of investigation Run_3_cycle2 to ./
[2022-06-03 12:43:07.254] [info] Storage: read data file = Run_3_cycle2_states.sto (nr=1689 nc=259)
[2022-06-03 12:43:07.638] [info] Storage: read data file = Run_3_cycle2_states.sto (nr=1689 nc=259)
[2022-06-03 12:43:08.031] [info] AbstractTool Run_3_cycle2 loading model Run_3_cycle2_model.osim
[2022-06-03 12:43:08.098] [info] Updating Model file from 20302 to latest format...
[2022-06-03 12:43:08.179] [info] Loaded model modelModified from file Run_3_cycle2_model.osim
[2022-06-03 12:43:08.202] [info] ControllerSet 'Controllers' was renamed and is being reset to 'controllerset'.
[2022-06-03 12:43:08.271] [info] ExternalLoads 'ExternalLoads' was renamed and is being reset to 'externalloads'.
[2022-06-03 12:43:08.335] [info] Old version storage/motion file encountered
[2022-06-03 12:43:08.335] [info] Storage: read data file = Run_3_cycle2_grf.mot (nr=11201 nc=19)
[2022-06-03 12:43:08.335] [info] .. assuming rotations in Degrees..
[2022-06-03 12:43:08.502] [info] ExternalForce::RightFoot_ExternalForce Data source being set to Run_300 02_newCOP3_v24.mot
[2022-06-03 12:43:08.502] [info] ExternalForce::LeftFoot_ExternalForce Data source being set to Run_300 02_newCOP3_v24.mot
[2022-06-03 12:43:08.516] [info] Loading states from file 'Run_3_cycle2_states.sto'.
[2022-06-03 12:43:08.516] [info] Storage: read data file = Run_3_cycle2_states.sto (nr=1689 nc=259)
[2022-06-03 12:43:08.914] [info] Found 1689 state vectors with time stamps ranging from 1.20050 to 1.8675.
[2022-06-03 12:43:08.915] [info] Executing the analyses from 1.20050 to 1.8675...
[2022-06-03 12:43:16.023] [info] Printing results of investigation Run_3_cycle2 to ./
