[2022-05-11 20:52:13.687] [info] Storage: read data file = Run_4_cycle3_states.sto (nr=2387 nc=259)
[2022-05-11 20:52:14.273] [info] Storage: read data file = Run_4_cycle3_states.sto (nr=2387 nc=259)
[2022-05-11 20:52:14.849] [info] AbstractTool Run_4_cycle3 loading model Run_4_cycle3_model.osim
[2022-05-11 20:52:14.894] [info] Updating Model file from 20302 to latest format...
[2022-05-11 20:52:14.983] [info] Loaded model modelModified from file Run_4_cycle3_model.osim
[2022-05-11 20:52:15.003] [info] ControllerSet 'Controllers' was renamed and is being reset to 'controllerset'.
[2022-05-11 20:52:15.066] [info] ExternalLoads 'ExternalLoads' was renamed and is being reset to 'externalloads'.
[2022-05-11 20:52:15.123] [info] Old version storage/motion file encountered
[2022-05-11 20:52:15.123] [info] Storage: read data file = Run_4_cycle3_grf.mot (nr=3793 nc=19)
[2022-05-11 20:52:15.123] [info] .. assuming rotations in Degrees..
[2022-05-11 20:52:15.185] [info] ExternalForce::RightFoot_ExternalForce Data source being set to Run_400 05_newCOP3_v24.mot
[2022-05-11 20:52:15.185] [info] ExternalForce::LeftFoot_ExternalForce Data source being set to Run_400 05_newCOP3_v24.mot
[2022-05-11 20:52:15.195] [info] Loading states from file 'Run_4_cycle3_states.sto'.
[2022-05-11 20:52:15.195] [info] Storage: read data file = Run_4_cycle3_states.sto (nr=2387 nc=259)
[2022-05-11 20:52:15.793] [info] Found 2387 state vectors with time stamps ranging from 1.5519 to 2.21090.
[2022-05-11 20:52:15.793] [info] Executing the analyses from 1.5519 to 2.21090...
[2022-05-11 20:52:22.961] [info] Printing results of investigation Run_4_cycle3 to ./
[2022-06-03 12:41:53.650] [info] Storage: read data file = Run_4_cycle3_states.sto (nr=2387 nc=259)
[2022-06-03 12:41:54.378] [info] Storage: read data file = Run_4_cycle3_states.sto (nr=2387 nc=259)
[2022-06-03 12:41:55.120] [info] AbstractTool Run_4_cycle3 loading model Run_4_cycle3_model.osim
[2022-06-03 12:41:55.206] [info] Updating Model file from 20302 to latest format...
[2022-06-03 12:41:55.312] [info] Loaded model modelModified from file Run_4_cycle3_model.osim
[2022-06-03 12:41:55.340] [info] ControllerSet 'Controllers' was renamed and is being reset to 'controllerset'.
[2022-06-03 12:41:55.424] [info] ExternalLoads 'ExternalLoads' was renamed and is being reset to 'externalloads'.
[2022-06-03 12:41:55.505] [info] Old version storage/motion file encountered
[2022-06-03 12:41:55.505] [info] Storage: read data file = Run_4_cycle3_grf.mot (nr=3793 nc=19)
[2022-06-03 12:41:55.505] [info] .. assuming rotations in Degrees..
[2022-06-03 12:41:55.579] [info] ExternalForce::RightFoot_ExternalForce Data source being set to Run_400 05_newCOP3_v24.mot
[2022-06-03 12:41:55.579] [info] ExternalForce::LeftFoot_ExternalForce Data source being set to Run_400 05_newCOP3_v24.mot
[2022-06-03 12:41:55.588] [info] Loading states from file 'Run_4_cycle3_states.sto'.
[2022-06-03 12:41:55.589] [info] Storage: read data file = Run_4_cycle3_states.sto (nr=2387 nc=259)
[2022-06-03 12:41:56.294] [info] Found 2387 state vectors with time stamps ranging from 1.5519 to 2.21090.
[2022-06-03 12:41:56.295] [info] Executing the analyses from 1.5519 to 2.21090...
[2022-06-03 12:42:05.524] [info] Printing results of investigation Run_4_cycle3 to ./
