[2022-05-11 21:01:52.859] [info] Storage: read data file = Run_4_cycle3_states.sto (nr=1707 nc=259)
[2022-05-11 21:01:53.219] [info] Storage: read data file = Run_4_cycle3_states.sto (nr=1707 nc=259)
[2022-05-11 21:01:53.585] [info] AbstractTool Run_4_cycle3 loading model Run_4_cycle3_model.osim
[2022-05-11 21:01:53.648] [info] Updating Model file from 20302 to latest format...
[2022-05-11 21:01:53.725] [info] Loaded model modelModified from file Run_4_cycle3_model.osim
[2022-05-11 21:01:54.280] [info] ControllerSet 'Controllers' was renamed and is being reset to 'controllerset'.
[2022-05-11 21:01:54.348] [info] ExternalLoads 'ExternalLoads' was renamed and is being reset to 'externalloads'.
[2022-05-11 21:01:54.392] [info] Old version storage/motion file encountered
[2022-05-11 21:01:54.392] [info] Storage: read data file = Run_4_cycle3_grf.mot (nr=5553 nc=19)
[2022-05-11 21:01:54.392] [info] .. assuming rotations in Degrees..
[2022-05-11 21:01:54.461] [info] ExternalForce::RightFoot_ExternalForce Data source being set to Run_400 01_newCOP3_v24.mot
[2022-05-11 21:01:54.461] [info] ExternalForce::LeftFoot_ExternalForce Data source being set to Run_400 01_newCOP3_v24.mot
[2022-05-11 21:01:54.469] [info] Loading states from file 'Run_4_cycle3_states.sto'.
[2022-05-11 21:01:54.469] [info] Storage: read data file = Run_4_cycle3_states.sto (nr=1707 nc=259)
[2022-05-11 21:01:54.800] [info] Found 1707 state vectors with time stamps ranging from 1.40920 to 2.00120.
[2022-05-11 21:01:54.800] [info] Executing the analyses from 1.40920 to 2.00120...
[2022-05-11 21:01:59.550] [info] Printing results of investigation Run_4_cycle3 to ./
[2022-06-03 13:04:52.680] [info] Storage: read data file = Run_4_cycle3_states.sto (nr=1707 nc=259)
[2022-06-03 13:04:53.138] [info] Storage: read data file = Run_4_cycle3_states.sto (nr=1707 nc=259)
[2022-06-03 13:04:53.620] [info] AbstractTool Run_4_cycle3 loading model Run_4_cycle3_model.osim
[2022-06-03 13:04:53.701] [info] Updating Model file from 20302 to latest format...
[2022-06-03 13:04:53.791] [info] Loaded model modelModified from file Run_4_cycle3_model.osim
[2022-06-03 13:04:53.816] [info] ControllerSet 'Controllers' was renamed and is being reset to 'controllerset'.
[2022-06-03 13:04:53.893] [info] ExternalLoads 'ExternalLoads' was renamed and is being reset to 'externalloads'.
[2022-06-03 13:04:53.966] [info] Old version storage/motion file encountered
[2022-06-03 13:04:53.966] [info] Storage: read data file = Run_4_cycle3_grf.mot (nr=5553 nc=19)
[2022-06-03 13:04:53.966] [info] .. assuming rotations in Degrees..
[2022-06-03 13:04:54.061] [info] ExternalForce::RightFoot_ExternalForce Data source being set to Run_400 01_newCOP3_v24.mot
[2022-06-03 13:04:54.061] [info] ExternalForce::LeftFoot_ExternalForce Data source being set to Run_400 01_newCOP3_v24.mot
[2022-06-03 13:04:54.072] [info] Loading states from file 'Run_4_cycle3_states.sto'.
[2022-06-03 13:04:54.073] [info] Storage: read data file = Run_4_cycle3_states.sto (nr=1707 nc=259)
[2022-06-03 13:04:54.536] [info] Found 1707 state vectors with time stamps ranging from 1.40920 to 2.00120.
[2022-06-03 13:04:54.536] [info] Executing the analyses from 1.40920 to 2.00120...
[2022-06-03 13:05:00.351] [info] Printing results of investigation Run_4_cycle3 to ./
