[2022-05-11 20:59:12.605] [info] Storage: read data file = Run_4_cycle3_states.sto (nr=2596 nc=259)
[2022-05-11 20:59:13.154] [info] Storage: read data file = Run_4_cycle3_states.sto (nr=2596 nc=259)
[2022-05-11 20:59:13.709] [info] AbstractTool Run_4_cycle3 loading model Run_4_cycle3_model.osim
[2022-05-11 20:59:13.771] [info] Updating Model file from 20302 to latest format...
[2022-05-11 20:59:13.846] [info] Loaded model modelModified from file Run_4_cycle3_model.osim
[2022-05-11 20:59:14.379] [info] ControllerSet 'Controllers' was renamed and is being reset to 'controllerset'.
[2022-05-11 20:59:14.439] [info] ExternalLoads 'ExternalLoads' was renamed and is being reset to 'externalloads'.
[2022-05-11 20:59:14.487] [info] Old version storage/motion file encountered
[2022-05-11 20:59:14.487] [info] Storage: read data file = Run_4_cycle3_grf.mot (nr=5185 nc=19)
[2022-05-11 20:59:14.487] [info] .. assuming rotations in Degrees..
[2022-05-11 20:59:14.551] [info] ExternalForce::RightFoot_ExternalForce Data source being set to Run_400 01_newCOP3_v24.mot
[2022-05-11 20:59:14.551] [info] ExternalForce::LeftFoot_ExternalForce Data source being set to Run_400 01_newCOP3_v24.mot
[2022-05-11 20:59:14.559] [info] Loading states from file 'Run_4_cycle3_states.sto'.
[2022-05-11 20:59:14.559] [info] Storage: read data file = Run_4_cycle3_states.sto (nr=2596 nc=259)
[2022-05-11 20:59:15.064] [info] Found 2596 state vectors with time stamps ranging from 1.7758 to 2.4278.
[2022-05-11 20:59:15.065] [info] Executing the analyses from 1.7758 to 2.4278...
[2022-05-11 20:59:21.871] [info] Printing results of investigation Run_4_cycle3 to ./
[2022-06-03 12:59:39.302] [info] Storage: read data file = Run_4_cycle3_states.sto (nr=2596 nc=259)
[2022-06-03 12:59:40.007] [info] Storage: read data file = Run_4_cycle3_states.sto (nr=2596 nc=259)
[2022-06-03 12:59:40.717] [info] AbstractTool Run_4_cycle3 loading model Run_4_cycle3_model.osim
[2022-06-03 12:59:40.806] [info] Updating Model file from 20302 to latest format...
[2022-06-03 12:59:40.901] [info] Loaded model modelModified from file Run_4_cycle3_model.osim
[2022-06-03 12:59:41.803] [info] ControllerSet 'Controllers' was renamed and is being reset to 'controllerset'.
[2022-06-03 12:59:41.880] [info] ExternalLoads 'ExternalLoads' was renamed and is being reset to 'externalloads'.
[2022-06-03 12:59:42.056] [info] Old version storage/motion file encountered
[2022-06-03 12:59:42.056] [info] Storage: read data file = Run_4_cycle3_grf.mot (nr=5185 nc=19)
[2022-06-03 12:59:42.056] [info] .. assuming rotations in Degrees..
[2022-06-03 12:59:42.126] [info] ExternalForce::RightFoot_ExternalForce Data source being set to Run_400 01_newCOP3_v24.mot
[2022-06-03 12:59:42.126] [info] ExternalForce::LeftFoot_ExternalForce Data source being set to Run_400 01_newCOP3_v24.mot
[2022-06-03 12:59:42.135] [info] Loading states from file 'Run_4_cycle3_states.sto'.
[2022-06-03 12:59:42.136] [info] Storage: read data file = Run_4_cycle3_states.sto (nr=2596 nc=259)
[2022-06-03 12:59:42.744] [info] Found 2596 state vectors with time stamps ranging from 1.7758 to 2.4278.
[2022-06-03 12:59:42.744] [info] Executing the analyses from 1.7758 to 2.4278...
[2022-06-03 12:59:51.052] [info] Printing results of investigation Run_4_cycle3 to ./
