[2022-06-03 12:32:44.412] [info] Updating Model file from 20302 to latest format...
[2022-06-03 12:32:44.487] [info] Loaded model modelModified from file Run_3_cycle1_model.osim
[2022-06-03 12:32:44.967] [info] ControllerSet 'Controllers' was renamed and is being reset to 'controllerset'.
[2022-06-03 12:36:02.065] [info] Storage: read data file = Run_3_cycle1_states.sto (nr=1568 nc=259)
[2022-06-03 12:36:02.404] [info] Storage: read data file = Run_3_cycle1_states.sto (nr=1568 nc=259)
[2022-06-03 12:36:19.296] [info] AbstractTool Run_3_cycle1 loading model Run_3_cycle1_model_noMuscles.osim
[2022-06-03 12:36:19.352] [info] Loaded model modelModified from file Run_3_cycle1_model_noMuscles.osim
[2022-06-03 12:36:23.759] [info] ExternalLoads 'ExternalLoads' was renamed and is being reset to 'externalloads'.
[2022-06-03 12:36:23.805] [info] Old version storage/motion file encountered
[2022-06-03 12:36:23.805] [info] Storage: read data file = Run_3_cycle1_grf.mot (nr=4741 nc=19)
[2022-06-03 12:36:23.805] [info] .. assuming rotations in Degrees..
[2022-06-03 12:36:23.867] [info] ExternalForce::RightFoot_ExternalForce Data source being set to Run_300 02_newCOP3_v24.mot
[2022-06-03 12:36:23.867] [info] ExternalForce::LeftFoot_ExternalForce Data source being set to Run_300 02_newCOP3_v24.mot
[2022-06-03 12:36:23.875] [info] Loading states from file 'Run_3_cycle1_states.sto'.
[2022-06-03 12:36:23.875] [info] Storage: read data file = Run_3_cycle1_states.sto (nr=1568 nc=259)
[2022-06-03 12:36:24.154] [info] Found 1568 state vectors with time stamps ranging from 0.544 to 1.22.
[2022-06-03 12:36:24.154] [info] Executing the analyses from 0.544 to 1.22...
[2022-06-03 12:36:26.272] [info] Printing results of investigation Run_3_cycle1 to ./
[2022-06-03 12:39:17.556] [info] Updating Model file from 20302 to latest format...
[2022-06-03 12:39:17.646] [info] Loaded model modelModified from file Run_3_cycle1_model.osim
[2022-06-03 12:39:17.673] [info] ControllerSet 'Controllers' was renamed and is being reset to 'controllerset'.
[2022-06-03 12:39:17.790] [info] Storage: read data file = Run_3_cycle1_states.sto (nr=1568 nc=259)
[2022-06-03 12:39:18.095] [info] Storage: read data file = Run_3_cycle1_states.sto (nr=1568 nc=259)
[2022-06-03 12:39:18.414] [info] AbstractTool Run_3_cycle1 loading model Run_3_cycle1_model_noMuscles.osim
[2022-06-03 12:39:18.464] [info] Loaded model modelModified from file Run_3_cycle1_model_noMuscles.osim
[2022-06-03 12:39:18.541] [info] ExternalLoads 'ExternalLoads' was renamed and is being reset to 'externalloads'.
[2022-06-03 12:39:18.589] [info] Old version storage/motion file encountered
[2022-06-03 12:39:18.589] [info] Storage: read data file = Run_3_cycle1_grf.mot (nr=4741 nc=19)
[2022-06-03 12:39:18.589] [info] .. assuming rotations in Degrees..
[2022-06-03 12:39:18.649] [info] ExternalForce::RightFoot_ExternalForce Data source being set to Run_300 02_newCOP3_v24.mot
[2022-06-03 12:39:18.649] [info] ExternalForce::LeftFoot_ExternalForce Data source being set to Run_300 02_newCOP3_v24.mot
[2022-06-03 12:39:18.656] [info] Loading states from file 'Run_3_cycle1_states.sto'.
[2022-06-03 12:39:18.656] [info] Storage: read data file = Run_3_cycle1_states.sto (nr=1568 nc=259)
[2022-06-03 12:39:18.955] [info] Found 1568 state vectors with time stamps ranging from 0.544 to 1.22.
[2022-06-03 12:39:18.956] [info] Executing the analyses from 0.544 to 1.22...
[2022-06-03 12:39:21.203] [info] Printing results of investigation Run_3_cycle1 to ./
