[2022-05-11 20:48:41.872] [info] Storage: read data file = Run_3_cycle1_states.sto (nr=1568 nc=259)
[2022-05-11 20:48:42.177] [info] Storage: read data file = Run_3_cycle1_states.sto (nr=1568 nc=259)
[2022-05-11 20:48:42.486] [info] AbstractTool Run_3_cycle1 loading model Run_3_cycle1_model.osim
[2022-05-11 20:48:42.525] [info] Updating Model file from 20302 to latest format...
[2022-05-11 20:48:42.600] [info] Loaded model modelModified from file Run_3_cycle1_model.osim
[2022-05-11 20:48:42.614] [info] ControllerSet 'Controllers' was renamed and is being reset to 'controllerset'.
[2022-05-11 20:48:42.677] [info] ExternalLoads 'ExternalLoads' was renamed and is being reset to 'externalloads'.
[2022-05-11 20:48:42.727] [info] Old version storage/motion file encountered
[2022-05-11 20:48:42.727] [info] Storage: read data file = Run_3_cycle1_grf.mot (nr=4741 nc=19)
[2022-05-11 20:48:42.727] [info] .. assuming rotations in Degrees..
[2022-05-11 20:48:42.790] [info] ExternalForce::RightFoot_ExternalForce Data source being set to Run_300 02_newCOP3_v24.mot
[2022-05-11 20:48:42.790] [info] ExternalForce::LeftFoot_ExternalForce Data source being set to Run_300 02_newCOP3_v24.mot
[2022-05-11 20:48:42.799] [info] Loading states from file 'Run_3_cycle1_states.sto'.
[2022-05-11 20:48:42.799] [info] Storage: read data file = Run_3_cycle1_states.sto (nr=1568 nc=259)
[2022-05-11 20:48:43.116] [info] Found 1568 state vectors with time stamps ranging from 0.544 to 1.22.
[2022-05-11 20:48:43.116] [info] Executing the analyses from 0.544 to 1.22...
[2022-05-11 20:48:47.812] [info] Printing results of investigation Run_3_cycle1 to ./
[2022-05-11 20:50:22.473] [info] Storage: read data file = Run_3_cycle1_states.sto (nr=1568 nc=259)
[2022-05-11 20:50:22.780] [info] Storage: read data file = Run_3_cycle1_states.sto (nr=1568 nc=259)
[2022-05-11 20:50:23.074] [info] AbstractTool Run_3_cycle1 loading model Run_3_cycle1_model.osim
[2022-05-11 20:50:23.111] [info] Updating Model file from 20302 to latest format...
[2022-05-11 20:50:23.179] [info] Loaded model modelModified from file Run_3_cycle1_model.osim
[2022-05-11 20:50:23.193] [info] ControllerSet 'Controllers' was renamed and is being reset to 'controllerset'.
[2022-05-11 20:50:23.241] [info] ExternalLoads 'ExternalLoads' was renamed and is being reset to 'externalloads'.
[2022-05-11 20:50:23.281] [info] Old version storage/motion file encountered
[2022-05-11 20:50:23.281] [info] Storage: read data file = Run_3_cycle1_grf.mot (nr=4741 nc=19)
[2022-05-11 20:50:23.281] [info] .. assuming rotations in Degrees..
[2022-05-11 20:50:23.341] [info] ExternalForce::RightFoot_ExternalForce Data source being set to Run_300 02_newCOP3_v24.mot
[2022-05-11 20:50:23.341] [info] ExternalForce::LeftFoot_ExternalForce Data source being set to Run_300 02_newCOP3_v24.mot
[2022-05-11 20:50:23.349] [info] Loading states from file 'Run_3_cycle1_states.sto'.
[2022-05-11 20:50:23.350] [info] Storage: read data file = Run_3_cycle1_states.sto (nr=1568 nc=259)
[2022-05-11 20:50:23.650] [info] Found 1568 state vectors with time stamps ranging from 0.544 to 1.22.
[2022-05-11 20:50:23.650] [info] Executing the analyses from 0.544 to 1.22...
[2022-05-11 20:50:27.505] [info] Printing results of investigation Run_3_cycle1 to ./
