[2022-05-11 20:53:39.563] [info] Storage: read data file = Run_5_cycle1_states.sto (nr=1862 nc=259)
[2022-05-11 20:53:39.965] [info] Storage: read data file = Run_5_cycle1_states.sto (nr=1862 nc=259)
[2022-05-11 20:53:40.383] [info] AbstractTool Run_5_cycle1 loading model Run_5_cycle1_model.osim
[2022-05-11 20:53:40.422] [info] Updating Model file from 20302 to latest format...
[2022-05-11 20:53:40.498] [info] Loaded model modelModified from file Run_5_cycle1_model.osim
[2022-05-11 20:53:40.513] [info] ControllerSet 'Controllers' was renamed and is being reset to 'controllerset'.
[2022-05-11 20:53:40.570] [info] ExternalLoads 'ExternalLoads' was renamed and is being reset to 'externalloads'.
[2022-05-11 20:53:40.619] [info] Old version storage/motion file encountered
[2022-05-11 20:53:40.619] [info] Storage: read data file = Run_5_cycle1_grf.mot (nr=7261 nc=19)
[2022-05-11 20:53:40.619] [info] .. assuming rotations in Degrees..
[2022-05-11 20:53:40.718] [info] ExternalForce::RightFoot_ExternalForce Data source being set to Run_500 03_newCOP3_v24.mot
[2022-05-11 20:53:40.718] [info] ExternalForce::LeftFoot_ExternalForce Data source being set to Run_500 03_newCOP3_v24.mot
[2022-05-11 20:53:40.728] [info] Loading states from file 'Run_5_cycle1_states.sto'.
[2022-05-11 20:53:40.728] [info] Storage: read data file = Run_5_cycle1_states.sto (nr=1862 nc=259)
[2022-05-11 20:53:41.120] [info] Found 1862 state vectors with time stamps ranging from 0.3555 to 0.902500.
[2022-05-11 20:53:41.120] [info] Executing the analyses from 0.3555 to 0.902500...
[2022-05-11 20:53:46.116] [info] Printing results of investigation Run_5_cycle1 to ./
[2022-06-03 12:44:52.704] [info] Storage: read data file = Run_5_cycle1_states.sto (nr=1862 nc=259)
[2022-06-03 12:44:53.298] [info] Storage: read data file = Run_5_cycle1_states.sto (nr=1862 nc=259)
[2022-06-03 12:44:53.939] [info] AbstractTool Run_5_cycle1 loading model Run_5_cycle1_model.osim
[2022-06-03 12:44:54.040] [info] Updating Model file from 20302 to latest format...
[2022-06-03 12:44:54.183] [info] Loaded model modelModified from file Run_5_cycle1_model.osim
[2022-06-03 12:44:54.224] [info] ControllerSet 'Controllers' was renamed and is being reset to 'controllerset'.
[2022-06-03 12:44:54.327] [info] ExternalLoads 'ExternalLoads' was renamed and is being reset to 'externalloads'.
[2022-06-03 12:44:54.428] [info] Old version storage/motion file encountered
[2022-06-03 12:44:54.428] [info] Storage: read data file = Run_5_cycle1_grf.mot (nr=7261 nc=19)
[2022-06-03 12:44:54.428] [info] .. assuming rotations in Degrees..
[2022-06-03 12:44:54.622] [info] ExternalForce::RightFoot_ExternalForce Data source being set to Run_500 03_newCOP3_v24.mot
[2022-06-03 12:44:54.622] [info] ExternalForce::LeftFoot_ExternalForce Data source being set to Run_500 03_newCOP3_v24.mot
[2022-06-03 12:44:54.638] [info] Loading states from file 'Run_5_cycle1_states.sto'.
[2022-06-03 12:44:54.639] [info] Storage: read data file = Run_5_cycle1_states.sto (nr=1862 nc=259)
[2022-06-03 12:44:55.355] [info] Found 1862 state vectors with time stamps ranging from 0.3555 to 0.902500.
[2022-06-03 12:44:55.355] [info] Executing the analyses from 0.3555 to 0.902500...
[2022-06-03 12:45:05.108] [info] Printing results of investigation Run_5_cycle1 to ./
