[2022-05-11 20:56:20.246] [info] Storage: read data file = Run_3_cycle2_states.sto (nr=1679 nc=259)
[2022-05-11 20:56:20.598] [info] Storage: read data file = Run_3_cycle2_states.sto (nr=1679 nc=259)
[2022-05-11 20:56:20.944] [info] AbstractTool Run_3_cycle2 loading model Run_3_cycle2_model.osim
[2022-05-11 20:56:20.999] [info] Updating Model file from 20302 to latest format...
[2022-05-11 20:56:21.073] [info] Loaded model modelModified from file Run_3_cycle2_model.osim
[2022-05-11 20:56:21.089] [info] ControllerSet 'Controllers' was renamed and is being reset to 'controllerset'.
[2022-05-11 20:56:21.142] [info] ExternalLoads 'ExternalLoads' was renamed and is being reset to 'externalloads'.
[2022-05-11 20:56:21.184] [info] Old version storage/motion file encountered
[2022-05-11 20:56:21.184] [info] Storage: read data file = Run_3_cycle2_grf.mot (nr=5821 nc=19)
[2022-05-11 20:56:21.184] [info] .. assuming rotations in Degrees..
[2022-05-11 20:56:21.262] [info] ExternalForce::RightFoot_ExternalForce Data source being set to Run_300 02_newCOP3_v24.mot
[2022-05-11 20:56:21.262] [info] ExternalForce::LeftFoot_ExternalForce Data source being set to Run_300 02_newCOP3_v24.mot
[2022-05-11 20:56:21.271] [info] Loading states from file 'Run_3_cycle2_states.sto'.
[2022-05-11 20:56:21.272] [info] Storage: read data file = Run_3_cycle2_states.sto (nr=1679 nc=259)
[2022-05-11 20:56:21.619] [info] Found 1679 state vectors with time stamps ranging from 1.183 to 1.859.
[2022-05-11 20:56:21.619] [info] Executing the analyses from 1.183 to 1.859...
[2022-05-11 20:56:25.973] [info] Printing results of investigation Run_3_cycle2 to ./
[2022-06-03 12:53:08.535] [info] Storage: read data file = Run_3_cycle2_states.sto (nr=1679 nc=259)
[2022-06-03 12:53:09.044] [info] Storage: read data file = Run_3_cycle2_states.sto (nr=1679 nc=259)
[2022-06-03 12:53:09.586] [info] AbstractTool Run_3_cycle2 loading model Run_3_cycle2_model.osim
[2022-06-03 12:53:09.675] [info] Updating Model file from 20302 to latest format...
[2022-06-03 12:53:09.787] [info] Loaded model modelModified from file Run_3_cycle2_model.osim
[2022-06-03 12:53:09.817] [info] ControllerSet 'Controllers' was renamed and is being reset to 'controllerset'.
[2022-06-03 12:53:09.903] [info] ExternalLoads 'ExternalLoads' was renamed and is being reset to 'externalloads'.
[2022-06-03 12:53:10.016] [info] Old version storage/motion file encountered
[2022-06-03 12:53:10.016] [info] Storage: read data file = Run_3_cycle2_grf.mot (nr=5821 nc=19)
[2022-06-03 12:53:10.017] [info] .. assuming rotations in Degrees..
[2022-06-03 12:53:10.132] [info] ExternalForce::RightFoot_ExternalForce Data source being set to Run_300 02_newCOP3_v24.mot
[2022-06-03 12:53:10.132] [info] ExternalForce::LeftFoot_ExternalForce Data source being set to Run_300 02_newCOP3_v24.mot
[2022-06-03 12:53:10.144] [info] Loading states from file 'Run_3_cycle2_states.sto'.
[2022-06-03 12:53:10.144] [info] Storage: read data file = Run_3_cycle2_states.sto (nr=1679 nc=259)
[2022-06-03 12:53:10.667] [info] Found 1679 state vectors with time stamps ranging from 1.183 to 1.859.
[2022-06-03 12:53:10.667] [info] Executing the analyses from 1.183 to 1.859...
[2022-06-03 12:53:17.582] [info] Printing results of investigation Run_3_cycle2 to ./
