[2022-05-11 21:00:13.049] [info] Storage: read data file = Run_3_cycle3_states.sto (nr=1720 nc=259)
[2022-05-11 21:00:13.493] [info] Storage: read data file = Run_3_cycle3_states.sto (nr=1720 nc=259)
[2022-05-11 21:00:13.947] [info] AbstractTool Run_3_cycle3 loading model Run_3_cycle3_model.osim
[2022-05-11 21:00:14.020] [info] Updating Model file from 20302 to latest format...
[2022-05-11 21:00:14.112] [info] Loaded model modelModified from file Run_3_cycle3_model.osim
[2022-05-11 21:00:14.628] [info] ControllerSet 'Controllers' was renamed and is being reset to 'controllerset'.
[2022-05-11 21:00:14.696] [info] ExternalLoads 'ExternalLoads' was renamed and is being reset to 'externalloads'.
[2022-05-11 21:00:14.754] [info] Old version storage/motion file encountered
[2022-05-11 21:00:14.754] [info] Storage: read data file = Run_3_cycle3_grf.mot (nr=4961 nc=19)
[2022-05-11 21:00:14.754] [info] .. assuming rotations in Degrees..
[2022-05-11 21:00:14.837] [info] ExternalForce::RightFoot_ExternalForce Data source being set to Run_300 01_newCOP3_v24.mot
[2022-05-11 21:00:14.837] [info] ExternalForce::LeftFoot_ExternalForce Data source being set to Run_300 01_newCOP3_v24.mot
[2022-05-11 21:00:14.847] [info] Loading states from file 'Run_3_cycle3_states.sto'.
[2022-05-11 21:00:14.848] [info] Storage: read data file = Run_3_cycle3_states.sto (nr=1720 nc=259)
[2022-05-11 21:00:15.295] [info] Found 1720 state vectors with time stamps ranging from 1.6342 to 2.3122.
[2022-05-11 21:00:15.295] [info] Executing the analyses from 1.6342 to 2.3122...
[2022-05-11 21:00:20.739] [info] Printing results of investigation Run_3_cycle3 to ./
[2022-06-03 13:01:35.268] [info] Storage: read data file = Run_3_cycle3_states.sto (nr=1720 nc=259)
[2022-06-03 13:01:35.726] [info] Storage: read data file = Run_3_cycle3_states.sto (nr=1720 nc=259)
[2022-06-03 13:01:36.219] [info] AbstractTool Run_3_cycle3 loading model Run_3_cycle3_model.osim
[2022-06-03 13:01:36.300] [info] Updating Model file from 20302 to latest format...
[2022-06-03 13:01:36.401] [info] Loaded model modelModified from file Run_3_cycle3_model.osim
[2022-06-03 13:01:37.262] [info] ControllerSet 'Controllers' was renamed and is being reset to 'controllerset'.
[2022-06-03 13:01:37.335] [info] ExternalLoads 'ExternalLoads' was renamed and is being reset to 'externalloads'.
[2022-06-03 13:01:37.401] [info] Old version storage/motion file encountered
[2022-06-03 13:01:37.401] [info] Storage: read data file = Run_3_cycle3_grf.mot (nr=4961 nc=19)
[2022-06-03 13:01:37.401] [info] .. assuming rotations in Degrees..
[2022-06-03 13:01:37.468] [info] ExternalForce::RightFoot_ExternalForce Data source being set to Run_300 01_newCOP3_v24.mot
[2022-06-03 13:01:37.468] [info] ExternalForce::LeftFoot_ExternalForce Data source being set to Run_300 01_newCOP3_v24.mot
[2022-06-03 13:01:37.478] [info] Loading states from file 'Run_3_cycle3_states.sto'.
[2022-06-03 13:01:37.479] [info] Storage: read data file = Run_3_cycle3_states.sto (nr=1720 nc=259)
[2022-06-03 13:01:37.897] [info] Found 1720 state vectors with time stamps ranging from 1.6342 to 2.3122.
[2022-06-03 13:01:37.898] [info] Executing the analyses from 1.6342 to 2.3122...
[2022-06-03 13:01:43.569] [info] Printing results of investigation Run_3_cycle3 to ./
