[2022-06-03 12:37:54.870] [info] Updating Model file from 20302 to latest format...
[2022-06-03 12:37:54.947] [info] Loaded model modelModified from file Run_3_cycle2_model.osim
[2022-06-03 12:37:54.965] [info] ControllerSet 'Controllers' was renamed and is being reset to 'controllerset'.
[2022-06-03 12:37:55.242] [info] Storage: read data file = Run_3_cycle2_states.sto (nr=1563 nc=259)
[2022-06-03 12:37:55.520] [info] Storage: read data file = Run_3_cycle2_states.sto (nr=1563 nc=259)
[2022-06-03 12:37:55.820] [info] AbstractTool Run_3_cycle2 loading model Run_3_cycle2_model_noMuscles.osim
[2022-06-03 12:37:55.865] [info] Loaded model modelModified from file Run_3_cycle2_model_noMuscles.osim
[2022-06-03 12:37:55.952] [info] ExternalLoads 'ExternalLoads' was renamed and is being reset to 'externalloads'.
[2022-06-03 12:37:55.997] [info] Old version storage/motion file encountered
[2022-06-03 12:37:55.997] [info] Storage: read data file = Run_3_cycle2_grf.mot (nr=4741 nc=19)
[2022-06-03 12:37:55.997] [info] .. assuming rotations in Degrees..
[2022-06-03 12:37:56.051] [info] ExternalForce::RightFoot_ExternalForce Data source being set to Run_300 02_newCOP3_v24.mot
[2022-06-03 12:37:56.051] [info] ExternalForce::LeftFoot_ExternalForce Data source being set to Run_300 02_newCOP3_v24.mot
[2022-06-03 12:37:56.059] [info] Loading states from file 'Run_3_cycle2_states.sto'.
[2022-06-03 12:37:56.059] [info] Storage: read data file = Run_3_cycle2_states.sto (nr=1563 nc=259)
[2022-06-03 12:37:56.380] [info] Found 1563 state vectors with time stamps ranging from 1.261 to 1.943.
[2022-06-03 12:37:56.381] [info] Executing the analyses from 1.261 to 1.943...
[2022-06-03 12:37:58.340] [info] Printing results of investigation Run_3_cycle2 to ./
[2022-06-03 12:39:26.416] [info] Updating Model file from 20302 to latest format...
[2022-06-03 12:39:26.483] [info] Loaded model modelModified from file Run_3_cycle2_model.osim
[2022-06-03 12:39:26.502] [info] ControllerSet 'Controllers' was renamed and is being reset to 'controllerset'.
[2022-06-03 12:39:26.599] [info] Storage: read data file = Run_3_cycle2_states.sto (nr=1563 nc=259)
[2022-06-03 12:39:26.898] [info] Storage: read data file = Run_3_cycle2_states.sto (nr=1563 nc=259)
[2022-06-03 12:39:27.202] [info] AbstractTool Run_3_cycle2 loading model Run_3_cycle2_model_noMuscles.osim
[2022-06-03 12:39:27.252] [info] Loaded model modelModified from file Run_3_cycle2_model_noMuscles.osim
[2022-06-03 12:39:27.327] [info] ExternalLoads 'ExternalLoads' was renamed and is being reset to 'externalloads'.
[2022-06-03 12:39:27.376] [info] Old version storage/motion file encountered
[2022-06-03 12:39:27.376] [info] Storage: read data file = Run_3_cycle2_grf.mot (nr=4741 nc=19)
[2022-06-03 12:39:27.376] [info] .. assuming rotations in Degrees..
[2022-06-03 12:39:27.435] [info] ExternalForce::RightFoot_ExternalForce Data source being set to Run_300 02_newCOP3_v24.mot
[2022-06-03 12:39:27.436] [info] ExternalForce::LeftFoot_ExternalForce Data source being set to Run_300 02_newCOP3_v24.mot
[2022-06-03 12:39:27.443] [info] Loading states from file 'Run_3_cycle2_states.sto'.
[2022-06-03 12:39:27.444] [info] Storage: read data file = Run_3_cycle2_states.sto (nr=1563 nc=259)
[2022-06-03 12:39:27.744] [info] Found 1563 state vectors with time stamps ranging from 1.261 to 1.943.
[2022-06-03 12:39:27.744] [info] Executing the analyses from 1.261 to 1.943...
[2022-06-03 12:39:29.941] [info] Printing results of investigation Run_3_cycle2 to ./
