[2022-05-11 20:57:04.573] [info] Storage: read data file = Run_5_cycle2_states.sto (nr=2423 nc=259)
[2022-05-11 20:57:05.209] [info] Storage: read data file = Run_5_cycle2_states.sto (nr=2423 nc=259)
[2022-05-11 20:57:05.880] [info] AbstractTool Run_5_cycle2 loading model Run_5_cycle2_model.osim
[2022-05-11 20:57:05.959] [info] Updating Model file from 20302 to latest format...
[2022-05-11 20:57:06.053] [info] Loaded model modelModified from file Run_5_cycle2_model.osim
[2022-05-11 20:57:06.072] [info] ControllerSet 'Controllers' was renamed and is being reset to 'controllerset'.
[2022-05-11 20:57:06.148] [info] ExternalLoads 'ExternalLoads' was renamed and is being reset to 'externalloads'.
[2022-05-11 20:57:06.211] [info] Old version storage/motion file encountered
[2022-05-11 20:57:06.211] [info] Storage: read data file = Run_5_cycle2_grf.mot (nr=5431 nc=19)
[2022-05-11 20:57:06.211] [info] .. assuming rotations in Degrees..
[2022-05-11 20:57:06.308] [info] ExternalForce::RightFoot_ExternalForce Data source being set to Run_500 02_newCOP3_v24.mot
[2022-05-11 20:57:06.308] [info] ExternalForce::LeftFoot_ExternalForce Data source being set to Run_500 02_newCOP3_v24.mot
[2022-05-11 20:57:06.319] [info] Loading states from file 'Run_5_cycle2_states.sto'.
[2022-05-11 20:57:06.319] [info] Storage: read data file = Run_5_cycle2_states.sto (nr=2423 nc=259)
[2022-05-11 20:57:07.051] [info] Found 2422 state vectors with time stamps ranging from 2.67 to 3.22.
[2022-05-11 20:57:07.051] [info] Executing the analyses from 2.67 to 3.22...
[2022-05-11 20:57:14.763] [info] Printing results of investigation Run_5_cycle2 to ./
[2022-06-03 12:54:55.165] [info] Storage: read data file = Run_5_cycle2_states.sto (nr=2423 nc=259)
[2022-06-03 12:54:55.946] [info] Storage: read data file = Run_5_cycle2_states.sto (nr=2423 nc=259)
[2022-06-03 12:54:56.749] [info] AbstractTool Run_5_cycle2 loading model Run_5_cycle2_model.osim
[2022-06-03 12:54:56.843] [info] Updating Model file from 20302 to latest format...
[2022-06-03 12:54:56.956] [info] Loaded model modelModified from file Run_5_cycle2_model.osim
[2022-06-03 12:54:56.987] [info] ControllerSet 'Controllers' was renamed and is being reset to 'controllerset'.
[2022-06-03 12:54:57.076] [info] ExternalLoads 'ExternalLoads' was renamed and is being reset to 'externalloads'.
[2022-06-03 12:54:57.168] [info] Old version storage/motion file encountered
[2022-06-03 12:54:57.168] [info] Storage: read data file = Run_5_cycle2_grf.mot (nr=5431 nc=19)
[2022-06-03 12:54:57.168] [info] .. assuming rotations in Degrees..
[2022-06-03 12:54:57.287] [info] ExternalForce::RightFoot_ExternalForce Data source being set to Run_500 02_newCOP3_v24.mot
[2022-06-03 12:54:57.287] [info] ExternalForce::LeftFoot_ExternalForce Data source being set to Run_500 02_newCOP3_v24.mot
[2022-06-03 12:54:57.299] [info] Loading states from file 'Run_5_cycle2_states.sto'.
[2022-06-03 12:54:57.299] [info] Storage: read data file = Run_5_cycle2_states.sto (nr=2423 nc=259)
[2022-06-03 12:54:58.054] [info] Found 2422 state vectors with time stamps ranging from 2.67 to 3.22.
[2022-06-03 12:54:58.054] [info] Executing the analyses from 2.67 to 3.22...
[2022-06-03 12:55:07.862] [info] Printing results of investigation Run_5_cycle2 to ./
