[2022-05-11 20:54:14.957] [info] Storage: read data file = Run_3_cycle3_states.sto (nr=1799 nc=259)
[2022-05-11 20:54:15.339] [info] Storage: read data file = Run_3_cycle3_states.sto (nr=1799 nc=259)
[2022-05-11 20:54:15.710] [info] AbstractTool Run_3_cycle3 loading model Run_3_cycle3_model.osim
[2022-05-11 20:54:15.748] [info] Updating Model file from 20302 to latest format...
[2022-05-11 20:54:15.821] [info] Loaded model modelModified from file Run_3_cycle3_model.osim
[2022-05-11 20:54:15.838] [info] ControllerSet 'Controllers' was renamed and is being reset to 'controllerset'.
[2022-05-11 20:54:15.891] [info] ExternalLoads 'ExternalLoads' was renamed and is being reset to 'externalloads'.
[2022-05-11 20:54:15.936] [info] Old version storage/motion file encountered
[2022-05-11 20:54:15.936] [info] Storage: read data file = Run_3_cycle3_grf.mot (nr=11621 nc=19)
[2022-05-11 20:54:15.936] [info] .. assuming rotations in Degrees..
[2022-05-11 20:54:16.093] [info] ExternalForce::RightFoot_ExternalForce Data source being set to Run_300 02_newCOP3_v24.mot
[2022-05-11 20:54:16.093] [info] ExternalForce::LeftFoot_ExternalForce Data source being set to Run_300 02_newCOP3_v24.mot
[2022-05-11 20:54:16.107] [info] Loading states from file 'Run_3_cycle3_states.sto'.
[2022-05-11 20:54:16.107] [info] Storage: read data file = Run_3_cycle3_states.sto (nr=1799 nc=259)
[2022-05-11 20:54:16.482] [info] Found 1799 state vectors with time stamps ranging from 2.10850 to 2.8415.
[2022-05-11 20:54:16.482] [info] Executing the analyses from 2.10850 to 2.8415...
[2022-05-11 20:54:21.926] [info] Printing results of investigation Run_3_cycle3 to ./
[2022-06-03 12:46:45.669] [info] Storage: read data file = Run_3_cycle3_states.sto (nr=1799 nc=259)
[2022-06-03 12:46:46.434] [info] Storage: read data file = Run_3_cycle3_states.sto (nr=1799 nc=259)
[2022-06-03 12:46:47.177] [info] AbstractTool Run_3_cycle3 loading model Run_3_cycle3_model.osim
[2022-06-03 12:46:47.300] [info] Updating Model file from 20302 to latest format...
[2022-06-03 12:46:47.454] [info] Loaded model modelModified from file Run_3_cycle3_model.osim
[2022-06-03 12:46:47.494] [info] ControllerSet 'Controllers' was renamed and is being reset to 'controllerset'.
[2022-06-03 12:46:47.592] [info] ExternalLoads 'ExternalLoads' was renamed and is being reset to 'externalloads'.
[2022-06-03 12:46:47.687] [info] Old version storage/motion file encountered
[2022-06-03 12:46:47.687] [info] Storage: read data file = Run_3_cycle3_grf.mot (nr=11621 nc=19)
[2022-06-03 12:46:47.687] [info] .. assuming rotations in Degrees..
[2022-06-03 12:46:48.006] [info] ExternalForce::RightFoot_ExternalForce Data source being set to Run_300 02_newCOP3_v24.mot
[2022-06-03 12:46:48.006] [info] ExternalForce::LeftFoot_ExternalForce Data source being set to Run_300 02_newCOP3_v24.mot
[2022-06-03 12:46:48.026] [info] Loading states from file 'Run_3_cycle3_states.sto'.
[2022-06-03 12:46:48.027] [info] Storage: read data file = Run_3_cycle3_states.sto (nr=1799 nc=259)
[2022-06-03 12:46:48.657] [info] Found 1799 state vectors with time stamps ranging from 2.10850 to 2.8415.
[2022-06-03 12:46:48.657] [info] Executing the analyses from 2.10850 to 2.8415...
[2022-06-03 12:46:58.587] [info] Printing results of investigation Run_3_cycle3 to ./
