[2022-05-11 20:58:30.105] [info] Storage: read data file = Run_3_cycle1_states.sto (nr=2143 nc=259)
[2022-05-11 20:58:30.545] [info] Storage: read data file = Run_3_cycle1_states.sto (nr=2143 nc=259)
[2022-05-11 20:58:31.004] [info] AbstractTool Run_3_cycle1 loading model Run_3_cycle1_model.osim
[2022-05-11 20:58:31.067] [info] Updating Model file from 20302 to latest format...
[2022-05-11 20:58:31.141] [info] Loaded model modelModified from file Run_3_cycle1_model.osim
[2022-05-11 20:58:31.775] [info] ControllerSet 'Controllers' was renamed and is being reset to 'controllerset'.
[2022-05-11 20:58:31.831] [info] ExternalLoads 'ExternalLoads' was renamed and is being reset to 'externalloads'.
[2022-05-11 20:58:31.897] [info] Old version storage/motion file encountered
[2022-05-11 20:58:31.897] [info] Storage: read data file = Run_3_cycle1_grf.mot (nr=5193 nc=19)
[2022-05-11 20:58:31.898] [info] .. assuming rotations in Degrees..
[2022-05-11 20:58:31.982] [info] ExternalForce::RightFoot_ExternalForce Data source being set to Run_300 01_newCOP3_v24.mot
[2022-05-11 20:58:31.982] [info] ExternalForce::LeftFoot_ExternalForce Data source being set to Run_300 01_newCOP3_v24.mot
[2022-05-11 20:58:31.997] [info] Loading states from file 'Run_3_cycle1_states.sto'.
[2022-05-11 20:58:31.997] [info] Storage: read data file = Run_3_cycle1_states.sto (nr=2143 nc=259)
[2022-05-11 20:58:32.431] [info] Found 2143 state vectors with time stamps ranging from 0.52167 to 1.22467.
[2022-05-11 20:58:32.431] [info] Executing the analyses from 0.52167 to 1.22467...
[2022-05-11 20:58:38.003] [info] Printing results of investigation Run_3_cycle1 to ./
[2022-06-03 12:58:06.260] [info] Storage: read data file = Run_3_cycle1_states.sto (nr=2143 nc=259)
[2022-06-03 12:58:06.810] [info] Storage: read data file = Run_3_cycle1_states.sto (nr=2143 nc=259)
[2022-06-03 12:58:07.396] [info] AbstractTool Run_3_cycle1 loading model Run_3_cycle1_model.osim
[2022-06-03 12:58:07.484] [info] Updating Model file from 20302 to latest format...
[2022-06-03 12:58:07.597] [info] Loaded model modelModified from file Run_3_cycle1_model.osim
[2022-06-03 12:58:08.338] [info] ControllerSet 'Controllers' was renamed and is being reset to 'controllerset'.
[2022-06-03 12:58:08.425] [info] ExternalLoads 'ExternalLoads' was renamed and is being reset to 'externalloads'.
[2022-06-03 12:58:08.494] [info] Old version storage/motion file encountered
[2022-06-03 12:58:08.494] [info] Storage: read data file = Run_3_cycle1_grf.mot (nr=5193 nc=19)
[2022-06-03 12:58:08.494] [info] .. assuming rotations in Degrees..
[2022-06-03 12:58:08.579] [info] ExternalForce::RightFoot_ExternalForce Data source being set to Run_300 01_newCOP3_v24.mot
[2022-06-03 12:58:08.579] [info] ExternalForce::LeftFoot_ExternalForce Data source being set to Run_300 01_newCOP3_v24.mot
[2022-06-03 12:58:08.590] [info] Loading states from file 'Run_3_cycle1_states.sto'.
[2022-06-03 12:58:08.590] [info] Storage: read data file = Run_3_cycle1_states.sto (nr=2143 nc=259)
[2022-06-03 12:58:09.201] [info] Found 2143 state vectors with time stamps ranging from 0.52167 to 1.22467.
[2022-06-03 12:58:09.202] [info] Executing the analyses from 0.52167 to 1.22467...
[2022-06-03 12:58:16.135] [info] Printing results of investigation Run_3_cycle1 to ./
