[2022-05-11 20:55:20.624] [info] Storage: read data file = Run_3_cycle2_states.sto (nr=1490 nc=259)
[2022-05-11 20:55:21.017] [info] Storage: read data file = Run_3_cycle2_states.sto (nr=1490 nc=259)
[2022-05-11 20:55:21.408] [info] AbstractTool Run_3_cycle2 loading model Run_3_cycle2_model.osim
[2022-05-11 20:55:21.456] [info] Updating Model file from 20302 to latest format...
[2022-05-11 20:55:21.547] [info] Loaded model modelModified from file Run_3_cycle2_model.osim
[2022-05-11 20:55:21.566] [info] ControllerSet 'Controllers' was renamed and is being reset to 'controllerset'.
[2022-05-11 20:55:21.630] [info] ExternalLoads 'ExternalLoads' was renamed and is being reset to 'externalloads'.
[2022-05-11 20:55:21.680] [info] Old version storage/motion file encountered
[2022-05-11 20:55:21.681] [info] Storage: read data file = Run_3_cycle2_grf.mot (nr=5281 nc=19)
[2022-05-11 20:55:21.681] [info] .. assuming rotations in Degrees..
[2022-05-11 20:55:21.769] [info] ExternalForce::RightFoot_ExternalForce Data source being set to Run_300 01_newCOP3_v24.mot
[2022-05-11 20:55:21.769] [info] ExternalForce::LeftFoot_ExternalForce Data source being set to Run_300 01_newCOP3_v24.mot
[2022-05-11 20:55:21.779] [info] Loading states from file 'Run_3_cycle2_states.sto'.
[2022-05-11 20:55:21.780] [info] Storage: read data file = Run_3_cycle2_states.sto (nr=1490 nc=259)
[2022-05-11 20:55:22.168] [info] Found 1490 state vectors with time stamps ranging from 1.116 to 1.742.
[2022-05-11 20:55:22.168] [info] Executing the analyses from 1.116 to 1.742...
[2022-05-11 20:55:27.054] [info] Printing results of investigation Run_3_cycle2 to ./
[2022-06-03 12:50:02.301] [info] Storage: read data file = Run_3_cycle2_states.sto (nr=1490 nc=259)
[2022-06-03 12:50:02.890] [info] Storage: read data file = Run_3_cycle2_states.sto (nr=1490 nc=259)
[2022-06-03 12:50:03.404] [info] AbstractTool Run_3_cycle2 loading model Run_3_cycle2_model.osim
[2022-06-03 12:50:03.501] [info] Updating Model file from 20302 to latest format...
[2022-06-03 12:50:03.618] [info] Loaded model modelModified from file Run_3_cycle2_model.osim
[2022-06-03 12:50:03.650] [info] ControllerSet 'Controllers' was renamed and is being reset to 'controllerset'.
[2022-06-03 12:50:03.749] [info] ExternalLoads 'ExternalLoads' was renamed and is being reset to 'externalloads'.
[2022-06-03 12:50:04.083] [info] Old version storage/motion file encountered
[2022-06-03 12:50:04.083] [info] Storage: read data file = Run_3_cycle2_grf.mot (nr=5281 nc=19)
[2022-06-03 12:50:04.083] [info] .. assuming rotations in Degrees..
[2022-06-03 12:50:04.219] [info] ExternalForce::RightFoot_ExternalForce Data source being set to Run_300 01_newCOP3_v24.mot
[2022-06-03 12:50:04.219] [info] ExternalForce::LeftFoot_ExternalForce Data source being set to Run_300 01_newCOP3_v24.mot
[2022-06-03 12:50:04.236] [info] Loading states from file 'Run_3_cycle2_states.sto'.
[2022-06-03 12:50:04.237] [info] Storage: read data file = Run_3_cycle2_states.sto (nr=1490 nc=259)
[2022-06-03 12:50:04.820] [info] Found 1490 state vectors with time stamps ranging from 1.116 to 1.742.
[2022-06-03 12:50:04.820] [info] Executing the analyses from 1.116 to 1.742...
[2022-06-03 12:50:11.633] [info] Printing results of investigation Run_3_cycle2 to ./
