[2022-05-11 20:54:38.389] [info] Storage: read data file = Run_4_cycle3_states.sto (nr=2025 nc=259)
[2022-05-11 20:54:38.840] [info] Storage: read data file = Run_4_cycle3_states.sto (nr=2025 nc=259)
[2022-05-11 20:54:39.296] [info] AbstractTool Run_4_cycle3 loading model Run_4_cycle3_model.osim
[2022-05-11 20:54:39.337] [info] Updating Model file from 20302 to latest format...
[2022-05-11 20:54:39.420] [info] Loaded model modelModified from file Run_4_cycle3_model.osim
[2022-05-11 20:54:39.437] [info] ControllerSet 'Controllers' was renamed and is being reset to 'controllerset'.
[2022-05-11 20:54:39.510] [info] ExternalLoads 'ExternalLoads' was renamed and is being reset to 'externalloads'.
[2022-05-11 20:54:39.556] [info] Old version storage/motion file encountered
[2022-05-11 20:54:39.556] [info] Storage: read data file = Run_4_cycle3_grf.mot (nr=11821 nc=19)
[2022-05-11 20:54:39.556] [info] .. assuming rotations in Degrees..
[2022-05-11 20:54:39.728] [info] ExternalForce::RightFoot_ExternalForce Data source being set to Run_400 02_newCOP3_v24.mot
[2022-05-11 20:54:39.728] [info] ExternalForce::LeftFoot_ExternalForce Data source being set to Run_400 02_newCOP3_v24.mot
[2022-05-11 20:54:39.742] [info] Loading states from file 'Run_4_cycle3_states.sto'.
[2022-05-11 20:54:39.742] [info] Storage: read data file = Run_4_cycle3_states.sto (nr=2025 nc=259)
[2022-05-11 20:54:40.195] [info] Found 2025 state vectors with time stamps ranging from 2.073 to 2.725.
[2022-05-11 20:54:40.195] [info] Executing the analyses from 2.073 to 2.725...
[2022-05-11 20:54:46.642] [info] Printing results of investigation Run_4_cycle3 to ./
[2022-06-03 12:47:59.568] [info] Storage: read data file = Run_4_cycle3_states.sto (nr=2025 nc=259)
[2022-06-03 12:48:00.485] [info] Storage: read data file = Run_4_cycle3_states.sto (nr=2025 nc=259)
[2022-06-03 12:48:01.295] [info] AbstractTool Run_4_cycle3 loading model Run_4_cycle3_model.osim
[2022-06-03 12:48:01.399] [info] Updating Model file from 20302 to latest format...
[2022-06-03 12:48:01.540] [info] Loaded model modelModified from file Run_4_cycle3_model.osim
[2022-06-03 12:48:01.577] [info] ControllerSet 'Controllers' was renamed and is being reset to 'controllerset'.
[2022-06-03 12:48:01.681] [info] ExternalLoads 'ExternalLoads' was renamed and is being reset to 'externalloads'.
[2022-06-03 12:48:01.776] [info] Old version storage/motion file encountered
[2022-06-03 12:48:01.776] [info] Storage: read data file = Run_4_cycle3_grf.mot (nr=11821 nc=19)
[2022-06-03 12:48:01.776] [info] .. assuming rotations in Degrees..
[2022-06-03 12:48:02.075] [info] ExternalForce::RightFoot_ExternalForce Data source being set to Run_400 02_newCOP3_v24.mot
[2022-06-03 12:48:02.076] [info] ExternalForce::LeftFoot_ExternalForce Data source being set to Run_400 02_newCOP3_v24.mot
[2022-06-03 12:48:02.096] [info] Loading states from file 'Run_4_cycle3_states.sto'.
[2022-06-03 12:48:02.097] [info] Storage: read data file = Run_4_cycle3_states.sto (nr=2025 nc=259)
[2022-06-03 12:48:02.831] [info] Found 2025 state vectors with time stamps ranging from 2.073 to 2.725.
[2022-06-03 12:48:02.831] [info] Executing the analyses from 2.073 to 2.725...
[2022-06-03 12:48:12.912] [info] Printing results of investigation Run_4_cycle3 to ./
