[2022-05-11 20:56:48.135] [info] Storage: read data file = Run_4_cycle3_states.sto (nr=2038 nc=259)
[2022-05-11 20:56:48.614] [info] Storage: read data file = Run_4_cycle3_states.sto (nr=2038 nc=259)
[2022-05-11 20:56:49.088] [info] AbstractTool Run_4_cycle3 loading model Run_4_cycle3_model.osim
[2022-05-11 20:56:49.155] [info] Updating Model file from 20302 to latest format...
[2022-05-11 20:56:49.238] [info] Loaded model modelModified from file Run_4_cycle3_model.osim
[2022-05-11 20:56:49.255] [info] ControllerSet 'Controllers' was renamed and is being reset to 'controllerset'.
[2022-05-11 20:56:49.319] [info] ExternalLoads 'ExternalLoads' was renamed and is being reset to 'externalloads'.
[2022-05-11 20:56:49.373] [info] Old version storage/motion file encountered
[2022-05-11 20:56:49.373] [info] Storage: read data file = Run_4_cycle3_grf.mot (nr=5421 nc=19)
[2022-05-11 20:56:49.373] [info] .. assuming rotations in Degrees..
[2022-05-11 20:56:49.455] [info] ExternalForce::RightFoot_ExternalForce Data source being set to Run_400 02_newCOP3_v24.mot
[2022-05-11 20:56:49.455] [info] ExternalForce::LeftFoot_ExternalForce Data source being set to Run_400 02_newCOP3_v24.mot
[2022-05-11 20:56:49.465] [info] Loading states from file 'Run_4_cycle3_states.sto'.
[2022-05-11 20:56:49.465] [info] Storage: read data file = Run_4_cycle3_states.sto (nr=2038 nc=259)
[2022-05-11 20:56:49.944] [info] Found 2038 state vectors with time stamps ranging from 2.19 to 2.849.
[2022-05-11 20:56:49.944] [info] Executing the analyses from 2.19 to 2.849...
[2022-05-11 20:56:56.713] [info] Printing results of investigation Run_4_cycle3 to ./
[2022-06-03 12:54:19.014] [info] Storage: read data file = Run_4_cycle3_states.sto (nr=2038 nc=259)
[2022-06-03 12:54:19.696] [info] Storage: read data file = Run_4_cycle3_states.sto (nr=2038 nc=259)
[2022-06-03 12:54:20.364] [info] AbstractTool Run_4_cycle3 loading model Run_4_cycle3_model.osim
[2022-06-03 12:54:20.459] [info] Updating Model file from 20302 to latest format...
[2022-06-03 12:54:20.569] [info] Loaded model modelModified from file Run_4_cycle3_model.osim
[2022-06-03 12:54:20.600] [info] ControllerSet 'Controllers' was renamed and is being reset to 'controllerset'.
[2022-06-03 12:54:20.685] [info] ExternalLoads 'ExternalLoads' was renamed and is being reset to 'externalloads'.
[2022-06-03 12:54:20.764] [info] Old version storage/motion file encountered
[2022-06-03 12:54:20.764] [info] Storage: read data file = Run_4_cycle3_grf.mot (nr=5421 nc=19)
[2022-06-03 12:54:20.765] [info] .. assuming rotations in Degrees..
[2022-06-03 12:54:20.879] [info] ExternalForce::RightFoot_ExternalForce Data source being set to Run_400 02_newCOP3_v24.mot
[2022-06-03 12:54:20.879] [info] ExternalForce::LeftFoot_ExternalForce Data source being set to Run_400 02_newCOP3_v24.mot
[2022-06-03 12:54:20.891] [info] Loading states from file 'Run_4_cycle3_states.sto'.
[2022-06-03 12:54:20.891] [info] Storage: read data file = Run_4_cycle3_states.sto (nr=2038 nc=259)
[2022-06-03 12:54:21.521] [info] Found 2038 state vectors with time stamps ranging from 2.19 to 2.849.
[2022-06-03 12:54:21.521] [info] Executing the analyses from 2.19 to 2.849...
[2022-06-03 12:54:29.601] [info] Printing results of investigation Run_4_cycle3 to ./
