[2022-05-11 20:57:15.090] [info] Storage: read data file = Run_5_cycle3_states.sto (nr=2242 nc=259)
[2022-05-11 20:57:15.715] [info] Storage: read data file = Run_5_cycle3_states.sto (nr=2242 nc=259)
[2022-05-11 20:57:16.326] [info] AbstractTool Run_5_cycle3 loading model Run_5_cycle3_model.osim
[2022-05-11 20:57:16.401] [info] Updating Model file from 20302 to latest format...
[2022-05-11 20:57:16.499] [info] Loaded model modelModified from file Run_5_cycle3_model.osim
[2022-05-11 20:57:16.519] [info] ControllerSet 'Controllers' was renamed and is being reset to 'controllerset'.
[2022-05-11 20:57:16.592] [info] ExternalLoads 'ExternalLoads' was renamed and is being reset to 'externalloads'.
[2022-05-11 20:57:16.653] [info] Old version storage/motion file encountered
[2022-05-11 20:57:16.653] [info] Storage: read data file = Run_5_cycle3_grf.mot (nr=5431 nc=19)
[2022-05-11 20:57:16.653] [info] .. assuming rotations in Degrees..
[2022-05-11 20:57:16.747] [info] ExternalForce::RightFoot_ExternalForce Data source being set to Run_500 02_newCOP3_v24.mot
[2022-05-11 20:57:16.747] [info] ExternalForce::LeftFoot_ExternalForce Data source being set to Run_500 02_newCOP3_v24.mot
[2022-05-11 20:57:16.759] [info] Loading states from file 'Run_5_cycle3_states.sto'.
[2022-05-11 20:57:16.759] [info] Storage: read data file = Run_5_cycle3_states.sto (nr=2242 nc=259)
[2022-05-11 20:57:17.356] [info] Found 2242 state vectors with time stamps ranging from 3.868 to 4.453.
[2022-05-11 20:57:17.356] [info] Executing the analyses from 3.868 to 4.453...
[2022-05-11 20:57:24.382] [info] Printing results of investigation Run_5_cycle3 to ./
[2022-06-03 12:55:17.106] [info] Storage: read data file = Run_5_cycle3_states.sto (nr=2242 nc=259)
[2022-06-03 12:55:17.830] [info] Storage: read data file = Run_5_cycle3_states.sto (nr=2242 nc=259)
[2022-06-03 12:55:18.516] [info] AbstractTool Run_5_cycle3 loading model Run_5_cycle3_model.osim
[2022-06-03 12:55:18.607] [info] Updating Model file from 20302 to latest format...
[2022-06-03 12:55:18.717] [info] Loaded model modelModified from file Run_5_cycle3_model.osim
[2022-06-03 12:55:18.745] [info] ControllerSet 'Controllers' was renamed and is being reset to 'controllerset'.
[2022-06-03 12:55:18.824] [info] ExternalLoads 'ExternalLoads' was renamed and is being reset to 'externalloads'.
[2022-06-03 12:55:18.910] [info] Old version storage/motion file encountered
[2022-06-03 12:55:18.910] [info] Storage: read data file = Run_5_cycle3_grf.mot (nr=5431 nc=19)
[2022-06-03 12:55:18.910] [info] .. assuming rotations in Degrees..
[2022-06-03 12:55:19.031] [info] ExternalForce::RightFoot_ExternalForce Data source being set to Run_500 02_newCOP3_v24.mot
[2022-06-03 12:55:19.031] [info] ExternalForce::LeftFoot_ExternalForce Data source being set to Run_500 02_newCOP3_v24.mot
[2022-06-03 12:55:19.045] [info] Loading states from file 'Run_5_cycle3_states.sto'.
[2022-06-03 12:55:19.045] [info] Storage: read data file = Run_5_cycle3_states.sto (nr=2242 nc=259)
[2022-06-03 12:55:19.754] [info] Found 2242 state vectors with time stamps ranging from 3.868 to 4.453.
[2022-06-03 12:55:19.754] [info] Executing the analyses from 3.868 to 4.453...
[2022-06-03 12:55:28.957] [info] Printing results of investigation Run_5_cycle3 to ./
