[2022-05-11 21:01:59.742] [info] Storage: read data file = Run_5_cycle1_states.sto (nr=1914 nc=259)
[2022-05-11 21:02:00.160] [info] Storage: read data file = Run_5_cycle1_states.sto (nr=1914 nc=259)
[2022-05-11 21:02:00.595] [info] AbstractTool Run_5_cycle1 loading model Run_5_cycle1_model.osim
[2022-05-11 21:02:00.659] [info] Updating Model file from 20302 to latest format...
[2022-05-11 21:02:00.737] [info] Loaded model modelModified from file Run_5_cycle1_model.osim
[2022-05-11 21:02:01.260] [info] ControllerSet 'Controllers' was renamed and is being reset to 'controllerset'.
[2022-05-11 21:02:01.325] [info] ExternalLoads 'ExternalLoads' was renamed and is being reset to 'externalloads'.
[2022-05-11 21:02:01.384] [info] Old version storage/motion file encountered
[2022-05-11 21:02:01.384] [info] Storage: read data file = Run_5_cycle1_grf.mot (nr=5169 nc=19)
[2022-05-11 21:02:01.384] [info] .. assuming rotations in Degrees..
[2022-05-11 21:02:01.460] [info] ExternalForce::RightFoot_ExternalForce Data source being set to Run_500 02_newCOP3_v24.mot
[2022-05-11 21:02:01.460] [info] ExternalForce::LeftFoot_ExternalForce Data source being set to Run_500 02_newCOP3_v24.mot
[2022-05-11 21:02:01.470] [info] Loading states from file 'Run_5_cycle1_states.sto'.
[2022-05-11 21:02:01.470] [info] Storage: read data file = Run_5_cycle1_states.sto (nr=1914 nc=259)
[2022-05-11 21:02:01.921] [info] Found 1914 state vectors with time stamps ranging from 0.127917 to 0.674917.
[2022-05-11 21:02:01.922] [info] Executing the analyses from 0.127917 to 0.674917...
[2022-05-11 21:02:08.338] [info] Printing results of investigation Run_5_cycle1 to ./
[2022-06-03 13:05:06.974] [info] Storage: read data file = Run_5_cycle1_states.sto (nr=1914 nc=259)
[2022-06-03 13:05:07.511] [info] Storage: read data file = Run_5_cycle1_states.sto (nr=1914 nc=259)
[2022-06-03 13:05:08.044] [info] AbstractTool Run_5_cycle1 loading model Run_5_cycle1_model.osim
[2022-06-03 13:05:08.124] [info] Updating Model file from 20302 to latest format...
[2022-06-03 13:05:08.214] [info] Loaded model modelModified from file Run_5_cycle1_model.osim
[2022-06-03 13:05:09.007] [info] ControllerSet 'Controllers' was renamed and is being reset to 'controllerset'.
[2022-06-03 13:05:09.072] [info] ExternalLoads 'ExternalLoads' was renamed and is being reset to 'externalloads'.
[2022-06-03 13:05:09.132] [info] Old version storage/motion file encountered
[2022-06-03 13:05:09.133] [info] Storage: read data file = Run_5_cycle1_grf.mot (nr=5169 nc=19)
[2022-06-03 13:05:09.133] [info] .. assuming rotations in Degrees..
[2022-06-03 13:05:09.207] [info] ExternalForce::RightFoot_ExternalForce Data source being set to Run_500 02_newCOP3_v24.mot
[2022-06-03 13:05:09.207] [info] ExternalForce::LeftFoot_ExternalForce Data source being set to Run_500 02_newCOP3_v24.mot
[2022-06-03 13:05:09.217] [info] Loading states from file 'Run_5_cycle1_states.sto'.
[2022-06-03 13:05:09.218] [info] Storage: read data file = Run_5_cycle1_states.sto (nr=1914 nc=259)
[2022-06-03 13:05:09.681] [info] Found 1914 state vectors with time stamps ranging from 0.127917 to 0.674917.
[2022-06-03 13:05:09.681] [info] Executing the analyses from 0.127917 to 0.674917...
[2022-06-03 13:05:16.133] [info] Printing results of investigation Run_5_cycle1 to ./
