[2022-05-11 20:54:46.894] [info] Storage: read data file = Run_5_cycle1_states.sto (nr=1936 nc=259)
[2022-05-11 20:54:47.346] [info] Storage: read data file = Run_5_cycle1_states.sto (nr=1936 nc=259)
[2022-05-11 20:54:47.805] [info] AbstractTool Run_5_cycle1 loading model Run_5_cycle1_model.osim
[2022-05-11 20:54:47.850] [info] Updating Model file from 20302 to latest format...
[2022-05-11 20:54:47.941] [info] Loaded model modelModified from file Run_5_cycle1_model.osim
[2022-05-11 20:54:47.960] [info] ControllerSet 'Controllers' was renamed and is being reset to 'controllerset'.
[2022-05-11 20:54:48.026] [info] ExternalLoads 'ExternalLoads' was renamed and is being reset to 'externalloads'.
[2022-05-11 20:54:48.078] [info] Old version storage/motion file encountered
[2022-05-11 20:54:48.078] [info] Storage: read data file = Run_5_cycle1_grf.mot (nr=10761 nc=19)
[2022-05-11 20:54:48.078] [info] .. assuming rotations in Degrees..
[2022-05-11 20:54:48.255] [info] ExternalForce::RightFoot_ExternalForce Data source being set to Run_500 04_newCOP3_v24.mot
[2022-05-11 20:54:48.255] [info] ExternalForce::LeftFoot_ExternalForce Data source being set to Run_500 04_newCOP3_v24.mot
[2022-05-11 20:54:48.271] [info] Loading states from file 'Run_5_cycle1_states.sto'.
[2022-05-11 20:54:48.271] [info] Storage: read data file = Run_5_cycle1_states.sto (nr=1936 nc=259)
[2022-05-11 20:54:48.753] [info] Found 1936 state vectors with time stamps ranging from 0.2845 to 0.8685.
[2022-05-11 20:54:48.753] [info] Executing the analyses from 0.2845 to 0.8685...
[2022-05-11 20:54:55.427] [info] Printing results of investigation Run_5_cycle1 to ./
[2022-06-03 12:48:23.732] [info] Storage: read data file = Run_5_cycle1_states.sto (nr=1936 nc=259)
[2022-06-03 12:48:24.524] [info] Storage: read data file = Run_5_cycle1_states.sto (nr=1936 nc=259)
[2022-06-03 12:48:25.296] [info] AbstractTool Run_5_cycle1 loading model Run_5_cycle1_model.osim
[2022-06-03 12:48:25.410] [info] Updating Model file from 20302 to latest format...
[2022-06-03 12:48:25.544] [info] Loaded model modelModified from file Run_5_cycle1_model.osim
[2022-06-03 12:48:25.579] [info] ControllerSet 'Controllers' was renamed and is being reset to 'controllerset'.
[2022-06-03 12:48:25.685] [info] ExternalLoads 'ExternalLoads' was renamed and is being reset to 'externalloads'.
[2022-06-03 12:48:25.783] [info] Old version storage/motion file encountered
[2022-06-03 12:48:25.783] [info] Storage: read data file = Run_5_cycle1_grf.mot (nr=10761 nc=19)
[2022-06-03 12:48:25.783] [info] .. assuming rotations in Degrees..
[2022-06-03 12:48:26.040] [info] ExternalForce::RightFoot_ExternalForce Data source being set to Run_500 04_newCOP3_v24.mot
[2022-06-03 12:48:26.041] [info] ExternalForce::LeftFoot_ExternalForce Data source being set to Run_500 04_newCOP3_v24.mot
[2022-06-03 12:48:26.063] [info] Loading states from file 'Run_5_cycle1_states.sto'.
[2022-06-03 12:48:26.063] [info] Storage: read data file = Run_5_cycle1_states.sto (nr=1936 nc=259)
[2022-06-03 12:48:26.817] [info] Found 1936 state vectors with time stamps ranging from 0.2845 to 0.8685.
[2022-06-03 12:48:26.817] [info] Executing the analyses from 0.2845 to 0.8685...
[2022-06-03 12:48:37.975] [info] Printing results of investigation Run_5_cycle1 to ./
