[2022-05-11 20:55:53.812] [info] Storage: read data file = Run_5_cycle1_states.sto (nr=1778 nc=259)
[2022-05-11 20:55:54.197] [info] Storage: read data file = Run_5_cycle1_states.sto (nr=1778 nc=259)
[2022-05-11 20:55:54.592] [info] AbstractTool Run_5_cycle1 loading model Run_5_cycle1_model.osim
[2022-05-11 20:55:54.639] [info] Updating Model file from 20302 to latest format...
[2022-05-11 20:55:54.736] [info] Loaded model modelModified from file Run_5_cycle1_model.osim
[2022-05-11 20:55:54.754] [info] ControllerSet 'Controllers' was renamed and is being reset to 'controllerset'.
[2022-05-11 20:55:54.826] [info] ExternalLoads 'ExternalLoads' was renamed and is being reset to 'externalloads'.
[2022-05-11 20:55:54.877] [info] Old version storage/motion file encountered
[2022-05-11 20:55:54.877] [info] Storage: read data file = Run_5_cycle1_grf.mot (nr=5151 nc=19)
[2022-05-11 20:55:54.877] [info] .. assuming rotations in Degrees..
[2022-05-11 20:55:54.958] [info] ExternalForce::RightFoot_ExternalForce Data source being set to Run_500 03_newCOP3_v24.mot
[2022-05-11 20:55:54.958] [info] ExternalForce::LeftFoot_ExternalForce Data source being set to Run_500 03_newCOP3_v24.mot
[2022-05-11 20:55:54.969] [info] Loading states from file 'Run_5_cycle1_states.sto'.
[2022-05-11 20:55:54.969] [info] Storage: read data file = Run_5_cycle1_states.sto (nr=1778 nc=259)
[2022-05-11 20:55:55.431] [info] Found 1778 state vectors with time stamps ranging from 0.412 to 0.981.
[2022-05-11 20:55:55.432] [info] Executing the analyses from 0.412 to 0.981...
[2022-05-11 20:56:00.134] [info] Printing results of investigation Run_5_cycle1 to ./
[2022-06-03 12:51:35.015] [info] Storage: read data file = Run_5_cycle1_states.sto (nr=1778 nc=259)
[2022-06-03 12:51:35.712] [info] Storage: read data file = Run_5_cycle1_states.sto (nr=1778 nc=259)
[2022-06-03 12:51:36.531] [info] AbstractTool Run_5_cycle1 loading model Run_5_cycle1_model.osim
[2022-06-03 12:51:36.666] [info] Updating Model file from 20302 to latest format...
[2022-06-03 12:51:36.830] [info] Loaded model modelModified from file Run_5_cycle1_model.osim
[2022-06-03 12:51:37.603] [info] ControllerSet 'Controllers' was renamed and is being reset to 'controllerset'.
[2022-06-03 12:51:37.717] [info] ExternalLoads 'ExternalLoads' was renamed and is being reset to 'externalloads'.
[2022-06-03 12:51:37.831] [info] Old version storage/motion file encountered
[2022-06-03 12:51:37.831] [info] Storage: read data file = Run_5_cycle1_grf.mot (nr=5151 nc=19)
[2022-06-03 12:51:37.831] [info] .. assuming rotations in Degrees..
[2022-06-03 12:51:37.957] [info] ExternalForce::RightFoot_ExternalForce Data source being set to Run_500 03_newCOP3_v24.mot
[2022-06-03 12:51:37.957] [info] ExternalForce::LeftFoot_ExternalForce Data source being set to Run_500 03_newCOP3_v24.mot
[2022-06-03 12:51:37.972] [info] Loading states from file 'Run_5_cycle1_states.sto'.
[2022-06-03 12:51:37.972] [info] Storage: read data file = Run_5_cycle1_states.sto (nr=1778 nc=259)
[2022-06-03 12:51:38.694] [info] Found 1778 state vectors with time stamps ranging from 0.412 to 0.981.
[2022-06-03 12:51:38.694] [info] Executing the analyses from 0.412 to 0.981...
[2022-06-03 12:51:47.347] [info] Printing results of investigation Run_5_cycle1 to ./
