[2022-05-11 21:02:08.608] [info] Storage: read data file = Run_5_cycle2_states.sto (nr=2050 nc=259)
[2022-05-11 21:02:09.122] [info] Storage: read data file = Run_5_cycle2_states.sto (nr=2050 nc=259)
[2022-05-11 21:02:09.619] [info] AbstractTool Run_5_cycle2 loading model Run_5_cycle2_model.osim
[2022-05-11 21:02:09.685] [info] Updating Model file from 20302 to latest format...
[2022-05-11 21:02:09.766] [info] Loaded model modelModified from file Run_5_cycle2_model.osim
[2022-05-11 21:02:10.310] [info] ControllerSet 'Controllers' was renamed and is being reset to 'controllerset'.
[2022-05-11 21:02:10.365] [info] ExternalLoads 'ExternalLoads' was renamed and is being reset to 'externalloads'.
[2022-05-11 21:02:10.412] [info] Old version storage/motion file encountered
[2022-05-11 21:02:10.412] [info] Storage: read data file = Run_5_cycle2_grf.mot (nr=5169 nc=19)
[2022-05-11 21:02:10.412] [info] .. assuming rotations in Degrees..
[2022-05-11 21:02:10.484] [info] ExternalForce::RightFoot_ExternalForce Data source being set to Run_500 02_newCOP3_v24.mot
[2022-05-11 21:02:10.485] [info] ExternalForce::LeftFoot_ExternalForce Data source being set to Run_500 02_newCOP3_v24.mot
[2022-05-11 21:02:10.494] [info] Loading states from file 'Run_5_cycle2_states.sto'.
[2022-05-11 21:02:10.494] [info] Storage: read data file = Run_5_cycle2_states.sto (nr=2050 nc=259)
[2022-05-11 21:02:10.943] [info] Found 2050 state vectors with time stamps ranging from 0.71542 to 1.27142.
[2022-05-11 21:02:10.943] [info] Executing the analyses from 0.71542 to 1.27142...
[2022-05-11 21:02:16.736] [info] Printing results of investigation Run_5_cycle2 to ./
[2022-06-03 13:05:23.201] [info] Storage: read data file = Run_5_cycle2_states.sto (nr=2050 nc=259)
[2022-06-03 13:05:23.751] [info] Storage: read data file = Run_5_cycle2_states.sto (nr=2050 nc=259)
[2022-06-03 13:05:24.327] [info] AbstractTool Run_5_cycle2 loading model Run_5_cycle2_model.osim
[2022-06-03 13:05:24.407] [info] Updating Model file from 20302 to latest format...
[2022-06-03 13:05:24.512] [info] Loaded model modelModified from file Run_5_cycle2_model.osim
[2022-06-03 13:05:25.232] [info] ControllerSet 'Controllers' was renamed and is being reset to 'controllerset'.
[2022-06-03 13:05:25.311] [info] ExternalLoads 'ExternalLoads' was renamed and is being reset to 'externalloads'.
[2022-06-03 13:05:25.372] [info] Old version storage/motion file encountered
[2022-06-03 13:05:25.372] [info] Storage: read data file = Run_5_cycle2_grf.mot (nr=5169 nc=19)
[2022-06-03 13:05:25.372] [info] .. assuming rotations in Degrees..
[2022-06-03 13:05:25.454] [info] ExternalForce::RightFoot_ExternalForce Data source being set to Run_500 02_newCOP3_v24.mot
[2022-06-03 13:05:25.454] [info] ExternalForce::LeftFoot_ExternalForce Data source being set to Run_500 02_newCOP3_v24.mot
[2022-06-03 13:05:25.464] [info] Loading states from file 'Run_5_cycle2_states.sto'.
[2022-06-03 13:05:25.465] [info] Storage: read data file = Run_5_cycle2_states.sto (nr=2050 nc=259)
[2022-06-03 13:05:25.973] [info] Found 2050 state vectors with time stamps ranging from 0.71542 to 1.27142.
[2022-06-03 13:05:25.973] [info] Executing the analyses from 0.71542 to 1.27142...
[2022-06-03 13:05:33.156] [info] Printing results of investigation Run_5_cycle2 to ./
