[2022-05-11 20:55:33.215] [info] Storage: read data file = Run_4_cycle1_states.sto (nr=1693 nc=259)
[2022-05-11 20:55:33.632] [info] Storage: read data file = Run_4_cycle1_states.sto (nr=1693 nc=259)
[2022-05-11 20:55:34.043] [info] AbstractTool Run_4_cycle1 loading model Run_4_cycle1_model.osim
[2022-05-11 20:55:34.108] [info] Updating Model file from 20302 to latest format...
[2022-05-11 20:55:34.194] [info] Loaded model modelModified from file Run_4_cycle1_model.osim
[2022-05-11 20:55:34.211] [info] ControllerSet 'Controllers' was renamed and is being reset to 'controllerset'.
[2022-05-11 20:55:34.270] [info] ExternalLoads 'ExternalLoads' was renamed and is being reset to 'externalloads'.
[2022-05-11 20:55:34.318] [info] Old version storage/motion file encountered
[2022-05-11 20:55:34.318] [info] Storage: read data file = Run_4_cycle1_grf.mot (nr=5401 nc=19)
[2022-05-11 20:55:34.318] [info] .. assuming rotations in Degrees..
[2022-05-11 20:55:34.401] [info] ExternalForce::RightFoot_ExternalForce Data source being set to Run_400 02_newCOP3_v24.mot
[2022-05-11 20:55:34.401] [info] ExternalForce::LeftFoot_ExternalForce Data source being set to Run_400 02_newCOP3_v24.mot
[2022-05-11 20:55:34.411] [info] Loading states from file 'Run_4_cycle1_states.sto'.
[2022-05-11 20:55:34.411] [info] Storage: read data file = Run_4_cycle1_states.sto (nr=1693 nc=259)
[2022-05-11 20:55:34.824] [info] Found 1693 state vectors with time stamps ranging from 0.211 to 0.824.
[2022-05-11 20:55:34.824] [info] Executing the analyses from 0.211 to 0.824...
[2022-05-11 20:55:40.091] [info] Printing results of investigation Run_4_cycle1 to ./
[2022-06-03 12:50:33.814] [info] Storage: read data file = Run_4_cycle1_states.sto (nr=1693 nc=259)
[2022-06-03 12:50:34.529] [info] Storage: read data file = Run_4_cycle1_states.sto (nr=1693 nc=259)
[2022-06-03 12:50:35.200] [info] AbstractTool Run_4_cycle1 loading model Run_4_cycle1_model.osim
[2022-06-03 12:50:35.316] [info] Updating Model file from 20302 to latest format...
[2022-06-03 12:50:35.450] [info] Loaded model modelModified from file Run_4_cycle1_model.osim
[2022-06-03 12:50:36.299] [info] ControllerSet 'Controllers' was renamed and is being reset to 'controllerset'.
[2022-06-03 12:50:36.412] [info] ExternalLoads 'ExternalLoads' was renamed and is being reset to 'externalloads'.
[2022-06-03 12:50:36.510] [info] Old version storage/motion file encountered
[2022-06-03 12:50:36.510] [info] Storage: read data file = Run_4_cycle1_grf.mot (nr=5401 nc=19)
[2022-06-03 12:50:36.510] [info] .. assuming rotations in Degrees..
[2022-06-03 12:50:36.634] [info] ExternalForce::RightFoot_ExternalForce Data source being set to Run_400 02_newCOP3_v24.mot
[2022-06-03 12:50:36.634] [info] ExternalForce::LeftFoot_ExternalForce Data source being set to Run_400 02_newCOP3_v24.mot
[2022-06-03 12:50:36.649] [info] Loading states from file 'Run_4_cycle1_states.sto'.
[2022-06-03 12:50:36.650] [info] Storage: read data file = Run_4_cycle1_states.sto (nr=1693 nc=259)
[2022-06-03 12:50:37.275] [info] Found 1693 state vectors with time stamps ranging from 0.211 to 0.824.
[2022-06-03 12:50:37.275] [info] Executing the analyses from 0.211 to 0.824...
[2022-06-03 12:50:45.694] [info] Printing results of investigation Run_4_cycle1 to ./
