[2022-05-11 20:57:39.885] [info] Storage: read data file = Run_3_cycle3_states.sto (nr=1646 nc=259)
[2022-05-11 20:57:40.303] [info] Storage: read data file = Run_3_cycle3_states.sto (nr=1646 nc=259)
[2022-05-11 20:57:40.757] [info] AbstractTool Run_3_cycle3 loading model Run_3_cycle3_model.osim
[2022-05-11 20:57:40.842] [info] Updating Model file from 20302 to latest format...
[2022-05-11 20:57:40.938] [info] Loaded model modelModified from file Run_3_cycle3_model.osim
[2022-05-11 20:57:40.957] [info] ControllerSet 'Controllers' was renamed and is being reset to 'controllerset'.
[2022-05-11 20:57:41.032] [info] ExternalLoads 'ExternalLoads' was renamed and is being reset to 'externalloads'.
[2022-05-11 20:57:41.096] [info] Old version storage/motion file encountered
[2022-05-11 20:57:41.096] [info] Storage: read data file = Run_3_cycle3_grf.mot (nr=5261 nc=19)
[2022-05-11 20:57:41.096] [info] .. assuming rotations in Degrees..
[2022-05-11 20:57:41.186] [info] ExternalForce::RightFoot_ExternalForce Data source being set to Run_300 02_newCOP3_v24.mot
[2022-05-11 20:57:41.186] [info] ExternalForce::LeftFoot_ExternalForce Data source being set to Run_300 02_newCOP3_v24.mot
[2022-05-11 20:57:41.198] [info] Loading states from file 'Run_3_cycle3_states.sto'.
[2022-05-11 20:57:41.198] [info] Storage: read data file = Run_3_cycle3_states.sto (nr=1646 nc=259)
[2022-05-11 20:57:41.641] [info] Found 1646 state vectors with time stamps ranging from 1.811 to 2.446.
[2022-05-11 20:57:41.641] [info] Executing the analyses from 1.811 to 2.446...
[2022-05-11 20:57:46.908] [info] Printing results of investigation Run_3_cycle3 to ./
[2022-06-03 12:56:17.783] [info] Storage: read data file = Run_3_cycle3_states.sto (nr=1646 nc=259)
[2022-06-03 12:56:18.215] [info] Storage: read data file = Run_3_cycle3_states.sto (nr=1646 nc=259)
[2022-06-03 12:56:18.676] [info] AbstractTool Run_3_cycle3 loading model Run_3_cycle3_model.osim
[2022-06-03 12:56:18.758] [info] Updating Model file from 20302 to latest format...
[2022-06-03 12:56:18.852] [info] Loaded model modelModified from file Run_3_cycle3_model.osim
[2022-06-03 12:56:18.878] [info] ControllerSet 'Controllers' was renamed and is being reset to 'controllerset'.
[2022-06-03 12:56:18.955] [info] ExternalLoads 'ExternalLoads' was renamed and is being reset to 'externalloads'.
[2022-06-03 12:56:19.029] [info] Old version storage/motion file encountered
[2022-06-03 12:56:19.029] [info] Storage: read data file = Run_3_cycle3_grf.mot (nr=5261 nc=19)
[2022-06-03 12:56:19.029] [info] .. assuming rotations in Degrees..
[2022-06-03 12:56:19.119] [info] ExternalForce::RightFoot_ExternalForce Data source being set to Run_300 02_newCOP3_v24.mot
[2022-06-03 12:56:19.119] [info] ExternalForce::LeftFoot_ExternalForce Data source being set to Run_300 02_newCOP3_v24.mot
[2022-06-03 12:56:19.130] [info] Loading states from file 'Run_3_cycle3_states.sto'.
[2022-06-03 12:56:19.130] [info] Storage: read data file = Run_3_cycle3_states.sto (nr=1646 nc=259)
[2022-06-03 12:56:19.567] [info] Found 1646 state vectors with time stamps ranging from 1.811 to 2.446.
[2022-06-03 12:56:19.567] [info] Executing the analyses from 1.811 to 2.446...
[2022-06-03 12:56:25.030] [info] Printing results of investigation Run_3_cycle3 to ./
