[2022-05-11 21:01:37.622] [info] Storage: read data file = Run_4_cycle1_states.sto (nr=2046 nc=259)
[2022-05-11 21:01:38.049] [info] Storage: read data file = Run_4_cycle1_states.sto (nr=2046 nc=259)
[2022-05-11 21:01:38.477] [info] AbstractTool Run_4_cycle1 loading model Run_4_cycle1_model.osim
[2022-05-11 21:01:38.537] [info] Updating Model file from 20302 to latest format...
[2022-05-11 21:01:38.611] [info] Loaded model modelModified from file Run_4_cycle1_model.osim
[2022-05-11 21:01:39.366] [info] ControllerSet 'Controllers' was renamed and is being reset to 'controllerset'.
[2022-05-11 21:01:39.424] [info] ExternalLoads 'ExternalLoads' was renamed and is being reset to 'externalloads'.
[2022-05-11 21:01:39.468] [info] Old version storage/motion file encountered
[2022-05-11 21:01:39.468] [info] Storage: read data file = Run_4_cycle1_grf.mot (nr=5553 nc=19)
[2022-05-11 21:01:39.468] [info] .. assuming rotations in Degrees..
[2022-05-11 21:01:39.540] [info] ExternalForce::RightFoot_ExternalForce Data source being set to Run_400 01_newCOP3_v24.mot
[2022-05-11 21:01:39.540] [info] ExternalForce::LeftFoot_ExternalForce Data source being set to Run_400 01_newCOP3_v24.mot
[2022-05-11 21:01:39.548] [info] Loading states from file 'Run_4_cycle1_states.sto'.
[2022-05-11 21:01:39.549] [info] Storage: read data file = Run_4_cycle1_states.sto (nr=2046 nc=259)
[2022-05-11 21:01:39.938] [info] Found 2046 state vectors with time stamps ranging from 0.107083 to 0.720083.
[2022-05-11 21:01:39.938] [info] Executing the analyses from 0.107083 to 0.720083...
[2022-05-11 21:01:45.062] [info] Printing results of investigation Run_4_cycle1 to ./
[2022-06-03 13:04:19.750] [info] Storage: read data file = Run_4_cycle1_states.sto (nr=2046 nc=259)
[2022-06-03 13:04:20.293] [info] Storage: read data file = Run_4_cycle1_states.sto (nr=2046 nc=259)
[2022-06-03 13:04:20.855] [info] AbstractTool Run_4_cycle1 loading model Run_4_cycle1_model.osim
[2022-06-03 13:04:20.936] [info] Updating Model file from 20302 to latest format...
[2022-06-03 13:04:21.028] [info] Loaded model modelModified from file Run_4_cycle1_model.osim
[2022-06-03 13:04:21.762] [info] ControllerSet 'Controllers' was renamed and is being reset to 'controllerset'.
[2022-06-03 13:04:21.833] [info] ExternalLoads 'ExternalLoads' was renamed and is being reset to 'externalloads'.
[2022-06-03 13:04:21.897] [info] Old version storage/motion file encountered
[2022-06-03 13:04:21.897] [info] Storage: read data file = Run_4_cycle1_grf.mot (nr=5553 nc=19)
[2022-06-03 13:04:21.897] [info] .. assuming rotations in Degrees..
[2022-06-03 13:04:21.980] [info] ExternalForce::RightFoot_ExternalForce Data source being set to Run_400 01_newCOP3_v24.mot
[2022-06-03 13:04:21.980] [info] ExternalForce::LeftFoot_ExternalForce Data source being set to Run_400 01_newCOP3_v24.mot
[2022-06-03 13:04:21.991] [info] Loading states from file 'Run_4_cycle1_states.sto'.
[2022-06-03 13:04:21.991] [info] Storage: read data file = Run_4_cycle1_states.sto (nr=2046 nc=259)
[2022-06-03 13:04:22.508] [info] Found 2046 state vectors with time stamps ranging from 0.107083 to 0.720083.
[2022-06-03 13:04:22.508] [info] Executing the analyses from 0.107083 to 0.720083...
[2022-06-03 13:04:29.647] [info] Printing results of investigation Run_4_cycle1 to ./
