[2022-05-11 20:53:46.309] [info] Storage: read data file = Run_5_cycle2_states.sto (nr=2105 nc=259)
[2022-05-11 20:53:46.746] [info] Storage: read data file = Run_5_cycle2_states.sto (nr=2105 nc=259)
[2022-05-11 20:53:47.176] [info] AbstractTool Run_5_cycle2 loading model Run_5_cycle2_model.osim
[2022-05-11 20:53:47.219] [info] Updating Model file from 20302 to latest format...
[2022-05-11 20:53:47.293] [info] Loaded model modelModified from file Run_5_cycle2_model.osim
[2022-05-11 20:53:47.308] [info] ControllerSet 'Controllers' was renamed and is being reset to 'controllerset'.
[2022-05-11 20:53:47.363] [info] ExternalLoads 'ExternalLoads' was renamed and is being reset to 'externalloads'.
[2022-05-11 20:53:47.405] [info] Old version storage/motion file encountered
[2022-05-11 20:53:47.405] [info] Storage: read data file = Run_5_cycle2_grf.mot (nr=7261 nc=19)
[2022-05-11 20:53:47.405] [info] .. assuming rotations in Degrees..
[2022-05-11 20:53:47.504] [info] ExternalForce::RightFoot_ExternalForce Data source being set to Run_500 03_newCOP3_v24.mot
[2022-05-11 20:53:47.504] [info] ExternalForce::LeftFoot_ExternalForce Data source being set to Run_500 03_newCOP3_v24.mot
[2022-05-11 20:53:47.513] [info] Loading states from file 'Run_5_cycle2_states.sto'.
[2022-05-11 20:53:47.513] [info] Storage: read data file = Run_5_cycle2_states.sto (nr=2105 nc=259)
[2022-05-11 20:53:47.952] [info] Found 2105 state vectors with time stamps ranging from 0.943 to 1.533.
[2022-05-11 20:53:47.952] [info] Executing the analyses from 0.943 to 1.533...
[2022-05-11 20:53:53.487] [info] Printing results of investigation Run_5_cycle2 to ./
[2022-06-03 12:45:14.323] [info] Storage: read data file = Run_5_cycle2_states.sto (nr=2105 nc=259)
[2022-06-03 12:45:15.131] [info] Storage: read data file = Run_5_cycle2_states.sto (nr=2105 nc=259)
[2022-06-03 12:45:15.876] [info] AbstractTool Run_5_cycle2 loading model Run_5_cycle2_model.osim
[2022-06-03 12:45:15.983] [info] Updating Model file from 20302 to latest format...
[2022-06-03 12:45:16.102] [info] Loaded model modelModified from file Run_5_cycle2_model.osim
[2022-06-03 12:45:16.139] [info] ControllerSet 'Controllers' was renamed and is being reset to 'controllerset'.
[2022-06-03 12:45:16.233] [info] ExternalLoads 'ExternalLoads' was renamed and is being reset to 'externalloads'.
[2022-06-03 12:45:16.436] [info] Old version storage/motion file encountered
[2022-06-03 12:45:16.436] [info] Storage: read data file = Run_5_cycle2_grf.mot (nr=7261 nc=19)
[2022-06-03 12:45:16.436] [info] .. assuming rotations in Degrees..
[2022-06-03 12:45:16.584] [info] ExternalForce::RightFoot_ExternalForce Data source being set to Run_500 03_newCOP3_v24.mot
[2022-06-03 12:45:16.584] [info] ExternalForce::LeftFoot_ExternalForce Data source being set to Run_500 03_newCOP3_v24.mot
[2022-06-03 12:45:16.598] [info] Loading states from file 'Run_5_cycle2_states.sto'.
[2022-06-03 12:45:16.598] [info] Storage: read data file = Run_5_cycle2_states.sto (nr=2105 nc=259)
[2022-06-03 12:45:17.302] [info] Found 2105 state vectors with time stamps ranging from 0.943 to 1.533.
[2022-06-03 12:45:17.302] [info] Executing the analyses from 0.943 to 1.533...
[2022-06-03 12:45:27.578] [info] Printing results of investigation Run_5_cycle2 to ./
