[2022-05-11 21:01:45.277] [info] Storage: read data file = Run_4_cycle2_states.sto (nr=2037 nc=259)
[2022-05-11 21:01:45.701] [info] Storage: read data file = Run_4_cycle2_states.sto (nr=2037 nc=259)
[2022-05-11 21:01:46.146] [info] AbstractTool Run_4_cycle2 loading model Run_4_cycle2_model.osim
[2022-05-11 21:01:46.217] [info] Updating Model file from 20302 to latest format...
[2022-05-11 21:01:46.295] [info] Loaded model modelModified from file Run_4_cycle2_model.osim
[2022-05-11 21:01:46.811] [info] ControllerSet 'Controllers' was renamed and is being reset to 'controllerset'.
[2022-05-11 21:01:46.869] [info] ExternalLoads 'ExternalLoads' was renamed and is being reset to 'externalloads'.
[2022-05-11 21:01:46.917] [info] Old version storage/motion file encountered
[2022-05-11 21:01:46.917] [info] Storage: read data file = Run_4_cycle2_grf.mot (nr=5553 nc=19)
[2022-05-11 21:01:46.917] [info] .. assuming rotations in Degrees..
[2022-05-11 21:01:46.989] [info] ExternalForce::RightFoot_ExternalForce Data source being set to Run_400 01_newCOP3_v24.mot
[2022-05-11 21:01:46.989] [info] ExternalForce::LeftFoot_ExternalForce Data source being set to Run_400 01_newCOP3_v24.mot
[2022-05-11 21:01:46.998] [info] Loading states from file 'Run_4_cycle2_states.sto'.
[2022-05-11 21:01:46.998] [info] Storage: read data file = Run_4_cycle2_states.sto (nr=2037 nc=259)
[2022-05-11 21:01:47.384] [info] Found 2037 state vectors with time stamps ranging from 0.760210 to 1.36821.
[2022-05-11 21:01:47.385] [info] Executing the analyses from 0.760210 to 1.36821...
[2022-05-11 21:01:52.633] [info] Printing results of investigation Run_4_cycle2 to ./
[2022-06-03 13:04:36.861] [info] Storage: read data file = Run_4_cycle2_states.sto (nr=2037 nc=259)
[2022-06-03 13:04:37.397] [info] Storage: read data file = Run_4_cycle2_states.sto (nr=2037 nc=259)
[2022-06-03 13:04:37.960] [info] AbstractTool Run_4_cycle2 loading model Run_4_cycle2_model.osim
[2022-06-03 13:04:38.036] [info] Updating Model file from 20302 to latest format...
[2022-06-03 13:04:38.128] [info] Loaded model modelModified from file Run_4_cycle2_model.osim
[2022-06-03 13:04:38.153] [info] ControllerSet 'Controllers' was renamed and is being reset to 'controllerset'.
[2022-06-03 13:04:38.229] [info] ExternalLoads 'ExternalLoads' was renamed and is being reset to 'externalloads'.
[2022-06-03 13:04:38.303] [info] Old version storage/motion file encountered
[2022-06-03 13:04:38.303] [info] Storage: read data file = Run_4_cycle2_grf.mot (nr=5553 nc=19)
[2022-06-03 13:04:38.303] [info] .. assuming rotations in Degrees..
[2022-06-03 13:04:38.398] [info] ExternalForce::RightFoot_ExternalForce Data source being set to Run_400 01_newCOP3_v24.mot
[2022-06-03 13:04:38.398] [info] ExternalForce::LeftFoot_ExternalForce Data source being set to Run_400 01_newCOP3_v24.mot
[2022-06-03 13:04:38.410] [info] Loading states from file 'Run_4_cycle2_states.sto'.
[2022-06-03 13:04:38.410] [info] Storage: read data file = Run_4_cycle2_states.sto (nr=2037 nc=259)
[2022-06-03 13:04:38.951] [info] Found 2037 state vectors with time stamps ranging from 0.760210 to 1.36821.
[2022-06-03 13:04:38.951] [info] Executing the analyses from 0.760210 to 1.36821...
[2022-06-03 13:04:45.826] [info] Printing results of investigation Run_4_cycle2 to ./
