[2022-05-11 20:55:04.609] [info] Storage: read data file = Run_5_cycle3_states.sto (nr=2113 nc=259)
[2022-05-11 20:55:05.164] [info] Storage: read data file = Run_5_cycle3_states.sto (nr=2113 nc=259)
[2022-05-11 20:55:05.741] [info] AbstractTool Run_5_cycle3 loading model Run_5_cycle3_model.osim
[2022-05-11 20:55:05.792] [info] Updating Model file from 20302 to latest format...
[2022-05-11 20:55:05.891] [info] Loaded model modelModified from file Run_5_cycle3_model.osim
[2022-05-11 20:55:05.911] [info] ControllerSet 'Controllers' was renamed and is being reset to 'controllerset'.
[2022-05-11 20:55:05.979] [info] ExternalLoads 'ExternalLoads' was renamed and is being reset to 'externalloads'.
[2022-05-11 20:55:06.031] [info] Old version storage/motion file encountered
[2022-05-11 20:55:06.031] [info] Storage: read data file = Run_5_cycle3_grf.mot (nr=10761 nc=19)
[2022-05-11 20:55:06.031] [info] .. assuming rotations in Degrees..
[2022-05-11 20:55:06.216] [info] ExternalForce::RightFoot_ExternalForce Data source being set to Run_500 04_newCOP3_v24.mot
[2022-05-11 20:55:06.217] [info] ExternalForce::LeftFoot_ExternalForce Data source being set to Run_500 04_newCOP3_v24.mot
[2022-05-11 20:55:06.232] [info] Loading states from file 'Run_5_cycle3_states.sto'.
[2022-05-11 20:55:06.233] [info] Storage: read data file = Run_5_cycle3_states.sto (nr=2113 nc=259)
[2022-05-11 20:55:06.853] [info] Found 2113 state vectors with time stamps ranging from 1.5295 to 2.1185.
[2022-05-11 20:55:06.853] [info] Executing the analyses from 1.5295 to 2.1185...
[2022-05-11 20:55:14.297] [info] Printing results of investigation Run_5_cycle3 to ./
[2022-06-03 12:49:12.000] [info] Storage: read data file = Run_5_cycle3_states.sto (nr=2113 nc=259)
[2022-06-03 12:49:12.705] [info] Storage: read data file = Run_5_cycle3_states.sto (nr=2113 nc=259)
[2022-06-03 12:49:13.479] [info] AbstractTool Run_5_cycle3 loading model Run_5_cycle3_model.osim
[2022-06-03 12:49:13.595] [info] Updating Model file from 20302 to latest format...
[2022-06-03 12:49:13.733] [info] Loaded model modelModified from file Run_5_cycle3_model.osim
[2022-06-03 12:49:13.775] [info] ControllerSet 'Controllers' was renamed and is being reset to 'controllerset'.
[2022-06-03 12:49:13.899] [info] ExternalLoads 'ExternalLoads' was renamed and is being reset to 'externalloads'.
[2022-06-03 12:49:13.994] [info] Old version storage/motion file encountered
[2022-06-03 12:49:13.994] [info] Storage: read data file = Run_5_cycle3_grf.mot (nr=10761 nc=19)
[2022-06-03 12:49:13.994] [info] .. assuming rotations in Degrees..
[2022-06-03 12:49:14.267] [info] ExternalForce::RightFoot_ExternalForce Data source being set to Run_500 04_newCOP3_v24.mot
[2022-06-03 12:49:14.267] [info] ExternalForce::LeftFoot_ExternalForce Data source being set to Run_500 04_newCOP3_v24.mot
[2022-06-03 12:49:14.293] [info] Loading states from file 'Run_5_cycle3_states.sto'.
[2022-06-03 12:49:14.319] [info] Storage: read data file = Run_5_cycle3_states.sto (nr=2113 nc=259)
[2022-06-03 12:49:15.073] [info] Found 2113 state vectors with time stamps ranging from 1.5295 to 2.1185.
[2022-06-03 12:49:15.073] [info] Executing the analyses from 1.5295 to 2.1185...
[2022-06-03 12:49:31.547] [info] Printing results of investigation Run_5_cycle3 to ./
