[2022-05-11 21:01:31.151] [info] Storage: read data file = Run_3_cycle3_states.sto (nr=1610 nc=259)
[2022-05-11 21:01:31.502] [info] Storage: read data file = Run_3_cycle3_states.sto (nr=1610 nc=259)
[2022-05-11 21:01:31.845] [info] AbstractTool Run_3_cycle3 loading model Run_3_cycle3_model.osim
[2022-05-11 21:01:31.910] [info] Updating Model file from 20302 to latest format...
[2022-05-11 21:01:31.984] [info] Loaded model modelModified from file Run_3_cycle3_model.osim
[2022-05-11 21:01:32.531] [info] ControllerSet 'Controllers' was renamed and is being reset to 'controllerset'.
[2022-05-11 21:01:32.591] [info] ExternalLoads 'ExternalLoads' was renamed and is being reset to 'externalloads'.
[2022-05-11 21:01:32.637] [info] Old version storage/motion file encountered
[2022-05-11 21:01:32.637] [info] Storage: read data file = Run_3_cycle3_grf.mot (nr=5081 nc=19)
[2022-05-11 21:01:32.638] [info] .. assuming rotations in Degrees..
[2022-05-11 21:01:32.706] [info] ExternalForce::RightFoot_ExternalForce Data source being set to Run_300 01_newCOP3_v24.mot
[2022-05-11 21:01:32.706] [info] ExternalForce::LeftFoot_ExternalForce Data source being set to Run_300 01_newCOP3_v24.mot
[2022-05-11 21:01:32.714] [info] Loading states from file 'Run_3_cycle3_states.sto'.
[2022-05-11 21:01:32.714] [info] Storage: read data file = Run_3_cycle3_states.sto (nr=1610 nc=259)
[2022-05-11 21:01:33.097] [info] Found 1610 state vectors with time stamps ranging from 1.54040 to 2.1714.
[2022-05-11 21:01:33.097] [info] Executing the analyses from 1.54040 to 2.1714...
[2022-05-11 21:01:37.435] [info] Printing results of investigation Run_3_cycle3 to ./
[2022-06-03 13:04:05.939] [info] Storage: read data file = Run_3_cycle3_states.sto (nr=1610 nc=259)
[2022-06-03 13:04:06.404] [info] Storage: read data file = Run_3_cycle3_states.sto (nr=1610 nc=259)
[2022-06-03 13:04:06.894] [info] AbstractTool Run_3_cycle3 loading model Run_3_cycle3_model.osim
[2022-06-03 13:04:06.976] [info] Updating Model file from 20302 to latest format...
[2022-06-03 13:04:07.069] [info] Loaded model modelModified from file Run_3_cycle3_model.osim
[2022-06-03 13:04:07.903] [info] ControllerSet 'Controllers' was renamed and is being reset to 'controllerset'.
[2022-06-03 13:04:07.973] [info] ExternalLoads 'ExternalLoads' was renamed and is being reset to 'externalloads'.
[2022-06-03 13:04:08.033] [info] Old version storage/motion file encountered
[2022-06-03 13:04:08.033] [info] Storage: read data file = Run_3_cycle3_grf.mot (nr=5081 nc=19)
[2022-06-03 13:04:08.033] [info] .. assuming rotations in Degrees..
[2022-06-03 13:04:08.105] [info] ExternalForce::RightFoot_ExternalForce Data source being set to Run_300 01_newCOP3_v24.mot
[2022-06-03 13:04:08.105] [info] ExternalForce::LeftFoot_ExternalForce Data source being set to Run_300 01_newCOP3_v24.mot
[2022-06-03 13:04:08.115] [info] Loading states from file 'Run_3_cycle3_states.sto'.
[2022-06-03 13:04:08.115] [info] Storage: read data file = Run_3_cycle3_states.sto (nr=1610 nc=259)
[2022-06-03 13:04:08.503] [info] Found 1610 state vectors with time stamps ranging from 1.54040 to 2.1714.
[2022-06-03 13:04:08.503] [info] Executing the analyses from 1.54040 to 2.1714...
[2022-06-03 13:04:14.197] [info] Printing results of investigation Run_3_cycle3 to ./
