[2022-05-11 20:58:09.489] [info] Storage: read data file = Run_5_cycle1_states.sto (nr=1915 nc=259)
[2022-05-11 20:58:09.920] [info] Storage: read data file = Run_5_cycle1_states.sto (nr=1915 nc=259)
[2022-05-11 20:58:10.357] [info] AbstractTool Run_5_cycle1 loading model Run_5_cycle1_model.osim
[2022-05-11 20:58:10.432] [info] Updating Model file from 20302 to latest format...
[2022-05-11 20:58:10.512] [info] Loaded model modelModified from file Run_5_cycle1_model.osim
[2022-05-11 20:58:10.529] [info] ControllerSet 'Controllers' was renamed and is being reset to 'controllerset'.
[2022-05-11 20:58:10.590] [info] ExternalLoads 'ExternalLoads' was renamed and is being reset to 'externalloads'.
[2022-05-11 20:58:10.650] [info] Old version storage/motion file encountered
[2022-05-11 20:58:10.651] [info] Storage: read data file = Run_5_cycle1_grf.mot (nr=4981 nc=19)
[2022-05-11 20:58:10.651] [info] .. assuming rotations in Degrees..
[2022-05-11 20:58:10.728] [info] ExternalForce::RightFoot_ExternalForce Data source being set to Run_500 02_newCOP3_v24.mot
[2022-05-11 20:58:10.728] [info] ExternalForce::LeftFoot_ExternalForce Data source being set to Run_500 02_newCOP3_v24.mot
[2022-05-11 20:58:10.738] [info] Loading states from file 'Run_5_cycle1_states.sto'.
[2022-05-11 20:58:10.739] [info] Storage: read data file = Run_5_cycle1_states.sto (nr=1915 nc=259)
[2022-05-11 20:58:11.174] [info] Found 1915 state vectors with time stamps ranging from 0.157 to 0.68.
[2022-05-11 20:58:11.174] [info] Executing the analyses from 0.157 to 0.68...
[2022-05-11 20:58:16.348] [info] Printing results of investigation Run_5_cycle1 to ./
[2022-06-03 12:57:17.649] [info] Storage: read data file = Run_5_cycle1_states.sto (nr=1915 nc=259)
[2022-06-03 12:57:18.156] [info] Storage: read data file = Run_5_cycle1_states.sto (nr=1915 nc=259)
[2022-06-03 12:57:18.685] [info] AbstractTool Run_5_cycle1 loading model Run_5_cycle1_model.osim
[2022-06-03 12:57:18.771] [info] Updating Model file from 20302 to latest format...
[2022-06-03 12:57:18.866] [info] Loaded model modelModified from file Run_5_cycle1_model.osim
[2022-06-03 12:57:18.892] [info] ControllerSet 'Controllers' was renamed and is being reset to 'controllerset'.
[2022-06-03 12:57:19.702] [info] ExternalLoads 'ExternalLoads' was renamed and is being reset to 'externalloads'.
[2022-06-03 12:57:19.767] [info] Old version storage/motion file encountered
[2022-06-03 12:57:19.767] [info] Storage: read data file = Run_5_cycle1_grf.mot (nr=4981 nc=19)
[2022-06-03 12:57:19.767] [info] .. assuming rotations in Degrees..
[2022-06-03 12:57:19.837] [info] ExternalForce::RightFoot_ExternalForce Data source being set to Run_500 02_newCOP3_v24.mot
[2022-06-03 12:57:19.837] [info] ExternalForce::LeftFoot_ExternalForce Data source being set to Run_500 02_newCOP3_v24.mot
[2022-06-03 12:57:19.847] [info] Loading states from file 'Run_5_cycle1_states.sto'.
[2022-06-03 12:57:19.848] [info] Storage: read data file = Run_5_cycle1_states.sto (nr=1915 nc=259)
[2022-06-03 12:57:20.320] [info] Found 1915 state vectors with time stamps ranging from 0.157 to 0.68.
[2022-06-03 12:57:20.320] [info] Executing the analyses from 0.157 to 0.68...
[2022-06-03 12:57:27.247] [info] Printing results of investigation Run_5_cycle1 to ./
