[2022-05-11 21:01:06.372] [info] Storage: read data file = Run_5_cycle3_states.sto (nr=2145 nc=259)
[2022-05-11 21:01:07.035] [info] Storage: read data file = Run_5_cycle3_states.sto (nr=2145 nc=259)
[2022-05-11 21:01:07.681] [info] AbstractTool Run_5_cycle3 loading model Run_5_cycle3_model.osim
[2022-05-11 21:01:07.766] [info] Updating Model file from 20302 to latest format...
[2022-05-11 21:01:07.866] [info] Loaded model modelModified from file Run_5_cycle3_model.osim
[2022-05-11 21:01:08.447] [info] ControllerSet 'Controllers' was renamed and is being reset to 'controllerset'.
[2022-05-11 21:01:08.514] [info] ExternalLoads 'ExternalLoads' was renamed and is being reset to 'externalloads'.
[2022-05-11 21:01:08.574] [info] Old version storage/motion file encountered
[2022-05-11 21:01:08.574] [info] Storage: read data file = Run_5_cycle3_grf.mot (nr=5241 nc=19)
[2022-05-11 21:01:08.574] [info] .. assuming rotations in Degrees..
[2022-05-11 21:01:08.660] [info] ExternalForce::RightFoot_ExternalForce Data source being set to Run_500 01_newCOP3_v24.mot
[2022-05-11 21:01:08.660] [info] ExternalForce::LeftFoot_ExternalForce Data source being set to Run_500 01_newCOP3_v24.mot
[2022-05-11 21:01:08.671] [info] Loading states from file 'Run_5_cycle3_states.sto'.
[2022-05-11 21:01:08.671] [info] Storage: read data file = Run_5_cycle3_states.sto (nr=2145 nc=259)
[2022-05-11 21:01:09.269] [info] Found 2145 state vectors with time stamps ranging from 1.5133 to 2.10730.
[2022-05-11 21:01:09.269] [info] Executing the analyses from 1.5133 to 2.10730...
[2022-05-11 21:01:17.277] [info] Printing results of investigation Run_5_cycle3 to ./
[2022-06-03 13:03:18.782] [info] Storage: read data file = Run_5_cycle3_states.sto (nr=2145 nc=259)
[2022-06-03 13:03:19.399] [info] Storage: read data file = Run_5_cycle3_states.sto (nr=2145 nc=259)
[2022-06-03 13:03:20.009] [info] AbstractTool Run_5_cycle3 loading model Run_5_cycle3_model.osim
[2022-06-03 13:03:20.091] [info] Updating Model file from 20302 to latest format...
[2022-06-03 13:03:20.191] [info] Loaded model modelModified from file Run_5_cycle3_model.osim
[2022-06-03 13:03:20.896] [info] ControllerSet 'Controllers' was renamed and is being reset to 'controllerset'.
[2022-06-03 13:03:20.967] [info] ExternalLoads 'ExternalLoads' was renamed and is being reset to 'externalloads'.
[2022-06-03 13:03:21.031] [info] Old version storage/motion file encountered
[2022-06-03 13:03:21.032] [info] Storage: read data file = Run_5_cycle3_grf.mot (nr=5241 nc=19)
[2022-06-03 13:03:21.032] [info] .. assuming rotations in Degrees..
[2022-06-03 13:03:21.112] [info] ExternalForce::RightFoot_ExternalForce Data source being set to Run_500 01_newCOP3_v24.mot
[2022-06-03 13:03:21.112] [info] ExternalForce::LeftFoot_ExternalForce Data source being set to Run_500 01_newCOP3_v24.mot
[2022-06-03 13:03:21.122] [info] Loading states from file 'Run_5_cycle3_states.sto'.
[2022-06-03 13:03:21.123] [info] Storage: read data file = Run_5_cycle3_states.sto (nr=2145 nc=259)
[2022-06-03 13:03:21.678] [info] Found 2145 state vectors with time stamps ranging from 1.5133 to 2.10730.
[2022-06-03 13:03:21.679] [info] Executing the analyses from 1.5133 to 2.10730...
[2022-06-03 13:03:28.518] [info] Printing results of investigation Run_5_cycle3 to ./
