[2022-05-11 20:51:57.069] [info] Storage: read data file = Run_4_cycle1_states.sto (nr=2127 nc=259)
[2022-05-11 20:51:57.626] [info] Storage: read data file = Run_4_cycle1_states.sto (nr=2127 nc=259)
[2022-05-11 20:51:58.129] [info] AbstractTool Run_4_cycle1 loading model Run_4_cycle1_model.osim
[2022-05-11 20:51:58.172] [info] Updating Model file from 20302 to latest format...
[2022-05-11 20:51:58.256] [info] Loaded model modelModified from file Run_4_cycle1_model.osim
[2022-05-11 20:51:58.273] [info] ControllerSet 'Controllers' was renamed and is being reset to 'controllerset'.
[2022-05-11 20:51:58.330] [info] ExternalLoads 'ExternalLoads' was renamed and is being reset to 'externalloads'.
[2022-05-11 20:51:58.380] [info] Old version storage/motion file encountered
[2022-05-11 20:51:58.380] [info] Storage: read data file = Run_4_cycle1_grf.mot (nr=3793 nc=19)
[2022-05-11 20:51:58.380] [info] .. assuming rotations in Degrees..
[2022-05-11 20:51:58.436] [info] ExternalForce::RightFoot_ExternalForce Data source being set to Run_400 05_newCOP3_v24.mot
[2022-05-11 20:51:58.436] [info] ExternalForce::LeftFoot_ExternalForce Data source being set to Run_400 05_newCOP3_v24.mot
[2022-05-11 20:51:58.445] [info] Loading states from file 'Run_4_cycle1_states.sto'.
[2022-05-11 20:51:58.445] [info] Storage: read data file = Run_4_cycle1_states.sto (nr=2127 nc=259)
[2022-05-11 20:51:58.933] [info] Found 2127 state vectors with time stamps ranging from 0.13 to 0.757.
[2022-05-11 20:51:58.933] [info] Executing the analyses from 0.13 to 0.757...
[2022-05-11 20:52:04.881] [info] Printing results of investigation Run_4_cycle1 to ./
[2022-06-03 12:41:24.378] [info] Storage: read data file = Run_4_cycle1_states.sto (nr=2127 nc=259)
[2022-06-03 12:41:24.857] [info] Storage: read data file = Run_4_cycle1_states.sto (nr=2127 nc=259)
[2022-06-03 12:41:25.373] [info] AbstractTool Run_4_cycle1 loading model Run_4_cycle1_model.osim
[2022-06-03 12:41:25.454] [info] Updating Model file from 20302 to latest format...
[2022-06-03 12:41:25.555] [info] Loaded model modelModified from file Run_4_cycle1_model.osim
[2022-06-03 12:41:25.580] [info] ControllerSet 'Controllers' was renamed and is being reset to 'controllerset'.
[2022-06-03 12:41:25.665] [info] ExternalLoads 'ExternalLoads' was renamed and is being reset to 'externalloads'.
[2022-06-03 12:41:25.852] [info] Old version storage/motion file encountered
[2022-06-03 12:41:25.852] [info] Storage: read data file = Run_4_cycle1_grf.mot (nr=3793 nc=19)
[2022-06-03 12:41:25.852] [info] .. assuming rotations in Degrees..
[2022-06-03 12:41:25.921] [info] ExternalForce::RightFoot_ExternalForce Data source being set to Run_400 05_newCOP3_v24.mot
[2022-06-03 12:41:25.921] [info] ExternalForce::LeftFoot_ExternalForce Data source being set to Run_400 05_newCOP3_v24.mot
[2022-06-03 12:41:25.931] [info] Loading states from file 'Run_4_cycle1_states.sto'.
[2022-06-03 12:41:25.931] [info] Storage: read data file = Run_4_cycle1_states.sto (nr=2127 nc=259)
[2022-06-03 12:41:26.561] [info] Found 2127 state vectors with time stamps ranging from 0.13 to 0.757.
[2022-06-03 12:41:26.561] [info] Executing the analyses from 0.13 to 0.757...
[2022-06-03 12:41:33.474] [info] Printing results of investigation Run_4_cycle1 to ./
