[2022-05-11 20:59:22.164] [info] Storage: read data file = Run_5_cycle1_states.sto (nr=2746 nc=259)
[2022-05-11 20:59:22.771] [info] Storage: read data file = Run_5_cycle1_states.sto (nr=2746 nc=259)
[2022-05-11 20:59:23.380] [info] AbstractTool Run_5_cycle1 loading model Run_5_cycle1_model.osim
[2022-05-11 20:59:23.444] [info] Updating Model file from 20302 to latest format...
[2022-05-11 20:59:23.521] [info] Loaded model modelModified from file Run_5_cycle1_model.osim
[2022-05-11 20:59:24.072] [info] ControllerSet 'Controllers' was renamed and is being reset to 'controllerset'.
[2022-05-11 20:59:24.129] [info] ExternalLoads 'ExternalLoads' was renamed and is being reset to 'externalloads'.
[2022-05-11 20:59:24.174] [info] Old version storage/motion file encountered
[2022-05-11 20:59:24.174] [info] Storage: read data file = Run_5_cycle1_grf.mot (nr=4513 nc=19)
[2022-05-11 20:59:24.174] [info] .. assuming rotations in Degrees..
[2022-05-11 20:59:24.232] [info] ExternalForce::RightFoot_ExternalForce Data source being set to Run_500 01_newCOP3_v24.mot
[2022-05-11 20:59:24.232] [info] ExternalForce::LeftFoot_ExternalForce Data source being set to Run_500 01_newCOP3_v24.mot
[2022-05-11 20:59:24.240] [info] Loading states from file 'Run_5_cycle1_states.sto'.
[2022-05-11 20:59:24.241] [info] Storage: read data file = Run_5_cycle1_states.sto (nr=2746 nc=259)
[2022-05-11 20:59:24.803] [info] Found 2746 state vectors with time stamps ranging from 0.28 to 0.911.
[2022-05-11 20:59:24.804] [info] Executing the analyses from 0.28 to 0.911...
[2022-05-11 20:59:32.169] [info] Printing results of investigation Run_5_cycle1 to ./
[2022-06-03 12:59:59.914] [info] Storage: read data file = Run_5_cycle1_states.sto (nr=2746 nc=259)
[2022-06-03 13:00:00.685] [info] Storage: read data file = Run_5_cycle1_states.sto (nr=2746 nc=259)
[2022-06-03 13:00:01.521] [info] AbstractTool Run_5_cycle1 loading model Run_5_cycle1_model.osim
[2022-06-03 13:00:01.607] [info] Updating Model file from 20302 to latest format...
[2022-06-03 13:00:01.707] [info] Loaded model modelModified from file Run_5_cycle1_model.osim
[2022-06-03 13:00:02.425] [info] ControllerSet 'Controllers' was renamed and is being reset to 'controllerset'.
[2022-06-03 13:00:02.500] [info] ExternalLoads 'ExternalLoads' was renamed and is being reset to 'externalloads'.
[2022-06-03 13:00:02.567] [info] Old version storage/motion file encountered
[2022-06-03 13:00:02.567] [info] Storage: read data file = Run_5_cycle1_grf.mot (nr=4513 nc=19)
[2022-06-03 13:00:02.567] [info] .. assuming rotations in Degrees..
[2022-06-03 13:00:02.639] [info] ExternalForce::RightFoot_ExternalForce Data source being set to Run_500 01_newCOP3_v24.mot
[2022-06-03 13:00:02.639] [info] ExternalForce::LeftFoot_ExternalForce Data source being set to Run_500 01_newCOP3_v24.mot
[2022-06-03 13:00:02.650] [info] Loading states from file 'Run_5_cycle1_states.sto'.
[2022-06-03 13:00:02.650] [info] Storage: read data file = Run_5_cycle1_states.sto (nr=2746 nc=259)
[2022-06-03 13:00:03.379] [info] Found 2746 state vectors with time stamps ranging from 0.28 to 0.911.
[2022-06-03 13:00:03.379] [info] Executing the analyses from 0.28 to 0.911...
[2022-06-03 13:00:12.243] [info] Printing results of investigation Run_5_cycle1 to ./
