[2022-05-11 20:58:46.016] [info] Storage: read data file = Run_3_cycle3_states.sto (nr=2063 nc=259)
[2022-05-11 20:58:46.448] [info] Storage: read data file = Run_3_cycle3_states.sto (nr=2063 nc=259)
[2022-05-11 20:58:46.877] [info] AbstractTool Run_3_cycle3 loading model Run_3_cycle3_model.osim
[2022-05-11 20:58:46.938] [info] Updating Model file from 20302 to latest format...
[2022-05-11 20:58:47.013] [info] Loaded model modelModified from file Run_3_cycle3_model.osim
[2022-05-11 20:58:47.518] [info] ControllerSet 'Controllers' was renamed and is being reset to 'controllerset'.
[2022-05-11 20:58:47.578] [info] ExternalLoads 'ExternalLoads' was renamed and is being reset to 'externalloads'.
[2022-05-11 20:58:47.622] [info] Old version storage/motion file encountered
[2022-05-11 20:58:47.622] [info] Storage: read data file = Run_3_cycle3_grf.mot (nr=5193 nc=19)
[2022-05-11 20:58:47.622] [info] .. assuming rotations in Degrees..
[2022-05-11 20:58:47.700] [info] ExternalForce::RightFoot_ExternalForce Data source being set to Run_300 01_newCOP3_v24.mot
[2022-05-11 20:58:47.700] [info] ExternalForce::LeftFoot_ExternalForce Data source being set to Run_300 01_newCOP3_v24.mot
[2022-05-11 20:58:47.709] [info] Loading states from file 'Run_3_cycle3_states.sto'.
[2022-05-11 20:58:47.709] [info] Storage: read data file = Run_3_cycle3_states.sto (nr=2063 nc=259)
[2022-05-11 20:58:48.133] [info] Found 2063 state vectors with time stamps ranging from 2.0165 to 2.7385.
[2022-05-11 20:58:48.133] [info] Executing the analyses from 2.0165 to 2.7385...
[2022-05-11 20:58:53.351] [info] Printing results of investigation Run_3_cycle3 to ./
[2022-06-03 12:58:41.091] [info] Storage: read data file = Run_3_cycle3_states.sto (nr=2063 nc=259)
[2022-06-03 12:58:41.647] [info] Storage: read data file = Run_3_cycle3_states.sto (nr=2063 nc=259)
[2022-06-03 12:58:42.213] [info] AbstractTool Run_3_cycle3 loading model Run_3_cycle3_model.osim
[2022-06-03 12:58:42.292] [info] Updating Model file from 20302 to latest format...
[2022-06-03 12:58:42.385] [info] Loaded model modelModified from file Run_3_cycle3_model.osim
[2022-06-03 12:58:43.122] [info] ControllerSet 'Controllers' was renamed and is being reset to 'controllerset'.
[2022-06-03 12:58:43.189] [info] ExternalLoads 'ExternalLoads' was renamed and is being reset to 'externalloads'.
[2022-06-03 12:58:43.262] [info] Old version storage/motion file encountered
[2022-06-03 12:58:43.262] [info] Storage: read data file = Run_3_cycle3_grf.mot (nr=5193 nc=19)
[2022-06-03 12:58:43.262] [info] .. assuming rotations in Degrees..
[2022-06-03 12:58:43.344] [info] ExternalForce::RightFoot_ExternalForce Data source being set to Run_300 01_newCOP3_v24.mot
[2022-06-03 12:58:43.344] [info] ExternalForce::LeftFoot_ExternalForce Data source being set to Run_300 01_newCOP3_v24.mot
[2022-06-03 12:58:43.354] [info] Loading states from file 'Run_3_cycle3_states.sto'.
[2022-06-03 12:58:43.355] [info] Storage: read data file = Run_3_cycle3_states.sto (nr=2063 nc=259)
[2022-06-03 12:58:43.876] [info] Found 2063 state vectors with time stamps ranging from 2.0165 to 2.7385.
[2022-06-03 12:58:43.876] [info] Executing the analyses from 2.0165 to 2.7385...
[2022-06-03 12:58:50.595] [info] Printing results of investigation Run_3_cycle3 to ./
