[2022-05-11 20:52:42.513] [info] Storage: read data file = Run_5_cycle3_states.sto (nr=2336 nc=259)
[2022-05-11 20:52:43.100] [info] Storage: read data file = Run_5_cycle3_states.sto (nr=2336 nc=259)
[2022-05-11 20:52:43.700] [info] AbstractTool Run_5_cycle3 loading model Run_5_cycle3_model.osim
[2022-05-11 20:52:43.770] [info] Updating Model file from 20302 to latest format...
[2022-05-11 20:52:43.861] [info] Loaded model modelModified from file Run_5_cycle3_model.osim
[2022-05-11 20:52:43.879] [info] ControllerSet 'Controllers' was renamed and is being reset to 'controllerset'.
[2022-05-11 20:52:43.943] [info] ExternalLoads 'ExternalLoads' was renamed and is being reset to 'externalloads'.
[2022-05-11 20:52:43.994] [info] Old version storage/motion file encountered
[2022-05-11 20:52:43.994] [info] Storage: read data file = Run_5_cycle3_grf.mot (nr=3593 nc=19)
[2022-05-11 20:52:43.994] [info] .. assuming rotations in Degrees..
[2022-05-11 20:52:44.054] [info] ExternalForce::RightFoot_ExternalForce Data source being set to Run_500 02_newCOP3_v24.mot
[2022-05-11 20:52:44.054] [info] ExternalForce::LeftFoot_ExternalForce Data source being set to Run_500 02_newCOP3_v24.mot
[2022-05-11 20:52:44.063] [info] Loading states from file 'Run_5_cycle3_states.sto'.
[2022-05-11 20:52:44.063] [info] Storage: read data file = Run_5_cycle3_states.sto (nr=2336 nc=259)
[2022-05-11 20:52:44.674] [info] Found 2336 state vectors with time stamps ranging from 1.4915 to 2.1195.
[2022-05-11 20:52:44.674] [info] Executing the analyses from 1.4915 to 2.1195...
[2022-05-11 20:52:52.071] [info] Printing results of investigation Run_5_cycle3 to ./
[2022-06-03 12:42:40.719] [info] Storage: read data file = Run_5_cycle3_states.sto (nr=2336 nc=259)
[2022-06-03 12:42:41.249] [info] Storage: read data file = Run_5_cycle3_states.sto (nr=2336 nc=259)
[2022-06-03 12:42:41.790] [info] AbstractTool Run_5_cycle3 loading model Run_5_cycle3_model.osim
[2022-06-03 12:42:41.859] [info] Updating Model file from 20302 to latest format...
[2022-06-03 12:42:41.939] [info] Loaded model modelModified from file Run_5_cycle3_model.osim
[2022-06-03 12:42:41.960] [info] ControllerSet 'Controllers' was renamed and is being reset to 'controllerset'.
[2022-06-03 12:42:42.027] [info] ExternalLoads 'ExternalLoads' was renamed and is being reset to 'externalloads'.
[2022-06-03 12:42:42.090] [info] Old version storage/motion file encountered
[2022-06-03 12:42:42.091] [info] Storage: read data file = Run_5_cycle3_grf.mot (nr=3593 nc=19)
[2022-06-03 12:42:42.091] [info] .. assuming rotations in Degrees..
[2022-06-03 12:42:42.145] [info] ExternalForce::RightFoot_ExternalForce Data source being set to Run_500 02_newCOP3_v24.mot
[2022-06-03 12:42:42.145] [info] ExternalForce::LeftFoot_ExternalForce Data source being set to Run_500 02_newCOP3_v24.mot
[2022-06-03 12:42:42.153] [info] Loading states from file 'Run_5_cycle3_states.sto'.
[2022-06-03 12:42:42.153] [info] Storage: read data file = Run_5_cycle3_states.sto (nr=2336 nc=259)
[2022-06-03 12:42:42.709] [info] Found 2336 state vectors with time stamps ranging from 1.4915 to 2.1195.
[2022-06-03 12:42:42.710] [info] Executing the analyses from 1.4915 to 2.1195...
[2022-06-03 12:42:49.048] [info] Printing results of investigation Run_5_cycle3 to ./
