[2022-05-11 20:56:00.336] [info] Storage: read data file = Run_5_cycle2_states.sto (nr=1850 nc=259)
[2022-05-11 20:56:00.741] [info] Storage: read data file = Run_5_cycle2_states.sto (nr=1850 nc=259)
[2022-05-11 20:56:01.279] [info] AbstractTool Run_5_cycle2 loading model Run_5_cycle2_model.osim
[2022-05-11 20:56:01.329] [info] Updating Model file from 20302 to latest format...
[2022-05-11 20:56:01.438] [info] Loaded model modelModified from file Run_5_cycle2_model.osim
[2022-05-11 20:56:01.459] [info] ControllerSet 'Controllers' was renamed and is being reset to 'controllerset'.
[2022-05-11 20:56:01.559] [info] ExternalLoads 'ExternalLoads' was renamed and is being reset to 'externalloads'.
[2022-05-11 20:56:01.631] [info] Old version storage/motion file encountered
[2022-05-11 20:56:01.631] [info] Storage: read data file = Run_5_cycle2_grf.mot (nr=5151 nc=19)
[2022-05-11 20:56:01.631] [info] .. assuming rotations in Degrees..
[2022-05-11 20:56:01.747] [info] ExternalForce::RightFoot_ExternalForce Data source being set to Run_500 03_newCOP3_v24.mot
[2022-05-11 20:56:01.747] [info] ExternalForce::LeftFoot_ExternalForce Data source being set to Run_500 03_newCOP3_v24.mot
[2022-05-11 20:56:01.762] [info] Loading states from file 'Run_5_cycle2_states.sto'.
[2022-05-11 20:56:01.763] [info] Storage: read data file = Run_5_cycle2_states.sto (nr=1850 nc=259)
[2022-05-11 20:56:02.329] [info] Found 1850 state vectors with time stamps ranging from 1.022 to 1.593.
[2022-05-11 20:56:02.330] [info] Executing the analyses from 1.022 to 1.593...
[2022-05-11 20:56:07.839] [info] Printing results of investigation Run_5_cycle2 to ./
[2022-06-03 12:51:59.162] [info] Storage: read data file = Run_5_cycle2_states.sto (nr=1850 nc=259)
[2022-06-03 12:52:00.006] [info] Storage: read data file = Run_5_cycle2_states.sto (nr=1850 nc=259)
[2022-06-03 12:52:00.890] [info] AbstractTool Run_5_cycle2 loading model Run_5_cycle2_model.osim
[2022-06-03 12:52:01.007] [info] Updating Model file from 20302 to latest format...
[2022-06-03 12:52:01.147] [info] Loaded model modelModified from file Run_5_cycle2_model.osim
[2022-06-03 12:52:02.003] [info] ControllerSet 'Controllers' was renamed and is being reset to 'controllerset'.
[2022-06-03 12:52:02.292] [info] ExternalLoads 'ExternalLoads' was renamed and is being reset to 'externalloads'.
[2022-06-03 12:52:02.444] [info] Old version storage/motion file encountered
[2022-06-03 12:52:02.444] [info] Storage: read data file = Run_5_cycle2_grf.mot (nr=5151 nc=19)
[2022-06-03 12:52:02.444] [info] .. assuming rotations in Degrees..
[2022-06-03 12:52:02.582] [info] ExternalForce::RightFoot_ExternalForce Data source being set to Run_500 03_newCOP3_v24.mot
[2022-06-03 12:52:02.582] [info] ExternalForce::LeftFoot_ExternalForce Data source being set to Run_500 03_newCOP3_v24.mot
[2022-06-03 12:52:02.601] [info] Loading states from file 'Run_5_cycle2_states.sto'.
[2022-06-03 12:52:02.601] [info] Storage: read data file = Run_5_cycle2_states.sto (nr=1850 nc=259)
[2022-06-03 12:52:03.482] [info] Found 1850 state vectors with time stamps ranging from 1.022 to 1.593.
[2022-06-03 12:52:03.483] [info] Executing the analyses from 1.022 to 1.593...
[2022-06-03 12:52:15.823] [info] Printing results of investigation Run_5_cycle2 to ./
