[2022-05-11 20:59:56.468] [info] Storage: read data file = Run_3_cycle1_states.sto (nr=1766 nc=259)
[2022-05-11 20:59:56.941] [info] Storage: read data file = Run_3_cycle1_states.sto (nr=1766 nc=259)
[2022-05-11 20:59:57.419] [info] AbstractTool Run_3_cycle1 loading model Run_3_cycle1_model.osim
[2022-05-11 20:59:57.496] [info] Updating Model file from 20302 to latest format...
[2022-05-11 20:59:57.591] [info] Loaded model modelModified from file Run_3_cycle1_model.osim
[2022-05-11 20:59:58.135] [info] ControllerSet 'Controllers' was renamed and is being reset to 'controllerset'.
[2022-05-11 20:59:58.202] [info] ExternalLoads 'ExternalLoads' was renamed and is being reset to 'externalloads'.
[2022-05-11 20:59:58.261] [info] Old version storage/motion file encountered
[2022-05-11 20:59:58.261] [info] Storage: read data file = Run_3_cycle1_grf.mot (nr=4961 nc=19)
[2022-05-11 20:59:58.261] [info] .. assuming rotations in Degrees..
[2022-05-11 20:59:58.344] [info] ExternalForce::RightFoot_ExternalForce Data source being set to Run_300 01_newCOP3_v24.mot
[2022-05-11 20:59:58.344] [info] ExternalForce::LeftFoot_ExternalForce Data source being set to Run_300 01_newCOP3_v24.mot
[2022-05-11 20:59:58.354] [info] Loading states from file 'Run_3_cycle1_states.sto'.
[2022-05-11 20:59:58.355] [info] Storage: read data file = Run_3_cycle1_states.sto (nr=1766 nc=259)
[2022-05-11 20:59:58.817] [info] Found 1766 state vectors with time stamps ranging from 0.17271 to 0.86371.
[2022-05-11 20:59:58.817] [info] Executing the analyses from 0.17271 to 0.86371...
[2022-05-11 21:00:04.627] [info] Printing results of investigation Run_3_cycle1 to ./
[2022-06-03 13:01:05.288] [info] Storage: read data file = Run_3_cycle1_states.sto (nr=1766 nc=259)
[2022-06-03 13:01:05.844] [info] Storage: read data file = Run_3_cycle1_states.sto (nr=1766 nc=259)
[2022-06-03 13:01:06.363] [info] AbstractTool Run_3_cycle1 loading model Run_3_cycle1_model.osim
[2022-06-03 13:01:06.446] [info] Updating Model file from 20302 to latest format...
[2022-06-03 13:01:06.544] [info] Loaded model modelModified from file Run_3_cycle1_model.osim
[2022-06-03 13:01:07.438] [info] ControllerSet 'Controllers' was renamed and is being reset to 'controllerset'.
[2022-06-03 13:01:07.500] [info] ExternalLoads 'ExternalLoads' was renamed and is being reset to 'externalloads'.
[2022-06-03 13:01:07.564] [info] Old version storage/motion file encountered
[2022-06-03 13:01:07.564] [info] Storage: read data file = Run_3_cycle1_grf.mot (nr=4961 nc=19)
[2022-06-03 13:01:07.564] [info] .. assuming rotations in Degrees..
[2022-06-03 13:01:07.651] [info] ExternalForce::RightFoot_ExternalForce Data source being set to Run_300 01_newCOP3_v24.mot
[2022-06-03 13:01:07.651] [info] ExternalForce::LeftFoot_ExternalForce Data source being set to Run_300 01_newCOP3_v24.mot
[2022-06-03 13:01:07.661] [info] Loading states from file 'Run_3_cycle1_states.sto'.
[2022-06-03 13:01:07.662] [info] Storage: read data file = Run_3_cycle1_states.sto (nr=1766 nc=259)
[2022-06-03 13:01:08.089] [info] Found 1766 state vectors with time stamps ranging from 0.17271 to 0.86371.
[2022-06-03 13:01:08.090] [info] Executing the analyses from 0.17271 to 0.86371...
[2022-06-03 13:01:13.982] [info] Printing results of investigation Run_3_cycle1 to ./
