[2022-05-11 21:02:17.003] [info] Storage: read data file = Run_5_cycle3_states.sto (nr=2025 nc=259)
[2022-05-11 21:02:17.504] [info] Storage: read data file = Run_5_cycle3_states.sto (nr=2025 nc=259)
[2022-05-11 21:02:18.133] [info] AbstractTool Run_5_cycle3 loading model Run_5_cycle3_model.osim
[2022-05-11 21:02:18.233] [info] Updating Model file from 20302 to latest format...
[2022-05-11 21:02:18.357] [info] Loaded model modelModified from file Run_5_cycle3_model.osim
[2022-05-11 21:02:19.050] [info] ControllerSet 'Controllers' was renamed and is being reset to 'controllerset'.
[2022-05-11 21:02:19.127] [info] ExternalLoads 'ExternalLoads' was renamed and is being reset to 'externalloads'.
[2022-05-11 21:02:19.197] [info] Old version storage/motion file encountered
[2022-05-11 21:02:19.197] [info] Storage: read data file = Run_5_cycle3_grf.mot (nr=5169 nc=19)
[2022-05-11 21:02:19.197] [info] .. assuming rotations in Degrees..
[2022-05-11 21:02:19.299] [info] ExternalForce::RightFoot_ExternalForce Data source being set to Run_500 02_newCOP3_v24.mot
[2022-05-11 21:02:19.299] [info] ExternalForce::LeftFoot_ExternalForce Data source being set to Run_500 02_newCOP3_v24.mot
[2022-05-11 21:02:19.312] [info] Loading states from file 'Run_5_cycle3_states.sto'.
[2022-05-11 21:02:19.312] [info] Storage: read data file = Run_5_cycle3_states.sto (nr=2025 nc=259)
[2022-05-11 21:02:19.964] [info] Found 2025 state vectors with time stamps ranging from 1.3123 to 1.8883.
[2022-05-11 21:02:19.964] [info] Executing the analyses from 1.3123 to 1.8883...
[2022-05-11 21:02:28.201] [info] Printing results of investigation Run_5_cycle3 to ./
[2022-06-03 13:05:40.595] [info] Storage: read data file = Run_5_cycle3_states.sto (nr=2025 nc=259)
[2022-06-03 13:05:41.145] [info] Storage: read data file = Run_5_cycle3_states.sto (nr=2025 nc=259)
[2022-06-03 13:05:41.709] [info] AbstractTool Run_5_cycle3 loading model Run_5_cycle3_model.osim
[2022-06-03 13:05:41.789] [info] Updating Model file from 20302 to latest format...
[2022-06-03 13:05:41.879] [info] Loaded model modelModified from file Run_5_cycle3_model.osim
[2022-06-03 13:05:42.657] [info] ControllerSet 'Controllers' was renamed and is being reset to 'controllerset'.
[2022-06-03 13:05:42.720] [info] ExternalLoads 'ExternalLoads' was renamed and is being reset to 'externalloads'.
[2022-06-03 13:05:42.779] [info] Old version storage/motion file encountered
[2022-06-03 13:05:42.780] [info] Storage: read data file = Run_5_cycle3_grf.mot (nr=5169 nc=19)
[2022-06-03 13:05:42.780] [info] .. assuming rotations in Degrees..
[2022-06-03 13:05:42.853] [info] ExternalForce::RightFoot_ExternalForce Data source being set to Run_500 02_newCOP3_v24.mot
[2022-06-03 13:05:42.853] [info] ExternalForce::LeftFoot_ExternalForce Data source being set to Run_500 02_newCOP3_v24.mot
[2022-06-03 13:05:42.862] [info] Loading states from file 'Run_5_cycle3_states.sto'.
[2022-06-03 13:05:42.863] [info] Storage: read data file = Run_5_cycle3_states.sto (nr=2025 nc=259)
[2022-06-03 13:05:43.366] [info] Found 2025 state vectors with time stamps ranging from 1.3123 to 1.8883.
[2022-06-03 13:05:43.366] [info] Executing the analyses from 1.3123 to 1.8883...
[2022-06-03 13:05:49.962] [info] Printing results of investigation Run_5_cycle3 to ./
