[2022-05-11 21:00:47.551] [info] Storage: read data file = Run_5_cycle1_states.sto (nr=2211 nc=259)
[2022-05-11 21:00:48.162] [info] Storage: read data file = Run_5_cycle1_states.sto (nr=2211 nc=259)
[2022-05-11 21:00:48.752] [info] AbstractTool Run_5_cycle1 loading model Run_5_cycle1_model.osim
[2022-05-11 21:00:48.826] [info] Updating Model file from 20302 to latest format...
[2022-05-11 21:00:48.917] [info] Loaded model modelModified from file Run_5_cycle1_model.osim
[2022-05-11 21:00:48.936] [info] ControllerSet 'Controllers' was renamed and is being reset to 'controllerset'.
[2022-05-11 21:00:49.000] [info] ExternalLoads 'ExternalLoads' was renamed and is being reset to 'externalloads'.
[2022-05-11 21:00:49.061] [info] Old version storage/motion file encountered
[2022-05-11 21:00:49.061] [info] Storage: read data file = Run_5_cycle1_grf.mot (nr=5241 nc=19)
[2022-05-11 21:00:49.061] [info] .. assuming rotations in Degrees..
[2022-05-11 21:00:49.150] [info] ExternalForce::RightFoot_ExternalForce Data source being set to Run_500 01_newCOP3_v24.mot
[2022-05-11 21:00:49.151] [info] ExternalForce::LeftFoot_ExternalForce Data source being set to Run_500 01_newCOP3_v24.mot
[2022-05-11 21:00:49.162] [info] Loading states from file 'Run_5_cycle1_states.sto'.
[2022-05-11 21:00:49.162] [info] Storage: read data file = Run_5_cycle1_states.sto (nr=2211 nc=259)
[2022-05-11 21:00:49.727] [info] Found 2211 state vectors with time stamps ranging from 0.21854 to 0.83354.
[2022-05-11 21:00:49.727] [info] Executing the analyses from 0.21854 to 0.83354...
[2022-05-11 21:00:56.589] [info] Printing results of investigation Run_5_cycle1 to ./
[2022-06-03 13:02:44.422] [info] Storage: read data file = Run_5_cycle1_states.sto (nr=2211 nc=259)
[2022-06-03 13:02:45.034] [info] Storage: read data file = Run_5_cycle1_states.sto (nr=2211 nc=259)
[2022-06-03 13:02:45.651] [info] AbstractTool Run_5_cycle1 loading model Run_5_cycle1_model.osim
[2022-06-03 13:02:45.738] [info] Updating Model file from 20302 to latest format...
[2022-06-03 13:02:45.835] [info] Loaded model modelModified from file Run_5_cycle1_model.osim
[2022-06-03 13:02:45.860] [info] ControllerSet 'Controllers' was renamed and is being reset to 'controllerset'.
[2022-06-03 13:02:45.990] [info] ExternalLoads 'ExternalLoads' was renamed and is being reset to 'externalloads'.
[2022-06-03 13:02:46.659] [info] Old version storage/motion file encountered
[2022-06-03 13:02:46.660] [info] Storage: read data file = Run_5_cycle1_grf.mot (nr=5241 nc=19)
[2022-06-03 13:02:46.660] [info] .. assuming rotations in Degrees..
[2022-06-03 13:02:46.748] [info] ExternalForce::RightFoot_ExternalForce Data source being set to Run_500 01_newCOP3_v24.mot
[2022-06-03 13:02:46.748] [info] ExternalForce::LeftFoot_ExternalForce Data source being set to Run_500 01_newCOP3_v24.mot
[2022-06-03 13:02:46.759] [info] Loading states from file 'Run_5_cycle1_states.sto'.
[2022-06-03 13:02:46.760] [info] Storage: read data file = Run_5_cycle1_states.sto (nr=2211 nc=259)
[2022-06-03 13:02:47.388] [info] Found 2211 state vectors with time stamps ranging from 0.21854 to 0.83354.
[2022-06-03 13:02:47.388] [info] Executing the analyses from 0.21854 to 0.83354...
[2022-06-03 13:02:54.665] [info] Printing results of investigation Run_5_cycle1 to ./
