[2022-05-11 20:55:14.576] [info] Storage: read data file = Run_3_cycle1_states.sto (nr=1335 nc=259)
[2022-05-11 20:55:14.911] [info] Storage: read data file = Run_3_cycle1_states.sto (nr=1335 nc=259)
[2022-05-11 20:55:15.252] [info] AbstractTool Run_3_cycle1 loading model Run_3_cycle1_model.osim
[2022-05-11 20:55:15.323] [info] Updating Model file from 20302 to latest format...
[2022-05-11 20:55:15.425] [info] Loaded model modelModified from file Run_3_cycle1_model.osim
[2022-05-11 20:55:15.445] [info] ControllerSet 'Controllers' was renamed and is being reset to 'controllerset'.
[2022-05-11 20:55:15.513] [info] ExternalLoads 'ExternalLoads' was renamed and is being reset to 'externalloads'.
[2022-05-11 20:55:15.568] [info] Old version storage/motion file encountered
[2022-05-11 20:55:15.568] [info] Storage: read data file = Run_3_cycle1_grf.mot (nr=5281 nc=19)
[2022-05-11 20:55:15.568] [info] .. assuming rotations in Degrees..
[2022-05-11 20:55:15.659] [info] ExternalForce::RightFoot_ExternalForce Data source being set to Run_300 01_newCOP3_v24.mot
[2022-05-11 20:55:15.660] [info] ExternalForce::LeftFoot_ExternalForce Data source being set to Run_300 01_newCOP3_v24.mot
[2022-05-11 20:55:15.671] [info] Loading states from file 'Run_3_cycle1_states.sto'.
[2022-05-11 20:55:15.671] [info] Storage: read data file = Run_3_cycle1_states.sto (nr=1335 nc=259)
[2022-05-11 20:55:16.027] [info] Found 1335 state vectors with time stamps ranging from 0.455 to 1.075.
[2022-05-11 20:55:16.028] [info] Executing the analyses from 0.455 to 1.075...
[2022-05-11 20:55:20.431] [info] Printing results of investigation Run_3_cycle1 to ./
[2022-06-03 12:49:45.631] [info] Storage: read data file = Run_3_cycle1_states.sto (nr=1335 nc=259)
[2022-06-03 12:49:46.420] [info] Storage: read data file = Run_3_cycle1_states.sto (nr=1335 nc=259)
[2022-06-03 12:49:47.080] [info] AbstractTool Run_3_cycle1 loading model Run_3_cycle1_model.osim
[2022-06-03 12:49:47.203] [info] Updating Model file from 20302 to latest format...
[2022-06-03 12:49:47.365] [info] Loaded model modelModified from file Run_3_cycle1_model.osim
[2022-06-03 12:49:47.405] [info] ControllerSet 'Controllers' was renamed and is being reset to 'controllerset'.
[2022-06-03 12:49:47.530] [info] ExternalLoads 'ExternalLoads' was renamed and is being reset to 'externalloads'.
[2022-06-03 12:49:47.640] [info] Old version storage/motion file encountered
[2022-06-03 12:49:47.640] [info] Storage: read data file = Run_3_cycle1_grf.mot (nr=5281 nc=19)
[2022-06-03 12:49:47.640] [info] .. assuming rotations in Degrees..
[2022-06-03 12:49:47.802] [info] ExternalForce::RightFoot_ExternalForce Data source being set to Run_300 01_newCOP3_v24.mot
[2022-06-03 12:49:47.802] [info] ExternalForce::LeftFoot_ExternalForce Data source being set to Run_300 01_newCOP3_v24.mot
[2022-06-03 12:49:47.818] [info] Loading states from file 'Run_3_cycle1_states.sto'.
[2022-06-03 12:49:47.818] [info] Storage: read data file = Run_3_cycle1_states.sto (nr=1335 nc=259)
[2022-06-03 12:49:48.396] [info] Found 1335 state vectors with time stamps ranging from 0.455 to 1.075.
[2022-06-03 12:49:48.396] [info] Executing the analyses from 0.455 to 1.075...
[2022-06-03 12:49:55.458] [info] Printing results of investigation Run_3_cycle1 to ./
