[2022-05-11 20:58:23.503] [info] Storage: read data file = Run_5_cycle3_states.sto (nr=1905 nc=259)
[2022-05-11 20:58:23.906] [info] Storage: read data file = Run_5_cycle3_states.sto (nr=1905 nc=259)
[2022-05-11 20:58:24.312] [info] AbstractTool Run_5_cycle3 loading model Run_5_cycle3_model.osim
[2022-05-11 20:58:24.372] [info] Updating Model file from 20302 to latest format...
[2022-05-11 20:58:24.447] [info] Loaded model modelModified from file Run_5_cycle3_model.osim
[2022-05-11 20:58:24.462] [info] ControllerSet 'Controllers' was renamed and is being reset to 'controllerset'.
[2022-05-11 20:58:24.519] [info] ExternalLoads 'ExternalLoads' was renamed and is being reset to 'externalloads'.
[2022-05-11 20:58:24.569] [info] Old version storage/motion file encountered
[2022-05-11 20:58:24.569] [info] Storage: read data file = Run_5_cycle3_grf.mot (nr=4981 nc=19)
[2022-05-11 20:58:24.569] [info] .. assuming rotations in Degrees..
[2022-05-11 20:58:24.637] [info] ExternalForce::RightFoot_ExternalForce Data source being set to Run_500 02_newCOP3_v24.mot
[2022-05-11 20:58:24.638] [info] ExternalForce::LeftFoot_ExternalForce Data source being set to Run_500 02_newCOP3_v24.mot
[2022-05-11 20:58:24.647] [info] Loading states from file 'Run_5_cycle3_states.sto'.
[2022-05-11 20:58:24.647] [info] Storage: read data file = Run_5_cycle3_states.sto (nr=1905 nc=259)
[2022-05-11 20:58:25.054] [info] Found 1905 state vectors with time stamps ranging from 1.278 to 1.80100.
[2022-05-11 20:58:25.054] [info] Executing the analyses from 1.278 to 1.80100...
[2022-05-11 20:58:29.896] [info] Printing results of investigation Run_5_cycle3 to ./
[2022-06-03 12:57:50.296] [info] Storage: read data file = Run_5_cycle3_states.sto (nr=1905 nc=259)
[2022-06-03 12:57:50.808] [info] Storage: read data file = Run_5_cycle3_states.sto (nr=1905 nc=259)
[2022-06-03 12:57:51.331] [info] AbstractTool Run_5_cycle3 loading model Run_5_cycle3_model.osim
[2022-06-03 12:57:51.412] [info] Updating Model file from 20302 to latest format...
[2022-06-03 12:57:51.507] [info] Loaded model modelModified from file Run_5_cycle3_model.osim
[2022-06-03 12:57:51.536] [info] ControllerSet 'Controllers' was renamed and is being reset to 'controllerset'.
[2022-06-03 12:57:51.668] [info] ExternalLoads 'ExternalLoads' was renamed and is being reset to 'externalloads'.
[2022-06-03 12:57:52.433] [info] Old version storage/motion file encountered
[2022-06-03 12:57:52.433] [info] Storage: read data file = Run_5_cycle3_grf.mot (nr=4981 nc=19)
[2022-06-03 12:57:52.433] [info] .. assuming rotations in Degrees..
[2022-06-03 12:57:52.503] [info] ExternalForce::RightFoot_ExternalForce Data source being set to Run_500 02_newCOP3_v24.mot
[2022-06-03 12:57:52.504] [info] ExternalForce::LeftFoot_ExternalForce Data source being set to Run_500 02_newCOP3_v24.mot
[2022-06-03 12:57:52.514] [info] Loading states from file 'Run_5_cycle3_states.sto'.
[2022-06-03 12:57:52.514] [info] Storage: read data file = Run_5_cycle3_states.sto (nr=1905 nc=259)
[2022-06-03 12:57:52.981] [info] Found 1905 state vectors with time stamps ranging from 1.278 to 1.80100.
[2022-06-03 12:57:52.982] [info] Executing the analyses from 1.278 to 1.80100...
[2022-06-03 12:57:59.140] [info] Printing results of investigation Run_5_cycle3 to ./
