[2022-05-11 20:54:00.870] [info] Storage: read data file = Run_3_cycle1_states.sto (nr=1759 nc=259)
[2022-05-11 20:54:01.230] [info] Storage: read data file = Run_3_cycle1_states.sto (nr=1759 nc=259)
[2022-05-11 20:54:01.597] [info] AbstractTool Run_3_cycle1 loading model Run_3_cycle1_model.osim
[2022-05-11 20:54:01.654] [info] Updating Model file from 20302 to latest format...
[2022-05-11 20:54:01.727] [info] Loaded model modelModified from file Run_3_cycle1_model.osim
[2022-05-11 20:54:01.742] [info] ControllerSet 'Controllers' was renamed and is being reset to 'controllerset'.
[2022-05-11 20:54:01.795] [info] ExternalLoads 'ExternalLoads' was renamed and is being reset to 'externalloads'.
[2022-05-11 20:54:01.841] [info] Old version storage/motion file encountered
[2022-05-11 20:54:01.841] [info] Storage: read data file = Run_3_cycle1_grf.mot (nr=11621 nc=19)
[2022-05-11 20:54:01.841] [info] .. assuming rotations in Degrees..
[2022-05-11 20:54:01.996] [info] ExternalForce::RightFoot_ExternalForce Data source being set to Run_300 02_newCOP3_v24.mot
[2022-05-11 20:54:01.996] [info] ExternalForce::LeftFoot_ExternalForce Data source being set to Run_300 02_newCOP3_v24.mot
[2022-05-11 20:54:02.009] [info] Loading states from file 'Run_3_cycle1_states.sto'.
[2022-05-11 20:54:02.009] [info] Storage: read data file = Run_3_cycle1_states.sto (nr=1759 nc=259)
[2022-05-11 20:54:02.372] [info] Found 1759 state vectors with time stamps ranging from 0.638 to 1.352.
[2022-05-11 20:54:02.372] [info] Executing the analyses from 0.638 to 1.352...
[2022-05-11 20:54:07.981] [info] Printing results of investigation Run_3_cycle1 to ./
[2022-06-03 12:45:58.572] [info] Storage: read data file = Run_3_cycle1_states.sto (nr=1759 nc=259)
[2022-06-03 12:45:59.236] [info] Storage: read data file = Run_3_cycle1_states.sto (nr=1759 nc=259)
[2022-06-03 12:45:59.847] [info] AbstractTool Run_3_cycle1 loading model Run_3_cycle1_model.osim
[2022-06-03 12:45:59.954] [info] Updating Model file from 20302 to latest format...
[2022-06-03 12:46:00.093] [info] Loaded model modelModified from file Run_3_cycle1_model.osim
[2022-06-03 12:46:00.130] [info] ControllerSet 'Controllers' was renamed and is being reset to 'controllerset'.
[2022-06-03 12:46:00.249] [info] ExternalLoads 'ExternalLoads' was renamed and is being reset to 'externalloads'.
[2022-06-03 12:46:00.354] [info] Old version storage/motion file encountered
[2022-06-03 12:46:00.354] [info] Storage: read data file = Run_3_cycle1_grf.mot (nr=11621 nc=19)
[2022-06-03 12:46:00.354] [info] .. assuming rotations in Degrees..
[2022-06-03 12:46:00.647] [info] ExternalForce::RightFoot_ExternalForce Data source being set to Run_300 02_newCOP3_v24.mot
[2022-06-03 12:46:00.647] [info] ExternalForce::LeftFoot_ExternalForce Data source being set to Run_300 02_newCOP3_v24.mot
[2022-06-03 12:46:00.670] [info] Loading states from file 'Run_3_cycle1_states.sto'.
[2022-06-03 12:46:00.671] [info] Storage: read data file = Run_3_cycle1_states.sto (nr=1759 nc=259)
[2022-06-03 12:46:01.446] [info] Found 1759 state vectors with time stamps ranging from 0.638 to 1.352.
[2022-06-03 12:46:01.447] [info] Executing the analyses from 0.638 to 1.352...
[2022-06-03 12:46:11.422] [info] Printing results of investigation Run_3_cycle1 to ./
