[2022-05-11 20:50:44.000] [info] Storage: read data file = Run_4_cycle2_states.sto (nr=1785 nc=259)
[2022-05-11 20:50:44.338] [info] Storage: read data file = Run_4_cycle2_states.sto (nr=1785 nc=259)
[2022-05-11 20:50:44.682] [info] AbstractTool Run_4_cycle2 loading model Run_4_cycle2_model.osim
[2022-05-11 20:50:44.718] [info] Updating Model file from 20302 to latest format...
[2022-05-11 20:50:44.785] [info] Loaded model modelModified from file Run_4_cycle2_model.osim
[2022-05-11 20:50:44.799] [info] ControllerSet 'Controllers' was renamed and is being reset to 'controllerset'.
[2022-05-11 20:50:44.847] [info] ExternalLoads 'ExternalLoads' was renamed and is being reset to 'externalloads'.
[2022-05-11 20:50:44.893] [info] Old version storage/motion file encountered
[2022-05-11 20:50:44.893] [info] Storage: read data file = Run_4_cycle2_grf.mot (nr=5091 nc=19)
[2022-05-11 20:50:44.893] [info] .. assuming rotations in Degrees..
[2022-05-11 20:50:44.966] [info] ExternalForce::RightFoot_ExternalForce Data source being set to Run_400 02_newCOP3_v24.mot
[2022-05-11 20:50:44.966] [info] ExternalForce::LeftFoot_ExternalForce Data source being set to Run_400 02_newCOP3_v24.mot
[2022-05-11 20:50:44.975] [info] Loading states from file 'Run_4_cycle2_states.sto'.
[2022-05-11 20:50:44.975] [info] Storage: read data file = Run_4_cycle2_states.sto (nr=1785 nc=259)
[2022-05-11 20:50:45.315] [info] Found 1785 state vectors with time stamps ranging from 1.576 to 2.213.
[2022-05-11 20:50:45.315] [info] Executing the analyses from 1.576 to 2.213...
[2022-05-11 20:50:49.611] [info] Printing results of investigation Run_4_cycle2 to ./
[2022-06-03 12:39:49.236] [info] Storage: read data file = Run_4_cycle2_states.sto (nr=1785 nc=259)
[2022-06-03 12:39:49.616] [info] Storage: read data file = Run_4_cycle2_states.sto (nr=1785 nc=259)
[2022-06-03 12:39:50.010] [info] AbstractTool Run_4_cycle2 loading model Run_4_cycle2_model.osim
[2022-06-03 12:39:50.076] [info] Updating Model file from 20302 to latest format...
[2022-06-03 12:39:50.153] [info] Loaded model modelModified from file Run_4_cycle2_model.osim
[2022-06-03 12:39:50.173] [info] ControllerSet 'Controllers' was renamed and is being reset to 'controllerset'.
[2022-06-03 12:39:50.243] [info] ExternalLoads 'ExternalLoads' was renamed and is being reset to 'externalloads'.
[2022-06-03 12:39:50.300] [info] Old version storage/motion file encountered
[2022-06-03 12:39:50.300] [info] Storage: read data file = Run_4_cycle2_grf.mot (nr=5091 nc=19)
[2022-06-03 12:39:50.300] [info] .. assuming rotations in Degrees..
[2022-06-03 12:39:50.371] [info] ExternalForce::RightFoot_ExternalForce Data source being set to Run_400 02_newCOP3_v24.mot
[2022-06-03 12:39:50.371] [info] ExternalForce::LeftFoot_ExternalForce Data source being set to Run_400 02_newCOP3_v24.mot
[2022-06-03 12:39:50.380] [info] Loading states from file 'Run_4_cycle2_states.sto'.
[2022-06-03 12:39:50.380] [info] Storage: read data file = Run_4_cycle2_states.sto (nr=1785 nc=259)
[2022-06-03 12:39:50.768] [info] Found 1785 state vectors with time stamps ranging from 1.576 to 2.213.
[2022-06-03 12:39:50.768] [info] Executing the analyses from 1.576 to 2.213...
[2022-06-03 12:39:55.354] [info] Printing results of investigation Run_4_cycle2 to ./
