[2022-05-11 20:56:40.413] [info] Storage: read data file = Run_4_cycle2_states.sto (nr=2064 nc=259)
[2022-05-11 20:56:40.876] [info] Storage: read data file = Run_4_cycle2_states.sto (nr=2064 nc=259)
[2022-05-11 20:56:41.337] [info] AbstractTool Run_4_cycle2 loading model Run_4_cycle2_model.osim
[2022-05-11 20:56:41.413] [info] Updating Model file from 20302 to latest format...
[2022-05-11 20:56:41.492] [info] Loaded model modelModified from file Run_4_cycle2_model.osim
[2022-05-11 20:56:41.508] [info] ControllerSet 'Controllers' was renamed and is being reset to 'controllerset'.
[2022-05-11 20:56:41.569] [info] ExternalLoads 'ExternalLoads' was renamed and is being reset to 'externalloads'.
[2022-05-11 20:56:41.624] [info] Old version storage/motion file encountered
[2022-05-11 20:56:41.624] [info] Storage: read data file = Run_4_cycle2_grf.mot (nr=5421 nc=19)
[2022-05-11 20:56:41.624] [info] .. assuming rotations in Degrees..
[2022-05-11 20:56:41.703] [info] ExternalForce::RightFoot_ExternalForce Data source being set to Run_400 02_newCOP3_v24.mot
[2022-05-11 20:56:41.704] [info] ExternalForce::LeftFoot_ExternalForce Data source being set to Run_400 02_newCOP3_v24.mot
[2022-05-11 20:56:41.713] [info] Loading states from file 'Run_4_cycle2_states.sto'.
[2022-05-11 20:56:41.713] [info] Storage: read data file = Run_4_cycle2_states.sto (nr=2064 nc=259)
[2022-05-11 20:56:42.185] [info] Found 2064 state vectors with time stamps ranging from 1.498 to 2.149.
[2022-05-11 20:56:42.185] [info] Executing the analyses from 1.498 to 2.149...
[2022-05-11 20:56:47.884] [info] Printing results of investigation Run_4_cycle2 to ./
[2022-06-03 12:53:59.354] [info] Storage: read data file = Run_4_cycle2_states.sto (nr=2064 nc=259)
[2022-06-03 12:53:59.998] [info] Storage: read data file = Run_4_cycle2_states.sto (nr=2064 nc=259)
[2022-06-03 12:54:00.859] [info] AbstractTool Run_4_cycle2 loading model Run_4_cycle2_model.osim
[2022-06-03 12:54:01.108] [info] Updating Model file from 20302 to latest format...
[2022-06-03 12:54:01.223] [info] Loaded model modelModified from file Run_4_cycle2_model.osim
[2022-06-03 12:54:01.255] [info] ControllerSet 'Controllers' was renamed and is being reset to 'controllerset'.
[2022-06-03 12:54:01.348] [info] ExternalLoads 'ExternalLoads' was renamed and is being reset to 'externalloads'.
[2022-06-03 12:54:01.431] [info] Old version storage/motion file encountered
[2022-06-03 12:54:01.431] [info] Storage: read data file = Run_4_cycle2_grf.mot (nr=5421 nc=19)
[2022-06-03 12:54:01.431] [info] .. assuming rotations in Degrees..
[2022-06-03 12:54:01.544] [info] ExternalForce::RightFoot_ExternalForce Data source being set to Run_400 02_newCOP3_v24.mot
[2022-06-03 12:54:01.545] [info] ExternalForce::LeftFoot_ExternalForce Data source being set to Run_400 02_newCOP3_v24.mot
[2022-06-03 12:54:01.556] [info] Loading states from file 'Run_4_cycle2_states.sto'.
[2022-06-03 12:54:01.556] [info] Storage: read data file = Run_4_cycle2_states.sto (nr=2064 nc=259)
[2022-06-03 12:54:02.195] [info] Found 2064 state vectors with time stamps ranging from 1.498 to 2.149.
[2022-06-03 12:54:02.196] [info] Executing the analyses from 1.498 to 2.149...
[2022-06-03 12:54:10.901] [info] Printing results of investigation Run_4_cycle2 to ./
