[2022-05-11 20:54:55.698] [info] Storage: read data file = Run_5_cycle2_states.sto (nr=1900 nc=259)
[2022-05-11 20:54:56.187] [info] Storage: read data file = Run_5_cycle2_states.sto (nr=1900 nc=259)
[2022-05-11 20:54:56.675] [info] AbstractTool Run_5_cycle2 loading model Run_5_cycle2_model.osim
[2022-05-11 20:54:56.743] [info] Updating Model file from 20302 to latest format...
[2022-05-11 20:54:56.835] [info] Loaded model modelModified from file Run_5_cycle2_model.osim
[2022-05-11 20:54:56.853] [info] ControllerSet 'Controllers' was renamed and is being reset to 'controllerset'.
[2022-05-11 20:54:56.917] [info] ExternalLoads 'ExternalLoads' was renamed and is being reset to 'externalloads'.
[2022-05-11 20:54:56.968] [info] Old version storage/motion file encountered
[2022-05-11 20:54:56.968] [info] Storage: read data file = Run_5_cycle2_grf.mot (nr=10761 nc=19)
[2022-05-11 20:54:56.968] [info] .. assuming rotations in Degrees..
[2022-05-11 20:54:57.143] [info] ExternalForce::RightFoot_ExternalForce Data source being set to Run_500 04_newCOP3_v24.mot
[2022-05-11 20:54:57.143] [info] ExternalForce::LeftFoot_ExternalForce Data source being set to Run_500 04_newCOP3_v24.mot
[2022-05-11 20:54:57.158] [info] Loading states from file 'Run_5_cycle2_states.sto'.
[2022-05-11 20:54:57.159] [info] Storage: read data file = Run_5_cycle2_states.sto (nr=1900 nc=259)
[2022-05-11 20:54:57.635] [info] Found 1900 state vectors with time stamps ranging from 0.909000 to 1.489.
[2022-05-11 20:54:57.635] [info] Executing the analyses from 0.909000 to 1.489...
[2022-05-11 20:55:04.365] [info] Printing results of investigation Run_5_cycle2 to ./
[2022-06-03 12:48:48.612] [info] Storage: read data file = Run_5_cycle2_states.sto (nr=1900 nc=259)
[2022-06-03 12:48:49.349] [info] Storage: read data file = Run_5_cycle2_states.sto (nr=1900 nc=259)
[2022-06-03 12:48:50.021] [info] AbstractTool Run_5_cycle2 loading model Run_5_cycle2_model.osim
[2022-06-03 12:48:50.109] [info] Updating Model file from 20302 to latest format...
[2022-06-03 12:48:50.213] [info] Loaded model modelModified from file Run_5_cycle2_model.osim
[2022-06-03 12:48:50.240] [info] ControllerSet 'Controllers' was renamed and is being reset to 'controllerset'.
[2022-06-03 12:48:50.324] [info] ExternalLoads 'ExternalLoads' was renamed and is being reset to 'externalloads'.
[2022-06-03 12:48:50.411] [info] Old version storage/motion file encountered
[2022-06-03 12:48:50.411] [info] Storage: read data file = Run_5_cycle2_grf.mot (nr=10761 nc=19)
[2022-06-03 12:48:50.411] [info] .. assuming rotations in Degrees..
[2022-06-03 12:48:50.632] [info] ExternalForce::RightFoot_ExternalForce Data source being set to Run_500 04_newCOP3_v24.mot
[2022-06-03 12:48:50.632] [info] ExternalForce::LeftFoot_ExternalForce Data source being set to Run_500 04_newCOP3_v24.mot
[2022-06-03 12:48:50.659] [info] Loading states from file 'Run_5_cycle2_states.sto'.
[2022-06-03 12:48:50.659] [info] Storage: read data file = Run_5_cycle2_states.sto (nr=1900 nc=259)
[2022-06-03 12:48:51.273] [info] Found 1900 state vectors with time stamps ranging from 0.909000 to 1.489.
[2022-06-03 12:48:51.273] [info] Executing the analyses from 0.909000 to 1.489...
[2022-06-03 12:49:01.687] [info] Printing results of investigation Run_5_cycle2 to ./
