[2022-05-11 20:59:32.539] [info] Storage: read data file = Run_5_cycle2_states.sto (nr=2732 nc=259)
[2022-05-11 20:59:33.224] [info] Storage: read data file = Run_5_cycle2_states.sto (nr=2732 nc=259)
[2022-05-11 20:59:33.884] [info] AbstractTool Run_5_cycle2 loading model Run_5_cycle2_model.osim
[2022-05-11 20:59:33.962] [info] Updating Model file from 20302 to latest format...
[2022-05-11 20:59:34.048] [info] Loaded model modelModified from file Run_5_cycle2_model.osim
[2022-05-11 20:59:34.570] [info] ControllerSet 'Controllers' was renamed and is being reset to 'controllerset'.
[2022-05-11 20:59:34.630] [info] ExternalLoads 'ExternalLoads' was renamed and is being reset to 'externalloads'.
[2022-05-11 20:59:34.680] [info] Old version storage/motion file encountered
[2022-05-11 20:59:34.680] [info] Storage: read data file = Run_5_cycle2_grf.mot (nr=4513 nc=19)
[2022-05-11 20:59:34.680] [info] .. assuming rotations in Degrees..
[2022-05-11 20:59:34.743] [info] ExternalForce::RightFoot_ExternalForce Data source being set to Run_500 01_newCOP3_v24.mot
[2022-05-11 20:59:34.743] [info] ExternalForce::LeftFoot_ExternalForce Data source being set to Run_500 01_newCOP3_v24.mot
[2022-05-11 20:59:34.752] [info] Loading states from file 'Run_5_cycle2_states.sto'.
[2022-05-11 20:59:34.753] [info] Storage: read data file = Run_5_cycle2_states.sto (nr=2732 nc=259)
[2022-05-11 20:59:35.380] [info] Found 2732 state vectors with time stamps ranging from 0.95188 to 1.55988.
[2022-05-11 20:59:35.380] [info] Executing the analyses from 0.95188 to 1.55988...
[2022-05-11 20:59:43.464] [info] Printing results of investigation Run_5_cycle2 to ./
[2022-06-03 13:00:21.412] [info] Storage: read data file = Run_5_cycle2_states.sto (nr=2732 nc=259)
[2022-06-03 13:00:22.145] [info] Storage: read data file = Run_5_cycle2_states.sto (nr=2732 nc=259)
[2022-06-03 13:00:22.903] [info] AbstractTool Run_5_cycle2 loading model Run_5_cycle2_model.osim
[2022-06-03 13:00:22.992] [info] Updating Model file from 20302 to latest format...
[2022-06-03 13:00:23.097] [info] Loaded model modelModified from file Run_5_cycle2_model.osim
[2022-06-03 13:00:23.799] [info] ControllerSet 'Controllers' was renamed and is being reset to 'controllerset'.
[2022-06-03 13:00:23.883] [info] ExternalLoads 'ExternalLoads' was renamed and is being reset to 'externalloads'.
[2022-06-03 13:00:23.947] [info] Old version storage/motion file encountered
[2022-06-03 13:00:23.947] [info] Storage: read data file = Run_5_cycle2_grf.mot (nr=4513 nc=19)
[2022-06-03 13:00:23.947] [info] .. assuming rotations in Degrees..
[2022-06-03 13:00:24.020] [info] ExternalForce::RightFoot_ExternalForce Data source being set to Run_500 01_newCOP3_v24.mot
[2022-06-03 13:00:24.020] [info] ExternalForce::LeftFoot_ExternalForce Data source being set to Run_500 01_newCOP3_v24.mot
[2022-06-03 13:00:24.031] [info] Loading states from file 'Run_5_cycle2_states.sto'.
[2022-06-03 13:00:24.032] [info] Storage: read data file = Run_5_cycle2_states.sto (nr=2732 nc=259)
[2022-06-03 13:00:24.747] [info] Found 2732 state vectors with time stamps ranging from 0.95188 to 1.55988.
[2022-06-03 13:00:24.747] [info] Executing the analyses from 0.95188 to 1.55988...
[2022-06-03 13:00:34.093] [info] Printing results of investigation Run_5_cycle2 to ./
