[2022-05-11 20:58:16.585] [info] Storage: read data file = Run_5_cycle2_states.sto (nr=1927 nc=259)
[2022-05-11 20:58:17.017] [info] Storage: read data file = Run_5_cycle2_states.sto (nr=1927 nc=259)
[2022-05-11 20:58:17.451] [info] AbstractTool Run_5_cycle2 loading model Run_5_cycle2_model.osim
[2022-05-11 20:58:17.516] [info] Updating Model file from 20302 to latest format...
[2022-05-11 20:58:17.597] [info] Loaded model modelModified from file Run_5_cycle2_model.osim
[2022-05-11 20:58:17.613] [info] ControllerSet 'Controllers' was renamed and is being reset to 'controllerset'.
[2022-05-11 20:58:17.672] [info] ExternalLoads 'ExternalLoads' was renamed and is being reset to 'externalloads'.
[2022-05-11 20:58:17.723] [info] Old version storage/motion file encountered
[2022-05-11 20:58:17.723] [info] Storage: read data file = Run_5_cycle2_grf.mot (nr=4981 nc=19)
[2022-05-11 20:58:17.723] [info] .. assuming rotations in Degrees..
[2022-05-11 20:58:17.796] [info] ExternalForce::RightFoot_ExternalForce Data source being set to Run_500 02_newCOP3_v24.mot
[2022-05-11 20:58:17.796] [info] ExternalForce::LeftFoot_ExternalForce Data source being set to Run_500 02_newCOP3_v24.mot
[2022-05-11 20:58:17.805] [info] Loading states from file 'Run_5_cycle2_states.sto'.
[2022-05-11 20:58:17.806] [info] Storage: read data file = Run_5_cycle2_states.sto (nr=1927 nc=259)
[2022-05-11 20:58:18.232] [info] Found 1927 state vectors with time stamps ranging from 0.721 to 1.237.
[2022-05-11 20:58:18.232] [info] Executing the analyses from 0.721 to 1.237...
[2022-05-11 20:58:23.300] [info] Printing results of investigation Run_5_cycle2 to ./
[2022-06-03 12:57:35.114] [info] Storage: read data file = Run_5_cycle2_states.sto (nr=1927 nc=259)
[2022-06-03 12:57:35.630] [info] Storage: read data file = Run_5_cycle2_states.sto (nr=1927 nc=259)
[2022-06-03 12:57:36.345] [info] AbstractTool Run_5_cycle2 loading model Run_5_cycle2_model.osim
[2022-06-03 12:57:36.459] [info] Updating Model file from 20302 to latest format...
[2022-06-03 12:57:36.608] [info] Loaded model modelModified from file Run_5_cycle2_model.osim
[2022-06-03 12:57:36.638] [info] ControllerSet 'Controllers' was renamed and is being reset to 'controllerset'.
[2022-06-03 12:57:36.746] [info] ExternalLoads 'ExternalLoads' was renamed and is being reset to 'externalloads'.
[2022-06-03 12:57:36.835] [info] Old version storage/motion file encountered
[2022-06-03 12:57:36.835] [info] Storage: read data file = Run_5_cycle2_grf.mot (nr=4981 nc=19)
[2022-06-03 12:57:36.835] [info] .. assuming rotations in Degrees..
[2022-06-03 12:57:36.956] [info] ExternalForce::RightFoot_ExternalForce Data source being set to Run_500 02_newCOP3_v24.mot
[2022-06-03 12:57:36.956] [info] ExternalForce::LeftFoot_ExternalForce Data source being set to Run_500 02_newCOP3_v24.mot
[2022-06-03 12:57:36.969] [info] Loading states from file 'Run_5_cycle2_states.sto'.
[2022-06-03 12:57:36.970] [info] Storage: read data file = Run_5_cycle2_states.sto (nr=1927 nc=259)
[2022-06-03 12:57:37.741] [info] Found 1927 state vectors with time stamps ranging from 0.721 to 1.237.
[2022-06-03 12:57:37.742] [info] Executing the analyses from 0.721 to 1.237...
[2022-06-03 12:57:43.998] [info] Printing results of investigation Run_5_cycle2 to ./
