[2022-05-11 20:56:14.332] [info] Storage: read data file = Run_3_cycle1_states.sto (nr=1680 nc=259)
[2022-05-11 20:56:14.671] [info] Storage: read data file = Run_3_cycle1_states.sto (nr=1680 nc=259)
[2022-05-11 20:56:15.012] [info] AbstractTool Run_3_cycle1 loading model Run_3_cycle1_model.osim
[2022-05-11 20:56:15.050] [info] Updating Model file from 20302 to latest format...
[2022-05-11 20:56:15.124] [info] Loaded model modelModified from file Run_3_cycle1_model.osim
[2022-05-11 20:56:15.140] [info] ControllerSet 'Controllers' was renamed and is being reset to 'controllerset'.
[2022-05-11 20:56:15.192] [info] ExternalLoads 'ExternalLoads' was renamed and is being reset to 'externalloads'.
[2022-05-11 20:56:15.239] [info] Old version storage/motion file encountered
[2022-05-11 20:56:15.239] [info] Storage: read data file = Run_3_cycle1_grf.mot (nr=5821 nc=19)
[2022-05-11 20:56:15.239] [info] .. assuming rotations in Degrees..
[2022-05-11 20:56:15.318] [info] ExternalForce::RightFoot_ExternalForce Data source being set to Run_300 02_newCOP3_v24.mot
[2022-05-11 20:56:15.318] [info] ExternalForce::LeftFoot_ExternalForce Data source being set to Run_300 02_newCOP3_v24.mot
[2022-05-11 20:56:15.327] [info] Loading states from file 'Run_3_cycle1_states.sto'.
[2022-05-11 20:56:15.327] [info] Storage: read data file = Run_3_cycle1_states.sto (nr=1680 nc=259)
[2022-05-11 20:56:15.690] [info] Found 1680 state vectors with time stamps ranging from 0.457 to 1.142.
[2022-05-11 20:56:15.690] [info] Executing the analyses from 0.457 to 1.142...
[2022-05-11 20:56:20.068] [info] Printing results of investigation Run_3_cycle1 to ./
[2022-06-03 12:52:52.030] [info] Storage: read data file = Run_3_cycle1_states.sto (nr=1680 nc=259)
[2022-06-03 12:52:52.611] [info] Storage: read data file = Run_3_cycle1_states.sto (nr=1680 nc=259)
[2022-06-03 12:52:53.168] [info] AbstractTool Run_3_cycle1 loading model Run_3_cycle1_model.osim
[2022-06-03 12:52:53.253] [info] Updating Model file from 20302 to latest format...
[2022-06-03 12:52:53.350] [info] Loaded model modelModified from file Run_3_cycle1_model.osim
[2022-06-03 12:52:53.384] [info] ControllerSet 'Controllers' was renamed and is being reset to 'controllerset'.
[2022-06-03 12:52:53.472] [info] ExternalLoads 'ExternalLoads' was renamed and is being reset to 'externalloads'.
[2022-06-03 12:52:53.667] [info] Old version storage/motion file encountered
[2022-06-03 12:52:53.667] [info] Storage: read data file = Run_3_cycle1_grf.mot (nr=5821 nc=19)
[2022-06-03 12:52:53.667] [info] .. assuming rotations in Degrees..
[2022-06-03 12:52:53.775] [info] ExternalForce::RightFoot_ExternalForce Data source being set to Run_300 02_newCOP3_v24.mot
[2022-06-03 12:52:53.775] [info] ExternalForce::LeftFoot_ExternalForce Data source being set to Run_300 02_newCOP3_v24.mot
[2022-06-03 12:52:53.786] [info] Loading states from file 'Run_3_cycle1_states.sto'.
[2022-06-03 12:52:53.786] [info] Storage: read data file = Run_3_cycle1_states.sto (nr=1680 nc=259)
[2022-06-03 12:52:54.297] [info] Found 1680 state vectors with time stamps ranging from 0.457 to 1.142.
[2022-06-03 12:52:54.298] [info] Executing the analyses from 0.457 to 1.142...
[2022-06-03 12:53:01.290] [info] Printing results of investigation Run_3_cycle1 to ./
