[2022-05-11 15:01:09.404] [info] Updating Model file from 20302 to latest format...
[2022-05-11 15:01:09.486] [info] Loaded model modelModified from file C:\+GitRepos+\tibial-geometry-loading\HamnerDelp2013-RunningData\Data\subject02\Run_3\cycle1\Run_3_cycle1_model.osim
[2022-05-11 15:01:09.506] [info] ControllerSet 'Controllers' was renamed and is being reset to 'controllerset'.
[2022-05-11 15:01:19.827] [info] Storage: read data file = C:\+GitRepos+\tibial-geometry-loading\HamnerDelp2013-RunningData\Data\subject02\Run_3\cycle1\Run_3_cycle1_kinematics.sto (nr=700 nc=38)
[2022-05-11 15:01:27.005] [info] Old version storage/motion file encountered
[2022-05-11 15:01:27.005] [info] Storage: read data file = C:\+GitRepos+\tibial-geometry-loading\HamnerDelp2013-RunningData\Data\subject02\Run_3\cycle1\Run_3_cycle1_grf.mot (nr=4801 nc=19)
[2022-05-11 15:01:27.005] [info] .. assuming rotations in Degrees..
[2022-05-11 15:02:20.504] [info] Loading states from file 'C:\+GitRepos+\tibial-geometry-loading\HamnerDelp2013-RunningData\Data\subject02\Run_3\cycle1\Run_3_cycle1_states.sto'.
[2022-05-11 15:02:20.518] [info] Storage: read data file = C:\+GitRepos+\tibial-geometry-loading\HamnerDelp2013-RunningData\Data\subject02\Run_3\cycle1\Run_3_cycle1_states.sto (nr=1877 nc=259)
[2022-05-11 15:02:20.853] [info] Found 1877 state vectors with time stamps ranging from 1.1623 to 1.8613.
[2022-05-11 15:02:20.924] [info] ExternalLoads 'ExternalLoads' was renamed and is being reset to 'externalloads'.
[2022-05-11 15:02:20.971] [info] Old version storage/motion file encountered
[2022-05-11 15:02:20.971] [info] Storage: read data file = Run_3_cycle1_grf.mot (nr=4801 nc=19)
[2022-05-11 15:02:20.971] [info] .. assuming rotations in Degrees..
[2022-05-11 15:02:21.023] [info] ExternalForce::RightFoot_ExternalForce Data source being set to Run_300 02_newCOP3_v24.mot
[2022-05-11 15:02:21.024] [info] ExternalForce::LeftFoot_ExternalForce Data source being set to Run_300 02_newCOP3_v24.mot
[2022-05-11 15:02:21.031] [info] Executing the analyses from 1.1623 to 1.8613...
[2022-05-11 15:02:26.285] [info] Printing results of investigation modelModified to C:\+GitRepos+\tibial-geometry-loading\HamnerDelp2013-RunningData\Data\subject02\Run_3\cycle1
[2022-05-11 15:08:00.225] [info] Updating Model file from 20302 to latest format...
[2022-05-11 15:08:00.309] [info] Loaded model modelModified from file C:\+GitRepos+\tibial-geometry-loading\HamnerDelp2013-RunningData\Data\subject02\Run_5\cycle2\Run_5_cycle2_model.osim
[2022-05-11 15:08:00.327] [info] ControllerSet 'Controllers' was renamed and is being reset to 'controllerset'.
[2022-05-11 15:08:07.809] [info] Storage: read data file = C:\+GitRepos+\tibial-geometry-loading\HamnerDelp2013-RunningData\Data\subject02\Run_5\cycle2\Run_5_cycle2_kinematics.sto (nr=606 nc=38)
[2022-05-11 15:08:17.982] [info] Old version storage/motion file encountered
[2022-05-11 15:08:17.982] [info] Storage: read data file = C:\+GitRepos+\tibial-geometry-loading\HamnerDelp2013-RunningData\Data\subject02\Run_5\cycle2\Run_5_cycle2_grf.mot (nr=3593 nc=19)
[2022-05-11 15:08:17.982] [info] .. assuming rotations in Degrees..
[2022-05-11 15:09:05.795] [info] Loading states from file 'C:\+GitRepos+\tibial-geometry-loading\HamnerDelp2013-RunningData\Data\subject02\Run_5\cycle2\Run_5_cycle2_states.sto'.
[2022-05-11 15:09:05.801] [info] Storage: read data file = C:\+GitRepos+\tibial-geometry-loading\HamnerDelp2013-RunningData\Data\subject02\Run_5\cycle2\Run_5_cycle2_states.sto (nr=2305 nc=259)
[2022-05-11 15:09:06.230] [info] Found 2305 state vectors with time stamps ranging from 0.84563 to 1.45063.
[2022-05-11 15:09:06.308] [info] ExternalLoads 'ExternalLoads' was renamed and is being reset to 'externalloads'.
[2022-05-11 15:09:06.358] [info] Old version storage/motion file encountered
[2022-05-11 15:09:06.358] [info] Storage: read data file = Run_5_cycle2_grf.mot (nr=3593 nc=19)
[2022-05-11 15:09:06.358] [info] .. assuming rotations in Degrees..
[2022-05-11 15:09:06.402] [info] ExternalForce::RightFoot_ExternalForce Data source being set to Run_500 02_newCOP3_v24.mot
[2022-05-11 15:09:06.402] [info] ExternalForce::LeftFoot_ExternalForce Data source being set to Run_500 02_newCOP3_v24.mot
[2022-05-11 15:09:06.413] [info] Executing the analyses from 0.84563 to 1.45063...
[2022-05-11 15:09:13.034] [info] Printing results of investigation modelModified to C:\+GitRepos+\tibial-geometry-loading\HamnerDelp2013-RunningData\Data\subject02\Run_5\cycle2
