[2022-05-11 20:51:04.567] [info] Storage: read data file = Run_5_cycle2_states.sto (nr=1914 nc=259)
[2022-05-11 20:51:05.099] [info] Storage: read data file = Run_5_cycle2_states.sto (nr=1914 nc=259)
[2022-05-11 20:51:05.589] [info] AbstractTool Run_5_cycle2 loading model Run_5_cycle2_model.osim
[2022-05-11 20:51:05.668] [info] Updating Model file from 20302 to latest format...
[2022-05-11 20:51:05.765] [info] Loaded model modelModified from file Run_5_cycle2_model.osim
[2022-05-11 20:51:05.784] [info] ControllerSet 'Controllers' was renamed and is being reset to 'controllerset'.
[2022-05-11 20:51:05.863] [info] ExternalLoads 'ExternalLoads' was renamed and is being reset to 'externalloads'.
[2022-05-11 20:51:05.922] [info] Old version storage/motion file encountered
[2022-05-11 20:51:05.922] [info] Storage: read data file = Run_5_cycle2_grf.mot (nr=3921 nc=19)
[2022-05-11 20:51:05.922] [info] .. assuming rotations in Degrees..
[2022-05-11 20:51:05.999] [info] ExternalForce::RightFoot_ExternalForce Data source being set to Run_500 02_newCOP3_v24.mot
[2022-05-11 20:51:05.999] [info] ExternalForce::LeftFoot_ExternalForce Data source being set to Run_500 02_newCOP3_v24.mot
[2022-05-11 20:51:06.010] [info] Loading states from file 'Run_5_cycle2_states.sto'.
[2022-05-11 20:51:06.010] [info] Storage: read data file = Run_5_cycle2_states.sto (nr=1914 nc=259)
[2022-05-11 20:51:06.538] [info] Found 1914 state vectors with time stamps ranging from 1.173 to 1.766.
[2022-05-11 20:51:06.538] [info] Executing the analyses from 1.173 to 1.766...
[2022-05-11 20:51:13.419] [info] Printing results of investigation Run_5_cycle2 to ./
[2022-06-03 12:40:22.959] [info] Storage: read data file = Run_5_cycle2_states.sto (nr=1914 nc=259)
[2022-06-03 12:40:23.395] [info] Storage: read data file = Run_5_cycle2_states.sto (nr=1914 nc=259)
[2022-06-03 12:40:23.839] [info] AbstractTool Run_5_cycle2 loading model Run_5_cycle2_model.osim
[2022-06-03 12:40:23.910] [info] Updating Model file from 20302 to latest format...
[2022-06-03 12:40:23.994] [info] Loaded model modelModified from file Run_5_cycle2_model.osim
[2022-06-03 12:40:24.016] [info] ControllerSet 'Controllers' was renamed and is being reset to 'controllerset'.
[2022-06-03 12:40:24.088] [info] ExternalLoads 'ExternalLoads' was renamed and is being reset to 'externalloads'.
[2022-06-03 12:40:24.150] [info] Old version storage/motion file encountered
[2022-06-03 12:40:24.150] [info] Storage: read data file = Run_5_cycle2_grf.mot (nr=3921 nc=19)
[2022-06-03 12:40:24.150] [info] .. assuming rotations in Degrees..
[2022-06-03 12:40:24.209] [info] ExternalForce::RightFoot_ExternalForce Data source being set to Run_500 02_newCOP3_v24.mot
[2022-06-03 12:40:24.209] [info] ExternalForce::LeftFoot_ExternalForce Data source being set to Run_500 02_newCOP3_v24.mot
[2022-06-03 12:40:24.217] [info] Loading states from file 'Run_5_cycle2_states.sto'.
[2022-06-03 12:40:24.218] [info] Storage: read data file = Run_5_cycle2_states.sto (nr=1914 nc=259)
[2022-06-03 12:40:24.663] [info] Found 1914 state vectors with time stamps ranging from 1.173 to 1.766.
[2022-06-03 12:40:24.663] [info] Executing the analyses from 1.173 to 1.766...
[2022-06-03 12:40:29.810] [info] Printing results of investigation Run_5_cycle2 to ./
